{"total": {"lines":{"total":5098,"covered":558,"skipped":0,"pct":10.94},"statements":{"total":5274,"covered":565,"skipped":0,"pct":10.71},"functions":{"total":922,"covered":80,"skipped":0,"pct":8.67},"branches":{"total":1864,"covered":185,"skipped":0,"pct":9.92},"branchesTrue":{"total":0,"covered":0,"skipped":0,"pct":100}}
,"C:/Code/mobilepixel/src/context-switcher.ts": {"lines":{"total":97,"covered":0,"skipped":0,"pct":0},"functions":{"total":25,"covered":0,"skipped":0,"pct":0},"statements":{"total":100,"covered":0,"skipped":0,"pct":0},"branches":{"total":42,"covered":0,"skipped":0,"pct":0}}
,"C:/Code/mobilepixel/src/device-pool.ts": {"lines":{"total":57,"covered":0,"skipped":0,"pct":0},"functions":{"total":20,"covered":0,"skipped":0,"pct":0},"statements":{"total":62,"covered":0,"skipped":0,"pct":0},"branches":{"total":19,"covered":0,"skipped":0,"pct":0}}
,"C:/Code/mobilepixel/src/index.ts": {"lines":{"total":36,"covered":0,"skipped":0,"pct":0},"functions":{"total":6,"covered":0,"skipped":0,"pct":0},"statements":{"total":36,"covered":0,"skipped":0,"pct":0},"branches":{"total":4,"covered":0,"skipped":0,"pct":0}}
,"C:/Code/mobilepixel/src/parallel-executor.ts": {"lines":{"total":66,"covered":0,"skipped":0,"pct":0},"functions":{"total":15,"covered":0,"skipped":0,"pct":0},"statements":{"total":71,"covered":0,"skipped":0,"pct":0},"branches":{"total":12,"covered":0,"skipped":0,"pct":0}}
,"C:/Code/mobilepixel/src/server.ts": {"lines":{"total":149,"covered":0,"skipped":0,"pct":0},"functions":{"total":21,"covered":0,"skipped":0,"pct":0},"statements":{"total":156,"covered":0,"skipped":0,"pct":0},"branches":{"total":24,"covered":0,"skipped":0,"pct":0}}
,"C:/Code/mobilepixel/src/test-sharding.ts": {"lines":{"total":52,"covered":0,"skipped":0,"pct":0},"functions":{"total":6,"covered":0,"skipped":0,"pct":0},"statements":{"total":55,"covered":0,"skipped":0,"pct":0},"branches":{"total":33,"covered":0,"skipped":0,"pct":0}}
,"C:/Code/mobilepixel/src/accessibility/accessibility-checker.ts": {"lines":{"total":95,"covered":0,"skipped":0,"pct":0},"functions":{"total":15,"covered":0,"skipped":0,"pct":0},"statements":{"total":101,"covered":0,"skipped":0,"pct":0},"branches":{"total":32,"covered":0,"skipped":0,"pct":0}}
,"C:/Code/mobilepixel/src/actions/w3c-actions.ts": {"lines":{"total":65,"covered":0,"skipped":0,"pct":0},"functions":{"total":13,"covered":0,"skipped":0,"pct":0},"statements":{"total":66,"covered":0,"skipped":0,"pct":0},"branches":{"total":41,"covered":0,"skipped":0,"pct":0}}
,"C:/Code/mobilepixel/src/ai/ai-cache.ts": {"lines":{"total":65,"covered":65,"skipped":0,"pct":100},"functions":{"total":11,"covered":11,"skipped":0,"pct":100},"statements":{"total":65,"covered":65,"skipped":0,"pct":100},"branches":{"total":15,"covered":15,"skipped":0,"pct":100}}
,"C:/Code/mobilepixel/src/ai/ai-element-finder.ts": {"lines":{"total":236,"covered":110,"skipped":0,"pct":46.61},"functions":{"total":16,"covered":7,"skipped":0,"pct":43.75},"statements":{"total":238,"covered":110,"skipped":0,"pct":46.21},"branches":{"total":136,"covered":44,"skipped":0,"pct":32.35}}
,"C:/Code/mobilepixel/src/ai/hybrid-element-finder.ts": {"lines":{"total":165,"covered":144,"skipped":0,"pct":87.27},"functions":{"total":13,"covered":13,"skipped":0,"pct":100},"statements":{"total":167,"covered":146,"skipped":0,"pct":87.42},"branches":{"total":78,"covered":62,"skipped":0,"pct":79.48}}
,"C:/Code/mobilepixel/src/core/config.ts": {"lines":{"total":3,"covered":3,"skipped":0,"pct":100},"functions":{"total":0,"covered":0,"skipped":0,"pct":100},"statements":{"total":3,"covered":3,"skipped":0,"pct":100},"branches":{"total":0,"covered":0,"skipped":0,"pct":100}}
,"C:/Code/mobilepixel/src/core/logger.ts": {"lines":{"total":13,"covered":7,"skipped":0,"pct":53.84},"functions":{"total":3,"covered":2,"skipped":0,"pct":66.66},"statements":{"total":15,"covered":9,"skipped":0,"pct":60},"branches":{"total":1,"covered":0,"skipped":0,"pct":0}}
,"C:/Code/mobilepixel/src/core/robot.ts": {"lines":{"total":2,"covered":1,"skipped":0,"pct":50},"functions":{"total":1,"covered":0,"skipped":0,"pct":0},"statements":{"total":2,"covered":1,"skipped":0,"pct":50},"branches":{"total":0,"covered":0,"skipped":0,"pct":100}}
,"C:/Code/mobilepixel/src/device/device-conditions.ts": {"lines":{"total":60,"covered":0,"skipped":0,"pct":0},"functions":{"total":8,"covered":0,"skipped":0,"pct":0},"statements":{"total":60,"covered":0,"skipped":0,"pct":0},"branches":{"total":32,"covered":0,"skipped":0,"pct":0}}
,"C:/Code/mobilepixel/src/device/device-lock-manager.ts": {"lines":{"total":69,"covered":0,"skipped":0,"pct":0},"functions":{"total":20,"covered":0,"skipped":0,"pct":0},"statements":{"total":70,"covered":0,"skipped":0,"pct":0},"branches":{"total":18,"covered":0,"skipped":0,"pct":0}}
,"C:/Code/mobilepixel/src/device/session-manager.ts": {"lines":{"total":57,"covered":3,"skipped":0,"pct":5.26},"functions":{"total":9,"covered":0,"skipped":0,"pct":0},"statements":{"total":58,"covered":3,"skipped":0,"pct":5.17},"branches":{"total":15,"covered":0,"skipped":0,"pct":0}}
,"C:/Code/mobilepixel/src/monitoring/network-monitor.ts": {"lines":{"total":47,"covered":0,"skipped":0,"pct":0},"functions":{"total":18,"covered":0,"skipped":0,"pct":0},"statements":{"total":48,"covered":0,"skipped":0,"pct":0},"branches":{"total":41,"covered":0,"skipped":0,"pct":0}}
,"C:/Code/mobilepixel/src/monitoring/performance-monitor.ts": {"lines":{"total":72,"covered":0,"skipped":0,"pct":0},"functions":{"total":14,"covered":0,"skipped":0,"pct":0},"statements":{"total":72,"covered":0,"skipped":0,"pct":0},"branches":{"total":11,"covered":0,"skipped":0,"pct":0}}
,"C:/Code/mobilepixel/src/monitoring/trace-recorder.ts": {"lines":{"total":77,"covered":10,"skipped":0,"pct":12.98},"functions":{"total":22,"covered":1,"skipped":0,"pct":4.54},"statements":{"total":88,"covered":10,"skipped":0,"pct":11.36},"branches":{"total":42,"covered":17,"skipped":0,"pct":40.47}}
,"C:/Code/mobilepixel/src/monitoring/video-recorder.ts": {"lines":{"total":95,"covered":0,"skipped":0,"pct":0},"functions":{"total":13,"covered":0,"skipped":0,"pct":0},"statements":{"total":97,"covered":0,"skipped":0,"pct":0},"branches":{"total":27,"covered":0,"skipped":0,"pct":0}}
,"C:/Code/mobilepixel/src/operations/auto-retry.ts": {"lines":{"total":67,"covered":0,"skipped":0,"pct":0},"functions":{"total":7,"covered":0,"skipped":0,"pct":0},"statements":{"total":68,"covered":0,"skipped":0,"pct":0},"branches":{"total":17,"covered":0,"skipped":0,"pct":0}}
,"C:/Code/mobilepixel/src/operations/batch-operations.ts": {"lines":{"total":89,"covered":0,"skipped":0,"pct":0},"functions":{"total":8,"covered":0,"skipped":0,"pct":0},"statements":{"total":95,"covered":0,"skipped":0,"pct":0},"branches":{"total":47,"covered":0,"skipped":0,"pct":0}}
,"C:/Code/mobilepixel/src/operations/enhanced-loading-detector.ts": {"lines":{"total":177,"covered":0,"skipped":0,"pct":0},"functions":{"total":19,"covered":0,"skipped":0,"pct":0},"statements":{"total":180,"covered":0,"skipped":0,"pct":0},"branches":{"total":76,"covered":0,"skipped":0,"pct":0}}
,"C:/Code/mobilepixel/src/operations/loading-detector.ts": {"lines":{"total":71,"covered":0,"skipped":0,"pct":0},"functions":{"total":6,"covered":0,"skipped":0,"pct":0},"statements":{"total":74,"covered":0,"skipped":0,"pct":0},"branches":{"total":29,"covered":0,"skipped":0,"pct":0}}
,"C:/Code/mobilepixel/src/operations/robot-retry-helper.ts": {"lines":{"total":55,"covered":0,"skipped":0,"pct":0},"functions":{"total":5,"covered":0,"skipped":0,"pct":0},"statements":{"total":59,"covered":0,"skipped":0,"pct":0},"branches":{"total":25,"covered":0,"skipped":0,"pct":0}}
,"C:/Code/mobilepixel/src/platforms/android.ts": {"lines":{"total":449,"covered":26,"skipped":0,"pct":5.79},"functions":{"total":92,"covered":6,"skipped":0,"pct":6.52},"statements":{"total":459,"covered":26,"skipped":0,"pct":5.66},"branches":{"total":156,"covered":1,"skipped":0,"pct":0.64}}
,"C:/Code/mobilepixel/src/platforms/ios.ts": {"lines":{"total":169,"covered":25,"skipped":0,"pct":14.79},"functions":{"total":52,"covered":4,"skipped":0,"pct":7.69},"statements":{"total":172,"covered":25,"skipped":0,"pct":14.53},"branches":{"total":40,"covered":1,"skipped":0,"pct":2.5}}
,"C:/Code/mobilepixel/src/platforms/iphone-simulator.ts": {"lines":{"total":149,"covered":0,"skipped":0,"pct":0},"functions":{"total":41,"covered":0,"skipped":0,"pct":0},"statements":{"total":154,"covered":0,"skipped":0,"pct":0},"branches":{"total":31,"covered":0,"skipped":0,"pct":0}}
,"C:/Code/mobilepixel/src/platforms/webdriver-agent.ts": {"lines":{"total":122,"covered":4,"skipped":0,"pct":3.27},"functions":{"total":19,"covered":0,"skipped":0,"pct":0},"statements":{"total":123,"covered":4,"skipped":0,"pct":3.25},"branches":{"total":32,"covered":0,"skipped":0,"pct":0}}
,"C:/Code/mobilepixel/src/platforms/common/wait-conditions.ts": {"lines":{"total":50,"covered":7,"skipped":0,"pct":14},"functions":{"total":7,"covered":0,"skipped":0,"pct":0},"statements":{"total":52,"covered":7,"skipped":0,"pct":13.46},"branches":{"total":25,"covered":0,"skipped":0,"pct":0}}
,"C:/Code/mobilepixel/src/reporting/bug-report-generator.ts": {"lines":{"total":106,"covered":0,"skipped":0,"pct":0},"functions":{"total":10,"covered":0,"skipped":0,"pct":0},"statements":{"total":106,"covered":0,"skipped":0,"pct":0},"branches":{"total":36,"covered":0,"skipped":0,"pct":0}}
,"C:/Code/mobilepixel/src/reporting/ci-cd-reporter.ts": {"lines":{"total":140,"covered":0,"skipped":0,"pct":0},"functions":{"total":17,"covered":0,"skipped":0,"pct":0},"statements":{"total":149,"covered":0,"skipped":0,"pct":0},"branches":{"total":50,"covered":0,"skipped":0,"pct":0}}
,"C:/Code/mobilepixel/src/security/credential-manager.ts": {"lines":{"total":79,"covered":0,"skipped":0,"pct":0},"functions":{"total":21,"covered":0,"skipped":0,"pct":0},"statements":{"total":81,"covered":0,"skipped":0,"pct":0},"branches":{"total":24,"covered":0,"skipped":0,"pct":0}}
,"C:/Code/mobilepixel/src/security/input-sanitizer.ts": {"lines":{"total":104,"covered":10,"skipped":0,"pct":9.61},"functions":{"total":10,"covered":0,"skipped":0,"pct":0},"statements":{"total":104,"covered":10,"skipped":0,"pct":9.61},"branches":{"total":42,"covered":0,"skipped":0,"pct":0}}
,"C:/Code/mobilepixel/src/server/tools/ai-tools.ts": {"lines":{"total":109,"covered":0,"skipped":0,"pct":0},"functions":{"total":12,"covered":0,"skipped":0,"pct":0},"statements":{"total":110,"covered":0,"skipped":0,"pct":0},"branches":{"total":44,"covered":0,"skipped":0,"pct":0}}
,"C:/Code/mobilepixel/src/server/tools/composite-tools.ts": {"lines":{"total":135,"covered":0,"skipped":0,"pct":0},"functions":{"total":14,"covered":0,"skipped":0,"pct":0},"statements":{"total":144,"covered":0,"skipped":0,"pct":0},"branches":{"total":27,"covered":0,"skipped":0,"pct":0}}
,"C:/Code/mobilepixel/src/server/tools/core-tools.ts": {"lines":{"total":146,"covered":0,"skipped":0,"pct":0},"functions":{"total":28,"covered":0,"skipped":0,"pct":0},"statements":{"total":154,"covered":0,"skipped":0,"pct":0},"branches":{"total":38,"covered":0,"skipped":0,"pct":0}}
,"C:/Code/mobilepixel/src/server/tools/index.ts": {"lines":{"total":4,"covered":0,"skipped":0,"pct":0},"functions":{"total":4,"covered":0,"skipped":0,"pct":0},"statements":{"total":8,"covered":0,"skipped":0,"pct":0},"branches":{"total":0,"covered":0,"skipped":0,"pct":100}}
,"C:/Code/mobilepixel/src/server/tools/types.ts": {"lines":{"total":8,"covered":0,"skipped":0,"pct":0},"functions":{"total":3,"covered":0,"skipped":0,"pct":0},"statements":{"total":11,"covered":0,"skipped":0,"pct":0},"branches":{"total":2,"covered":0,"skipped":0,"pct":0}}
,"C:/Code/mobilepixel/src/server/tools/visual-tools.ts": {"lines":{"total":36,"covered":0,"skipped":0,"pct":0},"functions":{"total":6,"covered":0,"skipped":0,"pct":0},"statements":{"total":37,"covered":0,"skipped":0,"pct":0},"branches":{"total":28,"covered":0,"skipped":0,"pct":0}}
,"C:/Code/mobilepixel/src/testing/assertions.ts": {"lines":{"total":57,"covered":0,"skipped":0,"pct":0},"functions":{"total":13,"covered":0,"skipped":0,"pct":0},"statements":{"total":62,"covered":0,"skipped":0,"pct":0},"branches":{"total":25,"covered":0,"skipped":0,"pct":0}}
,"C:/Code/mobilepixel/src/testing/code-generator.ts": {"lines":{"total":56,"covered":0,"skipped":0,"pct":0},"functions":{"total":11,"covered":0,"skipped":0,"pct":0},"statements":{"total":56,"covered":0,"skipped":0,"pct":0},"branches":{"total":32,"covered":0,"skipped":0,"pct":0}}
,"C:/Code/mobilepixel/src/testing/metrics-collector.ts": {"lines":{"total":104,"covered":0,"skipped":0,"pct":0},"functions":{"total":29,"covered":0,"skipped":0,"pct":0},"statements":{"total":116,"covered":0,"skipped":0,"pct":0},"branches":{"total":29,"covered":0,"skipped":0,"pct":0}}
,"C:/Code/mobilepixel/src/testing/self-healing-finder.ts": {"lines":{"total":159,"covered":0,"skipped":0,"pct":0},"functions":{"total":23,"covered":0,"skipped":0,"pct":0},"statements":{"total":166,"covered":0,"skipped":0,"pct":0},"branches":{"total":71,"covered":0,"skipped":0,"pct":0}}
,"C:/Code/mobilepixel/src/testing/test-context.ts": {"lines":{"total":29,"covered":28,"skipped":0,"pct":96.55},"functions":{"total":13,"covered":13,"skipped":0,"pct":100},"statements":{"total":30,"covered":29,"skipped":0,"pct":96.66},"branches":{"total":9,"covered":8,"skipped":0,"pct":88.88}}
,"C:/Code/mobilepixel/src/testing/test-data-generator.ts": {"lines":{"total":114,"covered":0,"skipped":0,"pct":0},"functions":{"total":20,"covered":0,"skipped":0,"pct":0},"statements":{"total":119,"covered":0,"skipped":0,"pct":0},"branches":{"total":32,"covered":0,"skipped":0,"pct":0}}
,"C:/Code/mobilepixel/src/testing/test-flakiness-detector.ts": {"lines":{"total":152,"covered":0,"skipped":0,"pct":0},"functions":{"total":25,"covered":0,"skipped":0,"pct":0},"statements":{"total":161,"covered":0,"skipped":0,"pct":0},"branches":{"total":52,"covered":0,"skipped":0,"pct":0}}
,"C:/Code/mobilepixel/src/testing/test-recorder.ts": {"lines":{"total":35,"covered":0,"skipped":0,"pct":0},"functions":{"total":16,"covered":0,"skipped":0,"pct":0},"statements":{"total":35,"covered":0,"skipped":0,"pct":0},"branches":{"total":21,"covered":0,"skipped":0,"pct":0}}
,"C:/Code/mobilepixel/src/transport/connection-pool.ts": {"lines":{"total":80,"covered":0,"skipped":0,"pct":0},"functions":{"total":21,"covered":0,"skipped":0,"pct":0},"statements":{"total":83,"covered":0,"skipped":0,"pct":0},"branches":{"total":28,"covered":0,"skipped":0,"pct":0}}
,"C:/Code/mobilepixel/src/transport/websocket-transport.ts": {"lines":{"total":96,"covered":84,"skipped":0,"pct":87.5},"functions":{"total":18,"covered":17,"skipped":0,"pct":94.44},"statements":{"total":98,"covered":86,"skipped":0,"pct":87.75},"branches":{"total":40,"covered":32,"skipped":0,"pct":80}}
,"C:/Code/mobilepixel/src/utils/image-performance.ts": {"lines":{"total":16,"covered":0,"skipped":0,"pct":0},"functions":{"total":4,"covered":0,"skipped":0,"pct":0},"statements":{"total":16,"covered":0,"skipped":0,"pct":0},"branches":{"total":0,"covered":0,"skipped":0,"pct":100}}
,"C:/Code/mobilepixel/src/utils/image-utils.ts": {"lines":{"total":78,"covered":0,"skipped":0,"pct":0},"functions":{"total":17,"covered":0,"skipped":0,"pct":0},"statements":{"total":81,"covered":0,"skipped":0,"pct":0},"branches":{"total":13,"covered":0,"skipped":0,"pct":0}}
,"C:/Code/mobilepixel/src/utils/png.ts": {"lines":{"total":8,"covered":8,"skipped":0,"pct":100},"functions":{"total":2,"covered":2,"skipped":0,"pct":100},"statements":{"total":8,"covered":8,"skipped":0,"pct":100},"branches":{"total":1,"covered":1,"skipped":0,"pct":100}}
,"C:/Code/mobilepixel/src/visual/ocr-engine.ts": {"lines":{"total":91,"covered":23,"skipped":0,"pct":25.27},"functions":{"total":18,"covered":4,"skipped":0,"pct":22.22},"statements":{"total":93,"covered":23,"skipped":0,"pct":24.73},"branches":{"total":32,"covered":4,"skipped":0,"pct":12.5}}
,"C:/Code/mobilepixel/src/visual/screenshot-annotator.ts": {"lines":{"total":83,"covered":0,"skipped":0,"pct":0},"functions":{"total":25,"covered":0,"skipped":0,"pct":0},"statements":{"total":83,"covered":0,"skipped":0,"pct":0},"branches":{"total":59,"covered":0,"skipped":0,"pct":0}}
,"C:/Code/mobilepixel/src/visual/visual-testing.ts": {"lines":{"total":58,"covered":0,"skipped":0,"pct":0},"functions":{"total":10,"covered":0,"skipped":0,"pct":0},"statements":{"total":58,"covered":0,"skipped":0,"pct":0},"branches":{"total":19,"covered":0,"skipped":0,"pct":0}}
,"C:/Code/mobilepixel/src/visual/visual-touch-indicators.ts": {"lines":{"total":39,"covered":0,"skipped":0,"pct":0},"functions":{"total":7,"covered":0,"skipped":0,"pct":0},"statements":{"total":39,"covered":0,"skipped":0,"pct":0},"branches":{"total":9,"covered":0,"skipped":0,"pct":0}}
}
