TN:
SF:src\context-switcher.ts
FN:134,(anonymous_0)
FN:150,(anonymous_1)
FN:161,(anonymous_2)
FN:176,(anonymous_3)
FN:193,(anonymous_4)
FN:200,(anonymous_5)
FN:224,(anonymous_6)
FN:238,(anonymous_7)
FN:247,(anonymous_8)
FN:256,(anonymous_9)
FN:265,(anonymous_10)
FN:274,(anonymous_11)
FN:275,(anonymous_12)
FN:284,(anonymous_13)
FN:293,(anonymous_14)
FN:317,(anonymous_15)
FN:338,(anonymous_16)
FN:366,(anonymous_17)
FN:396,(anonymous_18)
FN:442,(anonymous_19)
FN:467,(anonymous_20)
FN:485,(anonymous_21)
FN:486,(anonymous_22)
FN:494,(anonymous_23)
FN:506,(anonymous_24)
FNF:25
FNH:0
FNDA:0,(anonymous_0)
FNDA:0,(anonymous_1)
FNDA:0,(anonymous_2)
FNDA:0,(anonymous_3)
FNDA:0,(anonymous_4)
FNDA:0,(anonymous_5)
FNDA:0,(anonymous_6)
FNDA:0,(anonymous_7)
FNDA:0,(anonymous_8)
FNDA:0,(anonymous_9)
FNDA:0,(anonymous_10)
FNDA:0,(anonymous_11)
FNDA:0,(anonymous_12)
FNDA:0,(anonymous_13)
FNDA:0,(anonymous_14)
FNDA:0,(anonymous_15)
FNDA:0,(anonymous_16)
FNDA:0,(anonymous_17)
FNDA:0,(anonymous_18)
FNDA:0,(anonymous_19)
FNDA:0,(anonymous_20)
FNDA:0,(anonymous_21)
FNDA:0,(anonymous_22)
FNDA:0,(anonymous_23)
FNDA:0,(anonymous_24)
DA:36,0
DA:37,0
DA:113,0
DA:115,0
DA:116,0
DA:117,0
DA:135,0
DA:138,0
DA:146,0
DA:149,0
DA:150,0
DA:151,0
DA:162,0
DA:163,0
DA:164,0
DA:165,0
DA:167,0
DA:177,0
DA:178,0
DA:179,0
DA:180,0
DA:182,0
DA:183,0
DA:195,0
DA:196,0
DA:200,0
DA:202,0
DA:203,0
DA:206,0
DA:207,0
DA:210,0
DA:213,0
DA:215,0
DA:216,0
DA:218,0
DA:225,0
DA:227,0
DA:228,0
DA:230,0
DA:239,0
DA:248,0
DA:257,0
DA:266,0
DA:275,0
DA:285,0
DA:294,0
DA:295,0
DA:296,0
DA:297,0
DA:300,0
DA:301,0
DA:318,0
DA:326,0
DA:328,0
DA:331,0
DA:335,0
DA:337,0
DA:338,0
DA:339,0
DA:341,0
DA:353,0
DA:357,0
DA:367,0
DA:375,0
DA:382,0
DA:385,0
DA:388,0
DA:397,0
DA:400,0
DA:401,0
DA:403,0
DA:404,0
DA:405,0
DA:406,0
DA:407,0
DA:408,0
DA:410,0
DA:414,0
DA:416,0
DA:417,0
DA:419,0
DA:420,0
DA:421,0
DA:426,0
DA:427,0
DA:432,0
DA:444,0
DA:445,0
DA:453,0
DA:454,0
DA:469,0
DA:470,0
DA:474,0
DA:475,0
DA:486,0
DA:501,0
DA:506,0
LF:97
LH:0
BRDA:134,0,0,0
BRDA:139,1,0,0
BRDA:139,1,1,0
BRDA:140,2,0,0
BRDA:140,2,1,0
BRDA:141,3,0,0
BRDA:141,3,1,0
BRDA:142,4,0,0
BRDA:142,4,1,0
BRDA:149,5,0,0
BRDA:162,6,0,0
BRDA:162,6,1,0
BRDA:164,7,0,0
BRDA:183,8,0,0
BRDA:183,8,1,0
BRDA:193,9,0,0
BRDA:195,10,0,0
BRDA:202,11,0,0
BRDA:206,12,0,0
BRDA:218,13,0,0
BRDA:218,13,1,0
BRDA:294,14,0,0
BRDA:294,14,1,0
BRDA:296,15,0,0
BRDA:296,15,1,0
BRDA:337,16,0,0
BRDA:337,17,0,0
BRDA:337,17,1,0
BRDA:339,18,0,0
BRDA:339,18,1,0
BRDA:403,19,0,0
BRDA:403,19,1,0
BRDA:405,20,0,0
BRDA:405,20,1,0
BRDA:407,21,0,0
BRDA:407,21,1,0
BRDA:416,22,0,0
BRDA:416,22,1,0
BRDA:419,23,0,0
BRDA:426,24,0,0
BRDA:444,25,0,0
BRDA:469,26,0,0
BRF:42
BRH:0
end_of_record
TN:
SF:src\device-pool.ts
FN:69,(anonymous_0)
FN:71,(anonymous_1)
FN:109,(anonymous_2)
FN:110,(anonymous_3)
FN:134,(anonymous_4)
FN:136,(anonymous_5)
FN:160,(anonymous_6)
FN:161,(anonymous_7)
FN:177,(anonymous_8)
FN:187,(anonymous_9)
FN:188,(anonymous_10)
FN:198,(anonymous_11)
FN:201,(anonymous_12)
FN:202,(anonymous_13)
FN:204,(anonymous_14)
FN:205,(anonymous_15)
FN:219,(anonymous_16)
FN:227,(anonymous_17)
FN:238,(anonymous_18)
FN:239,(anonymous_19)
FNF:20
FNH:0
FNDA:0,(anonymous_0)
FNDA:0,(anonymous_1)
FNDA:0,(anonymous_2)
FNDA:0,(anonymous_3)
FNDA:0,(anonymous_4)
FNDA:0,(anonymous_5)
FNDA:0,(anonymous_6)
FNDA:0,(anonymous_7)
FNDA:0,(anonymous_8)
FNDA:0,(anonymous_9)
FNDA:0,(anonymous_10)
FNDA:0,(anonymous_11)
FNDA:0,(anonymous_12)
FNDA:0,(anonymous_13)
FNDA:0,(anonymous_14)
FNDA:0,(anonymous_15)
FNDA:0,(anonymous_16)
FNDA:0,(anonymous_17)
FNDA:0,(anonymous_18)
FNDA:0,(anonymous_19)
DA:25,0
DA:26,0
DA:58,0
DA:59,0
DA:71,0
DA:72,0
DA:73,0
DA:74,0
DA:77,0
DA:79,0
DA:85,0
DA:95,0
DA:96,0
DA:98,0
DA:99,0
DA:110,0
DA:112,0
DA:113,0
DA:114,0
DA:117,0
DA:118,0
DA:119,0
DA:122,0
DA:123,0
DA:136,0
DA:137,0
DA:140,0
DA:141,0
DA:142,0
DA:146,0
DA:147,0
DA:148,0
DA:151,0
DA:161,0
DA:163,0
DA:164,0
DA:165,0
DA:168,0
DA:178,0
DA:188,0
DA:189,0
DA:199,0
DA:201,0
DA:202,0
DA:204,0
DA:205,0
DA:220,0
DA:222,0
DA:223,0
DA:224,0
DA:227,0
DA:231,0
DA:239,0
DA:240,0
DA:241,0
DA:244,0
DA:245,0
LF:57
LH:0
BRDA:72,0,0,0
BRDA:79,1,0,0
BRDA:79,1,1,0
BRDA:112,2,0,0
BRDA:118,3,0,0
BRDA:137,4,0,0
BRDA:137,4,1,0
BRDA:137,4,2,0
BRDA:140,5,0,0
BRDA:141,6,0,0
BRDA:141,6,1,0
BRDA:163,7,0,0
BRDA:189,8,0,0
BRDA:189,8,1,0
BRDA:189,8,2,0
BRDA:219,9,0,0
BRDA:231,10,0,0
BRDA:231,10,1,0
BRDA:240,11,0,0
BRF:19
BRH:0
end_of_record
TN:
SF:src\index.ts
FN:9,(anonymous_1)
FN:15,(anonymous_2)
FN:21,(anonymous_3)
FN:30,(anonymous_4)
FN:35,(anonymous_5)
FN:50,(anonymous_6)
FNF:6
FNH:0
FNDA:0,(anonymous_1)
FNDA:0,(anonymous_2)
FNDA:0,(anonymous_3)
FNDA:0,(anonymous_4)
FNDA:0,(anonymous_5)
FNDA:0,(anonymous_6)
DA:2,0
DA:3,0
DA:4,0
DA:5,0
DA:6,0
DA:7,0
DA:9,0
DA:10,0
DA:11,0
DA:13,0
DA:15,0
DA:16,0
DA:17,0
DA:21,0
DA:22,0
DA:23,0
DA:26,0
DA:27,0
DA:30,0
DA:31,0
DA:35,0
DA:36,0
DA:37,0
DA:39,0
DA:40,0
DA:42,0
DA:44,0
DA:45,0
DA:46,0
DA:50,0
DA:51,0
DA:57,0
DA:59,0
DA:60,0
DA:62,0
DA:66,0
LF:36
LH:0
BRDA:16,0,0,0
BRDA:22,1,0,0
BRDA:59,2,0,0
BRDA:59,2,1,0
BRF:4
BRH:0
end_of_record
TN:
SF:src\parallel-executor.ts
FN:79,(anonymous_0)
FN:88,(anonymous_1)
FN:94,(anonymous_2)
FN:98,(anonymous_3)
FN:116,(anonymous_4)
FN:117,(anonymous_5)
FN:133,(anonymous_6)
FN:134,(anonymous_7)
FN:162,(anonymous_8)
FN:219,(anonymous_9)
FN:222,(anonymous_10)
FN:223,(anonymous_11)
FN:235,(anonymous_12)
FN:258,(anonymous_13)
FN:259,(anonymous_14)
FNF:15
FNH:0
FNDA:0,(anonymous_0)
FNDA:0,(anonymous_1)
FNDA:0,(anonymous_2)
FNDA:0,(anonymous_3)
FNDA:0,(anonymous_4)
FNDA:0,(anonymous_5)
FNDA:0,(anonymous_6)
FNDA:0,(anonymous_7)
FNDA:0,(anonymous_8)
FNDA:0,(anonymous_9)
FNDA:0,(anonymous_10)
FNDA:0,(anonymous_11)
FNDA:0,(anonymous_12)
FNDA:0,(anonymous_13)
FNDA:0,(anonymous_14)
DA:78,0
DA:79,0
DA:89,0
DA:90,0
DA:93,0
DA:94,0
DA:98,0
DA:99,0
DA:100,0
DA:103,0
DA:104,0
DA:115,0
DA:116,0
DA:117,0
DA:120,0
DA:121,0
DA:122,0
DA:123,0
DA:124,0
DA:125,0
DA:126,0
DA:127,0
DA:130,0
DA:131,0
DA:132,0
DA:133,0
DA:135,0
DA:139,0
DA:148,0
DA:149,0
DA:152,0
DA:163,0
DA:164,0
DA:166,0
DA:168,0
DA:169,0
DA:172,0
DA:173,0
DA:175,0
DA:178,0
DA:179,0
DA:181,0
DA:189,0
DA:190,0
DA:192,0
DA:194,0
DA:205,0
DA:206,0
DA:220,0
DA:223,0
DA:236,0
DA:237,0
DA:239,0
DA:241,0
DA:242,0
DA:243,0
DA:244,0
DA:246,0
DA:257,0
DA:258,0
DA:259,0
DA:261,0
DA:263,0
DA:271,0
DA:272,0
DA:275,0
LF:66
LH:0
BRDA:99,0,0,0
BRDA:99,0,1,0
BRDA:109,1,0,0
BRDA:109,1,1,0
BRDA:130,2,0,0
BRDA:148,3,0,0
BRDA:172,4,0,0
BRDA:172,4,1,0
BRDA:190,5,0,0
BRDA:190,5,1,0
BRDA:205,6,0,0
BRDA:271,7,0,0
BRF:12
BRH:0
end_of_record
TN:
SF:src\server.ts
FN:45,(anonymous_1)
FN:50,(anonymous_2)
FN:56,(anonymous_3)
FN:138,(anonymous_4)
FN:167,(anonymous_5)
FN:197,(anonymous_6)
FN:234,(anonymous_7)
FN:261,(anonymous_8)
FN:269,(anonymous_9)
FN:275,(anonymous_10)
FN:281,(anonymous_11)
FN:293,(anonymous_12)
FN:299,(anonymous_13)
FN:324,(anonymous_14)
FN:331,(anonymous_15)
FN:355,(anonymous_16)
FN:450,(anonymous_17)
FN:470,(anonymous_18)
FN:490,(anonymous_19)
FN:497,(anonymous_20)
FN:498,(anonymous_21)
FNF:21
FNH:0
FNDA:0,(anonymous_1)
FNDA:0,(anonymous_2)
FNDA:0,(anonymous_3)
FNDA:0,(anonymous_4)
FNDA:0,(anonymous_5)
FNDA:0,(anonymous_6)
FNDA:0,(anonymous_7)
FNDA:0,(anonymous_8)
FNDA:0,(anonymous_9)
FNDA:0,(anonymous_10)
FNDA:0,(anonymous_11)
FNDA:0,(anonymous_12)
FNDA:0,(anonymous_13)
FNDA:0,(anonymous_14)
FNDA:0,(anonymous_15)
FNDA:0,(anonymous_16)
FNDA:0,(anonymous_17)
FNDA:0,(anonymous_18)
FNDA:0,(anonymous_19)
FNDA:0,(anonymous_20)
FNDA:0,(anonymous_21)
DA:15,0
DA:17,0
DA:18,0
DA:19,0
DA:20,0
DA:22,0
DA:23,0
DA:24,0
DA:25,0
DA:26,0
DA:27,0
DA:28,0
DA:29,0
DA:30,0
DA:33,0
DA:45,0
DA:46,0
DA:47,0
DA:50,0
DA:51,0
DA:52,0
DA:53,0
DA:56,0
DA:57,0
DA:58,0
DA:59,0
DA:60,0
DA:61,0
DA:84,0
DA:110,0
DA:138,0
DA:139,0
DA:141,0
DA:143,0
DA:144,0
DA:147,0
DA:148,0
DA:149,0
DA:150,0
DA:154,0
DA:158,0
DA:160,0
DA:161,0
DA:162,0
DA:166,0
DA:167,0
DA:168,0
DA:169,0
DA:170,0
DA:173,0
DA:174,0
DA:175,0
DA:178,0
DA:179,0
DA:180,0
DA:181,0
DA:184,0
DA:187,0
DA:188,0
DA:189,0
DA:197,0
DA:198,0
DA:199,0
DA:200,0
DA:201,0
DA:202,0
DA:203,0
DA:210,0
DA:234,0
DA:236,0
DA:239,0
DA:242,0
DA:252,0
DA:255,0
DA:261,0
DA:262,0
DA:263,0
DA:264,0
DA:265,0
DA:266,0
DA:269,0
DA:270,0
DA:271,0
DA:275,0
DA:276,0
DA:277,0
DA:281,0
DA:282,0
DA:283,0
DA:286,0
DA:293,0
DA:299,0
DA:300,0
DA:301,0
DA:302,0
DA:303,0
DA:304,0
DA:305,0
DA:309,0
DA:310,0
DA:315,0
DA:316,0
DA:324,0
DA:331,0
DA:339,0
DA:340,0
DA:349,0
DA:356,0
DA:357,0
DA:358,0
DA:360,0
DA:361,0
DA:364,0
DA:365,0
DA:366,0
DA:367,0
DA:370,0
DA:371,0
DA:372,0
DA:373,0
DA:374,0
DA:378,0
DA:379,0
DA:381,0
DA:384,0
DA:385,0
DA:387,0
DA:391,0
DA:392,0
DA:405,0
DA:416,0
DA:417,0
DA:418,0
DA:419,0
DA:442,0
DA:451,0
DA:452,0
DA:462,0
DA:471,0
DA:472,0
DA:482,0
DA:491,0
DA:492,0
DA:497,0
DA:498,0
DA:500,0
DA:511,0
DA:514,0
DA:516,0
LF:149
LH:0
BRDA:60,0,0,0
BRDA:147,1,0,0
BRDA:147,2,0,0
BRDA:147,2,1,0
BRDA:154,3,0,0
BRDA:154,3,1,0
BRDA:158,4,0,0
BRDA:158,4,1,0
BRDA:158,4,2,0
BRDA:158,4,3,0
BRDA:270,5,0,0
BRDA:276,6,0,0
BRDA:282,7,0,0
BRDA:309,8,0,0
BRDA:309,8,1,0
BRDA:339,9,0,0
BRDA:366,10,0,0
BRDA:366,11,0,0
BRDA:366,11,1,0
BRDA:370,12,0,0
BRDA:495,13,0,0
BRDA:495,13,1,0
BRDA:496,14,0,0
BRDA:496,14,1,0
BRF:24
BRH:0
end_of_record
TN:
SF:src\test-sharding.ts
FN:58,(anonymous_0)
FN:108,(anonymous_1)
FN:148,(anonymous_2)
FN:178,(anonymous_3)
FN:196,(anonymous_4)
FN:206,(anonymous_5)
FNF:6
FNH:0
FNDA:0,(anonymous_0)
FNDA:0,(anonymous_1)
FNDA:0,(anonymous_2)
FNDA:0,(anonymous_3)
FNDA:0,(anonymous_4)
FNDA:0,(anonymous_5)
DA:35,0
DA:60,0
DA:61,0
DA:64,0
DA:65,0
DA:70,0
DA:71,0
DA:72,0
DA:76,0
DA:77,0
DA:78,0
DA:81,0
DA:83,0
DA:88,0
DA:110,0
DA:111,0
DA:114,0
DA:115,0
DA:116,0
DA:117,0
DA:121,0
DA:122,0
DA:123,0
DA:127,0
DA:128,0
DA:129,0
DA:133,0
DA:149,0
DA:150,0
DA:153,0
DA:154,0
DA:156,0
DA:157,0
DA:158,0
DA:159,0
DA:162,0
DA:179,0
DA:180,0
DA:182,0
DA:183,0
DA:186,0
DA:197,0
DA:198,0
DA:200,0
DA:201,0
DA:202,0
DA:203,0
DA:204,0
DA:206,0
DA:207,0
DA:208,0
DA:211,0
LF:52
LH:0
BRDA:60,0,0,0
BRDA:64,1,0,0
BRDA:64,2,0,0
BRDA:64,2,1,0
BRDA:70,3,0,0
BRDA:110,4,0,0
BRDA:110,4,1,0
BRDA:111,5,0,0
BRDA:111,5,1,0
BRDA:114,6,0,0
BRDA:114,7,0,0
BRDA:114,7,1,0
BRDA:115,8,0,0
BRDA:115,8,1,0
BRDA:116,9,0,0
BRDA:116,9,1,0
BRDA:117,10,0,0
BRDA:121,11,0,0
BRDA:121,12,0,0
BRDA:121,12,1,0
BRDA:122,13,0,0
BRDA:122,13,1,0
BRDA:123,14,0,0
BRDA:123,14,1,0
BRDA:127,15,0,0
BRDA:127,16,0,0
BRDA:127,16,1,0
BRDA:149,17,0,0
BRDA:149,18,0,0
BRDA:149,18,1,0
BRDA:180,19,0,0
BRDA:203,20,0,0
BRDA:203,20,1,0
BRF:33
BRH:0
end_of_record
TN:
SF:src\accessibility\accessibility-checker.ts
FN:90,(anonymous_0)
FN:98,(anonymous_1)
FN:126,(anonymous_2)
FN:182,(anonymous_3)
FN:183,(anonymous_4)
FN:184,(anonymous_5)
FN:207,(anonymous_6)
FN:230,(anonymous_7)
FN:245,(anonymous_8)
FN:273,(anonymous_9)
FN:295,(anonymous_10)
FN:304,(anonymous_11)
FN:313,(anonymous_12)
FN:327,(anonymous_13)
FN:348,(anonymous_14)
FNF:15
FNH:0
FNDA:0,(anonymous_0)
FNDA:0,(anonymous_1)
FNDA:0,(anonymous_2)
FNDA:0,(anonymous_3)
FNDA:0,(anonymous_4)
FNDA:0,(anonymous_5)
FNDA:0,(anonymous_6)
FNDA:0,(anonymous_7)
FNDA:0,(anonymous_8)
FNDA:0,(anonymous_9)
FNDA:0,(anonymous_10)
FNDA:0,(anonymous_11)
FNDA:0,(anonymous_12)
FNDA:0,(anonymous_13)
FNDA:0,(anonymous_14)
DA:13,0
DA:68,0
DA:71,0
DA:82,0
DA:94,0
DA:97,0
DA:98,0
DA:102,0
DA:104,0
DA:105,0
DA:116,0
DA:117,0
DA:118,0
DA:126,0
DA:127,0
DA:139,0
DA:143,0
DA:155,0
DA:156,0
DA:157,0
DA:168,0
DA:169,0
DA:170,0
DA:181,0
DA:182,0
DA:183,0
DA:184,0
DA:190,0
DA:191,0
DA:193,0
DA:211,0
DA:213,0
DA:214,0
DA:215,0
DA:216,0
DA:224,0
DA:234,0
DA:246,0
DA:249,0
DA:250,0
DA:251,0
DA:252,0
DA:253,0
DA:255,0
DA:260,0
DA:261,0
DA:262,0
DA:263,0
DA:267,0
DA:274,0
DA:275,0
DA:278,0
DA:279,0
DA:280,0
DA:281,0
DA:282,0
DA:283,0
DA:284,0
DA:287,0
DA:288,0
DA:289,0
DA:292,0
DA:295,0
DA:296,0
DA:297,0
DA:298,0
DA:299,0
DA:304,0
DA:305,0
DA:306,0
DA:307,0
DA:308,0
DA:313,0
DA:314,0
DA:315,0
DA:316,0
DA:317,0
DA:321,0
DA:328,0
DA:329,0
DA:330,0
DA:331,0
DA:333,0
DA:334,0
DA:335,0
DA:336,0
DA:337,0
DA:338,0
DA:340,0
DA:341,0
DA:349,0
DA:351,0
DA:362,0
DA:364,0
DA:365,0
LF:95
LH:0
BRDA:98,0,0,0
BRDA:98,0,1,0
BRDA:98,0,2,0
BRDA:104,1,0,0
BRDA:104,1,1,0
BRDA:104,2,0,0
BRDA:104,2,1,0
BRDA:116,3,0,0
BRDA:116,3,1,0
BRDA:116,3,2,0
BRDA:117,4,0,0
BRDA:117,4,1,0
BRDA:126,5,0,0
BRDA:139,6,0,0
BRDA:140,7,0,0
BRDA:140,7,1,0
BRDA:215,8,0,0
BRDA:235,9,0,0
BRDA:235,9,1,0
BRDA:235,9,2,0
BRDA:235,9,3,0
BRDA:250,10,0,0
BRDA:250,10,1,0
BRDA:251,11,0,0
BRDA:252,12,0,0
BRDA:262,13,0,0
BRDA:287,14,0,0
BRDA:296,15,0,0
BRDA:305,16,0,0
BRDA:314,17,0,0
BRDA:330,18,0,0
BRDA:337,19,0,0
BRF:32
BRH:0
end_of_record
TN:
SF:src\actions\w3c-actions.ts
FN:61,(anonymous_0)
FN:71,(anonymous_1)
FN:88,(anonymous_2)
FN:117,(anonymous_3)
FN:152,(anonymous_4)
FN:179,(anonymous_5)
FN:220,(anonymous_6)
FN:293,(anonymous_7)
FN:326,(anonymous_8)
FN:381,(anonymous_9)
FN:415,(anonymous_10)
FN:416,(anonymous_11)
FN:434,createW3CActions
FNF:13
FNH:0
FNDA:0,(anonymous_0)
FNDA:0,(anonymous_1)
FNDA:0,(anonymous_2)
FNDA:0,(anonymous_3)
FNDA:0,(anonymous_4)
FNDA:0,(anonymous_5)
FNDA:0,(anonymous_6)
FNDA:0,(anonymous_7)
FNDA:0,(anonymous_8)
FNDA:0,(anonymous_9)
FNDA:0,(anonymous_10)
FNDA:0,(anonymous_11)
FNDA:0,createW3CActions
DA:60,0
DA:61,0
DA:73,0
DA:76,0
DA:77,0
DA:89,0
DA:91,0
DA:103,0
DA:104,0
DA:124,0
DA:126,0
DA:140,0
DA:141,0
DA:153,0
DA:155,0
DA:167,0
DA:168,0
DA:180,0
DA:181,0
DA:183,0
DA:202,0
DA:203,0
DA:227,0
DA:230,0
DA:231,0
DA:233,0
DA:237,0
DA:242,0
DA:246,0
DA:252,0
DA:277,0
DA:278,0
DA:300,0
DA:302,0
DA:316,0
DA:317,0
DA:327,0
DA:330,0
DA:331,0
DA:332,0
DA:335,0
DA:336,0
DA:338,0
DA:339,0
DA:341,0
DA:344,0
DA:350,0
DA:353,0
DA:359,0
DA:362,0
DA:363,0
DA:368,0
DA:373,0
DA:382,0
DA:387,0
DA:388,0
DA:390,0
DA:396,0
DA:400,0
DA:401,0
DA:403,0
DA:408,0
DA:416,0
DA:434,0
DA:435,0
LF:65
LH:0
BRDA:88,0,0,0
BRDA:89,1,0,0
BRDA:89,1,1,0
BRDA:103,2,0,0
BRDA:122,3,0,0
BRDA:124,4,0,0
BRDA:124,4,1,0
BRDA:140,5,0,0
BRDA:152,6,0,0
BRDA:153,7,0,0
BRDA:153,7,1,0
BRDA:167,8,0,0
BRDA:179,9,0,0
BRDA:202,10,0,0
BRDA:225,11,0,0
BRDA:227,12,0,0
BRDA:227,12,1,0
BRDA:277,13,0,0
BRDA:298,14,0,0
BRDA:300,15,0,0
BRDA:300,15,1,0
BRDA:316,16,0,0
BRDA:336,17,0,0
BRDA:336,17,1,0
BRDA:336,17,2,0
BRDA:336,17,3,0
BRDA:338,18,0,0
BRDA:338,18,1,0
BRDA:339,19,0,0
BRDA:339,19,1,0
BRDA:362,20,0,0
BRDA:362,21,0,0
BRDA:362,21,1,0
BRDA:382,22,0,0
BRDA:382,22,1,0
BRDA:382,22,2,0
BRDA:382,22,3,0
BRDA:387,23,0,0
BRDA:387,24,0,0
BRDA:387,24,1,0
BRDA:400,25,0,0
BRF:41
BRH:0
end_of_record
TN:
SF:src\ai\ai-cache.ts
FN:79,(anonymous_0)
FN:95,(anonymous_1)
FN:127,(anonymous_2)
FN:178,(anonymous_3)
FN:220,(anonymous_4)
FN:233,(anonymous_5)
FN:258,(anonymous_6)
FN:271,(anonymous_7)
FN:278,(anonymous_8)
FN:299,getAICache
FN:311,resetAICache
FNF:11
FNH:11
FNDA:17,(anonymous_0)
FNDA:1165,(anonymous_1)
FNDA:86,(anonymous_2)
FNDA:1079,(anonymous_3)
FNDA:6,(anonymous_4)
FNDA:6,(anonymous_5)
FNDA:5,(anonymous_6)
FNDA:6,(anonymous_7)
FNDA:3,(anonymous_8)
FNDA:11,getAICache
FNDA:3,resetAICache
DA:25,1
DA:57,1
DA:59,17
DA:66,17
DA:80,17
DA:81,17
DA:82,17
DA:97,1165
DA:101,1165
DA:102,7
DA:107,1158
DA:112,1158
DA:128,86
DA:129,86
DA:132,86
DA:134,86
DA:136,14
DA:137,14
DA:138,14
DA:142,72
DA:143,72
DA:145,1
DA:146,1
DA:147,1
DA:148,1
DA:149,1
DA:150,1
DA:154,71
DA:155,71
DA:157,71
DA:158,71
DA:160,71
DA:161,71
DA:163,71
DA:186,1079
DA:189,1079
DA:190,3
DA:191,3
DA:192,3
DA:193,3
DA:194,3
DA:199,1079
DA:208,1079
DA:209,1079
DA:221,6
DA:222,6
DA:223,6
DA:234,6
DA:235,6
DA:239,6
DA:243,6
DA:259,5
DA:265,5
DA:272,6
DA:279,3
DA:287,1
DA:299,1
DA:300,11
DA:301,3
DA:303,11
DA:311,1
DA:312,3
DA:313,2
DA:315,3
DA:316,3
LF:65
LH:65
BRDA:79,0,0,3
BRDA:79,1,0,3
BRDA:101,2,0,7
BRDA:134,3,0,14
BRDA:143,4,0,1
BRDA:189,5,0,3
BRDA:189,6,0,1079
BRDA:189,6,1,3
BRDA:191,7,0,3
BRDA:235,8,0,3
BRDA:235,8,1,3
BRDA:239,9,0,3
BRDA:239,9,1,3
BRDA:300,10,0,3
BRDA:312,11,0,2
BRF:15
BRH:15
end_of_record
TN:
SF:src\ai\ai-element-finder.ts
FN:85,(anonymous_1)
FN:135,(anonymous_2)
FN:187,(anonymous_3)
FN:205,(anonymous_4)
FN:222,(anonymous_5)
FN:274,(anonymous_6)
FN:308,(anonymous_7)
FN:358,(anonymous_8)
FN:412,(anonymous_9)
FN:455,(anonymous_10)
FN:505,(anonymous_11)
FN:549,(anonymous_12)
FN:597,(anonymous_13)
FN:714,(anonymous_14)
FN:727,(anonymous_15)
FN:737,(anonymous_16)
FNF:16
FNH:7
FNDA:0,(anonymous_1)
FNDA:5,(anonymous_2)
FNDA:0,(anonymous_3)
FNDA:0,(anonymous_4)
FNDA:5,(anonymous_5)
FNDA:5,(anonymous_6)
FNDA:5,(anonymous_7)
FNDA:5,(anonymous_8)
FNDA:5,(anonymous_9)
FNDA:5,(anonymous_10)
FNDA:0,(anonymous_11)
FNDA:0,(anonymous_12)
FNDA:0,(anonymous_13)
FNDA:0,(anonymous_14)
FNDA:0,(anonymous_15)
FNDA:0,(anonymous_16)
DA:13,1
DA:14,1
DA:15,1
DA:29,1
DA:59,5
DA:60,5
DA:62,5
DA:63,0
DA:64,0
DA:72,5
DA:75,5
DA:77,5
DA:78,5
DA:79,5
DA:80,0
DA:85,5
DA:88,5
DA:90,0
DA:98,0
DA:103,5
DA:105,5
DA:106,5
DA:107,0
DA:109,0
DA:117,0
DA:122,5
DA:136,5
DA:139,5
DA:140,5
DA:141,5
DA:142,5
DA:143,5
DA:146,5
DA:147,0
DA:156,5
DA:157,5
DA:158,5
DA:159,5
DA:160,5
DA:162,5
DA:164,0
DA:173,5
DA:193,0
DA:194,0
DA:196,0
DA:197,0
DA:198,0
DA:199,0
DA:204,0
DA:205,0
DA:223,5
DA:224,5
DA:227,5
DA:230,5
DA:231,5
DA:232,5
DA:233,3
DA:237,5
DA:238,5
DA:239,5
DA:240,0
DA:244,5
DA:245,5
DA:246,5
DA:247,0
DA:251,5
DA:252,5
DA:253,5
DA:254,0
DA:258,5
DA:259,5
DA:260,5
DA:261,0
DA:264,5
DA:275,5
DA:276,5
DA:277,5
DA:280,5
DA:290,5
DA:291,35
DA:292,5
DA:293,12
DA:294,3
DA:295,3
DA:296,3
DA:302,5
DA:309,5
DA:310,5
DA:311,5
DA:312,5
DA:314,5
DA:315,5
DA:318,5
DA:321,5
DA:322,0
DA:326,5
DA:327,0
DA:328,0
DA:332,5
DA:333,5
DA:335,14
DA:336,3
DA:339,11
DA:340,0
DA:344,5
DA:345,0
DA:346,0
DA:347,0
DA:348,0
DA:352,5
DA:359,5
DA:360,5
DA:362,5
DA:363,5
DA:364,5
DA:367,5
DA:368,14
DA:370,1
DA:371,0
DA:372,0
DA:374,1
DA:376,0
DA:377,0
DA:378,0
DA:380,0
DA:382,0
DA:383,0
DA:384,0
DA:386,0
DA:388,0
DA:389,0
DA:390,0
DA:392,0
DA:395,0
DA:396,0
DA:397,0
DA:399,0
DA:400,0
DA:402,0
DA:406,5
DA:413,5
DA:414,5
DA:417,5
DA:418,14
DA:421,0
DA:422,0
DA:423,0
DA:425,0
DA:428,0
DA:429,0
DA:430,0
DA:432,0
DA:435,0
DA:436,0
DA:437,0
DA:439,0
DA:443,5
DA:456,5
DA:457,5
DA:459,5
DA:460,5
DA:461,5
DA:464,5
DA:465,5
DA:466,45
DA:468,0
DA:469,0
DA:470,0
DA:471,0
DA:477,5
DA:489,5
DA:490,45
DA:491,0
DA:492,0
DA:493,0
DA:494,0
DA:495,0
DA:502,5
DA:504,0
DA:505,0
DA:507,0
DA:508,0
DA:509,0
DA:510,0
DA:516,5
DA:517,0
DA:519,0
DA:520,0
DA:525,5
DA:527,0
DA:528,0
DA:529,0
DA:530,0
DA:535,5
DA:550,0
DA:553,0
DA:554,0
DA:558,0
DA:559,0
DA:563,0
DA:564,0
DA:566,0
DA:568,0
DA:605,0
DA:606,0
DA:608,0
DA:609,0
DA:610,0
DA:619,0
DA:620,0
DA:622,0
DA:623,0
DA:626,0
DA:635,0
DA:644,0
DA:646,0
DA:647,0
DA:648,0
DA:651,0
DA:657,0
DA:659,0
DA:660,0
DA:661,0
DA:664,0
DA:665,0
DA:669,0
DA:682,0
DA:691,0
DA:699,0
DA:700,0
DA:715,0
DA:716,0
DA:728,0
DA:729,0
DA:738,0
DA:739,0
LF:236
LH:110
BRDA:56,0,0,0
BRDA:62,1,0,0
BRDA:79,2,0,0
BRDA:88,3,0,0
BRDA:88,4,0,5
BRDA:88,4,1,0
BRDA:106,5,0,0
BRDA:122,6,0,0
BRDA:122,6,1,5
BRDA:140,7,0,5
BRDA:140,7,1,0
BRDA:141,8,0,5
BRDA:141,8,1,0
BRDA:142,9,0,5
BRDA:142,9,1,5
BRDA:143,10,0,5
BRDA:143,10,1,5
BRDA:146,11,0,0
BRDA:146,12,0,5
BRDA:146,12,1,5
BRDA:146,12,2,5
BRDA:146,12,3,5
BRDA:157,13,0,5
BRDA:157,13,1,0
BRDA:158,14,0,5
BRDA:158,14,1,0
BRDA:159,15,0,5
BRDA:159,15,1,5
BRDA:160,16,0,5
BRDA:160,16,1,5
BRDA:162,17,0,0
BRDA:162,18,0,5
BRDA:162,18,1,5
BRDA:162,18,2,5
BRDA:162,18,3,5
BRDA:190,19,0,0
BRDA:191,20,0,0
BRDA:198,21,0,0
BRDA:232,22,0,3
BRDA:239,23,0,0
BRDA:246,24,0,0
BRDA:253,25,0,0
BRDA:260,26,0,0
BRDA:267,27,0,5
BRDA:267,27,1,2
BRDA:291,28,0,5
BRDA:293,29,0,3
BRDA:309,30,0,5
BRDA:309,30,1,0
BRDA:310,31,0,5
BRDA:310,31,1,0
BRDA:311,32,0,5
BRDA:311,32,1,5
BRDA:312,33,0,5
BRDA:312,33,1,5
BRDA:321,34,0,0
BRDA:326,35,0,0
BRDA:335,36,0,3
BRDA:339,37,0,0
BRDA:344,38,0,0
BRDA:347,39,0,0
BRDA:368,40,0,1
BRDA:368,40,1,0
BRDA:368,40,2,0
BRDA:368,40,3,0
BRDA:368,40,4,0
BRDA:368,40,5,0
BRDA:370,41,0,0
BRDA:376,42,0,0
BRDA:382,43,0,0
BRDA:388,44,0,0
BRDA:397,45,0,0
BRDA:397,46,0,0
BRDA:397,46,1,0
BRDA:418,47,0,0
BRDA:418,47,1,0
BRDA:418,47,2,0
BRDA:418,47,3,0
BRDA:418,47,4,0
BRDA:418,47,5,0
BRDA:421,48,0,0
BRDA:428,49,0,0
BRDA:428,50,0,0
BRDA:428,50,1,0
BRDA:435,51,0,0
BRDA:435,52,0,0
BRDA:435,52,1,0
BRDA:460,53,0,5
BRDA:460,53,1,0
BRDA:461,54,0,5
BRDA:461,54,1,0
BRDA:466,55,0,0
BRDA:468,56,0,0
BRDA:468,57,0,0
BRDA:468,57,1,0
BRDA:468,57,2,0
BRDA:468,57,3,0
BRDA:490,58,0,0
BRDA:490,59,0,45
BRDA:490,59,1,45
BRDA:492,60,0,0
BRDA:502,61,0,0
BRDA:502,62,0,5
BRDA:502,62,1,0
BRDA:502,62,2,0
BRDA:507,63,0,0
BRDA:507,64,0,0
BRDA:507,64,1,0
BRDA:507,64,2,0
BRDA:509,65,0,0
BRDA:516,66,0,0
BRDA:516,67,0,5
BRDA:516,67,1,5
BRDA:517,68,0,0
BRDA:517,69,0,0
BRDA:517,69,1,0
BRDA:517,69,2,0
BRDA:525,70,0,0
BRDA:525,71,0,5
BRDA:525,71,1,5
BRDA:527,72,0,0
BRDA:527,73,0,0
BRDA:527,73,1,0
BRDA:529,74,0,0
BRDA:553,75,0,0
BRDA:553,76,0,0
BRDA:553,76,1,0
BRDA:558,77,0,0
BRDA:558,78,0,0
BRDA:558,78,1,0
BRDA:601,79,0,0
BRDA:608,80,0,0
BRDA:622,81,0,0
BRDA:622,82,0,0
BRDA:622,82,1,0
BRDA:659,83,0,0
BRF:136
BRH:44
end_of_record
TN:
SF:src\ai\hybrid-element-finder.ts
FN:82,(anonymous_0)
FN:139,(anonymous_1)
FN:260,(anonymous_2)
FN:284,(anonymous_3)
FN:327,(anonymous_4)
FN:356,(anonymous_5)
FN:423,(anonymous_6)
FN:454,(anonymous_7)
FN:456,(anonymous_8)
FN:464,(anonymous_9)
FN:499,(anonymous_10)
FN:518,getHybridElementFinder
FN:528,resetHybridElementFinder
FNF:13
FNH:13
FNDA:36,(anonymous_0)
FNDA:36,(anonymous_1)
FNDA:14,(anonymous_2)
FNDA:43,(anonymous_3)
FNDA:2,(anonymous_4)
FNDA:5,(anonymous_5)
FNDA:25,(anonymous_6)
FNDA:14,(anonymous_7)
FNDA:41,(anonymous_8)
FNDA:6,(anonymous_9)
FNDA:4,(anonymous_10)
FNDA:4,getHybridElementFinder
FNDA:2,resetHybridElementFinder
DA:28,1
DA:65,1
DA:67,11
DA:87,36
DA:88,36
DA:90,36
DA:93,36
DA:94,36
DA:95,22
DA:96,22
DA:97,22
DA:98,22
DA:102,14
DA:103,14
DA:104,9
DA:105,9
DA:106,9
DA:107,9
DA:111,5
DA:112,5
DA:113,0
DA:114,0
DA:115,0
DA:116,0
DA:120,5
DA:121,5
DA:122,5
DA:123,5
DA:143,36
DA:144,36
DA:146,36
DA:148,36
DA:151,36
DA:152,136
DA:153,136
DA:155,136
DA:156,16
DA:157,16
DA:158,16
DA:160,16
DA:172,20
DA:173,62
DA:174,62
DA:176,62
DA:177,5
DA:178,5
DA:179,5
DA:181,5
DA:193,15
DA:195,15
DA:196,13
DA:197,47
DA:198,47
DA:201,47
DA:203,0
DA:204,0
DA:205,0
DA:206,0
DA:208,0
DA:222,15
DA:223,2
DA:224,1
DA:225,1
DA:226,1
DA:227,1
DA:229,1
DA:242,14
DA:243,14
DA:244,14
DA:245,14
DA:264,14
DA:265,14
DA:267,14
DA:269,14
DA:272,14
DA:273,14
DA:274,4
DA:275,4
DA:276,4
DA:277,4
DA:281,10
DA:284,10
DA:285,43
DA:288,43
DA:289,43
DA:291,17
DA:292,17
DA:294,8
DA:295,8
DA:297,6
DA:298,6
DA:300,6
DA:301,6
DA:303,6
DA:304,6
DA:307,43
DA:310,13
DA:311,2
DA:314,11
DA:317,10
DA:318,1
DA:319,1
DA:320,1
DA:321,1
DA:325,9
DA:328,2
DA:329,2
DA:330,2
DA:333,9
DA:334,9
DA:335,9
DA:337,9
DA:361,5
DA:362,5
DA:364,5
DA:366,5
DA:369,5
DA:370,0
DA:377,0
DA:378,0
DA:379,0
DA:380,0
DA:382,0
DA:394,5
DA:396,5
DA:397,0
DA:398,0
DA:399,0
DA:401,0
DA:412,5
DA:413,5
DA:414,5
DA:415,5
DA:424,25
DA:427,25
DA:428,21
DA:429,4
DA:430,0
DA:431,4
DA:432,0
DA:433,4
DA:434,2
DA:438,25
DA:439,25
DA:440,25
DA:442,25
DA:443,23
DA:446,25
DA:455,14
DA:456,41
DA:465,6
DA:469,6
DA:473,6
DA:477,6
DA:481,6
DA:500,4
DA:506,4
DA:513,1
DA:518,1
DA:519,4
DA:520,2
DA:522,4
DA:528,1
DA:529,2
DA:530,2
LF:165
LH:144
BRDA:94,0,0,22
BRDA:103,1,0,9
BRDA:112,2,0,0
BRDA:152,3,0,136
BRDA:152,3,1,3
BRDA:153,4,0,136
BRDA:153,4,1,3
BRDA:155,5,0,16
BRDA:155,6,0,136
BRDA:155,6,1,120
BRDA:173,7,0,62
BRDA:173,7,1,2
BRDA:174,8,0,62
BRDA:174,8,1,2
BRDA:176,9,0,5
BRDA:176,10,0,62
BRDA:176,10,1,60
BRDA:176,10,2,60
BRDA:195,11,0,13
BRDA:197,12,0,47
BRDA:197,12,1,0
BRDA:198,13,0,47
BRDA:198,13,1,0
BRDA:201,14,0,0
BRDA:201,15,0,47
BRDA:201,15,1,47
BRDA:203,16,0,0
BRDA:203,17,0,0
BRDA:203,17,1,0
BRDA:211,18,0,0
BRDA:211,18,1,0
BRDA:222,19,0,2
BRDA:222,20,0,15
BRDA:222,20,1,13
BRDA:224,21,0,1
BRDA:273,22,0,4
BRDA:289,23,0,17
BRDA:289,23,1,8
BRDA:289,23,2,6
BRDA:289,23,3,6
BRDA:289,23,4,6
BRDA:303,24,0,6
BRDA:303,24,1,5
BRDA:303,24,2,4
BRDA:303,24,3,2
BRDA:307,25,0,30
BRDA:310,26,0,2
BRDA:310,27,0,13
BRDA:310,27,1,13
BRDA:317,28,0,1
BRDA:325,29,0,8
BRDA:325,29,1,1
BRDA:330,30,0,0
BRDA:330,30,1,2
BRDA:340,31,0,9
BRDA:340,31,1,0
BRDA:369,32,0,0
BRDA:377,33,0,0
BRDA:396,34,0,0
BRDA:427,35,0,21
BRDA:427,35,1,4
BRDA:429,36,0,0
BRDA:429,36,1,4
BRDA:431,37,0,0
BRDA:431,37,1,4
BRDA:433,38,0,2
BRDA:442,39,0,23
BRDA:456,40,0,14
BRDA:456,40,1,4
BRDA:465,41,0,5
BRDA:465,41,1,1
BRDA:469,42,0,2
BRDA:469,42,1,4
BRDA:473,43,0,1
BRDA:473,43,1,5
BRDA:477,44,0,5
BRDA:477,44,1,1
BRDA:519,45,0,2
BRF:78
BRH:62
end_of_record
TN:
SF:src\core\config.ts
FNF:0
FNH:0
DA:12,1
DA:42,1
DA:55,1
LF:3
LH:3
BRF:0
BRH:0
end_of_record
TN:
SF:src\core\logger.ts
FN:3,(anonymous_0)
FN:15,(anonymous_1)
FN:19,(anonymous_2)
FNF:3
FNH:2
FNDA:5,(anonymous_0)
FNDA:5,(anonymous_1)
FNDA:0,(anonymous_2)
DA:1,1
DA:3,1
DA:4,5
DA:5,0
DA:6,0
DA:7,0
DA:8,0
DA:9,0
DA:12,5
DA:15,1
DA:16,5
DA:19,1
DA:20,0
LF:13
LH:7
BRDA:4,0,0,0
BRF:1
BRH:0
end_of_record
TN:
SF:src\core\robot.ts
FN:42,(anonymous_0)
FNF:1
FNH:0
FNDA:0,(anonymous_0)
DA:41,1
DA:43,0
LF:2
LH:1
BRF:0
BRH:0
end_of_record
TN:
SF:src\device\device-conditions.ts
FN:34,(anonymous_0)
FN:63,(anonymous_1)
FN:88,(anonymous_2)
FN:130,(anonymous_3)
FN:155,(anonymous_4)
FN:182,(anonymous_5)
FN:226,(anonymous_6)
FN:273,(anonymous_7)
FNF:8
FNH:0
FNDA:0,(anonymous_0)
FNDA:0,(anonymous_1)
FNDA:0,(anonymous_2)
FNDA:0,(anonymous_3)
FNDA:0,(anonymous_4)
FNDA:0,(anonymous_5)
FNDA:0,(anonymous_6)
FNDA:0,(anonymous_7)
DA:11,0
DA:24,0
DA:35,0
DA:36,0
DA:39,0
DA:41,0
DA:52,0
DA:54,0
DA:64,0
DA:65,0
DA:74,0
DA:76,0
DA:89,0
DA:90,0
DA:93,0
DA:105,0
DA:118,0
DA:120,0
DA:131,0
DA:132,0
DA:134,0
DA:143,0
DA:145,0
DA:156,0
DA:157,0
DA:159,0
DA:168,0
DA:170,0
DA:186,0
DA:189,0
DA:190,0
DA:194,0
DA:195,0
DA:196,0
DA:200,0
DA:201,0
DA:202,0
DA:208,0
DA:209,0
DA:210,0
DA:213,0
DA:231,0
DA:233,0
DA:243,0
DA:246,0
DA:247,0
DA:260,0
DA:262,0
DA:278,0
DA:279,0
DA:288,0
DA:289,0
DA:290,0
DA:292,0
DA:293,0
DA:294,0
DA:297,0
DA:306,0
DA:316,0
DA:322,0
LF:60
LH:0
BRDA:35,0,0,0
BRDA:35,1,0,0
BRDA:35,1,1,0
BRDA:90,2,0,0
BRDA:90,2,1,0
BRDA:118,3,0,0
BRDA:118,3,1,0
BRDA:132,4,0,0
BRDA:132,4,1,0
BRDA:143,5,0,0
BRDA:143,5,1,0
BRDA:157,6,0,0
BRDA:157,6,1,0
BRDA:168,7,0,0
BRDA:168,7,1,0
BRDA:186,8,0,0
BRDA:186,8,1,0
BRDA:186,8,2,0
BRDA:186,8,3,0
BRDA:186,8,4,0
BRDA:186,8,5,0
BRDA:186,8,6,0
BRDA:292,9,0,0
BRDA:292,9,1,0
BRDA:293,10,0,0
BRDA:293,10,1,0
BRDA:294,11,0,0
BRDA:294,11,1,0
BRDA:318,12,0,0
BRDA:318,12,1,0
BRDA:319,13,0,0
BRDA:319,13,1,0
BRF:32
BRH:0
end_of_record
TN:
SF:src\device\device-lock-manager.ts
FN:43,(anonymous_0)
FN:51,(anonymous_1)
FN:53,(anonymous_2)
FN:61,(anonymous_3)
FN:81,(anonymous_4)
FN:114,(anonymous_5)
FN:118,(anonymous_6)
FN:130,(anonymous_7)
FN:150,(anonymous_8)
FN:176,(anonymous_9)
FN:177,(anonymous_10)
FN:188,(anonymous_11)
FN:202,(anonymous_12)
FN:209,(anonymous_13)
FN:216,(anonymous_14)
FN:223,(anonymous_15)
FN:227,(anonymous_16)
FN:236,(anonymous_17)
FN:251,getDeviceLockManager
FN:268,withDeviceLock
FNF:20
FNH:0
FNDA:0,(anonymous_0)
FNDA:0,(anonymous_1)
FNDA:0,(anonymous_2)
FNDA:0,(anonymous_3)
FNDA:0,(anonymous_4)
FNDA:0,(anonymous_5)
FNDA:0,(anonymous_6)
FNDA:0,(anonymous_7)
FNDA:0,(anonymous_8)
FNDA:0,(anonymous_9)
FNDA:0,(anonymous_10)
FNDA:0,(anonymous_11)
FNDA:0,(anonymous_12)
FNDA:0,(anonymous_13)
FNDA:0,(anonymous_14)
FNDA:0,(anonymous_15)
FNDA:0,(anonymous_16)
FNDA:0,(anonymous_17)
FNDA:0,getDeviceLockManager
FNDA:0,withDeviceLock
DA:15,0
DA:39,0
DA:40,0
DA:41,0
DA:45,0
DA:53,0
DA:54,0
DA:62,0
DA:64,0
DA:65,0
DA:66,0
DA:67,0
DA:88,0
DA:90,0
DA:92,0
DA:93,0
DA:97,0
DA:99,0
DA:100,0
DA:102,0
DA:106,0
DA:108,0
DA:114,0
DA:115,0
DA:119,0
DA:120,0
DA:126,0
DA:129,0
DA:130,0
DA:132,0
DA:133,0
DA:134,0
DA:135,0
DA:151,0
DA:153,0
DA:155,0
DA:158,0
DA:159,0
DA:162,0
DA:166,0
DA:169,0
DA:177,0
DA:179,0
DA:180,0
DA:181,0
DA:189,0
DA:196,0
DA:203,0
DA:210,0
DA:217,0
DA:224,0
DA:227,0
DA:228,0
DA:230,0
DA:237,0
DA:238,0
DA:239,0
DA:241,0
DA:246,0
DA:251,0
DA:252,0
DA:253,0
DA:255,0
DA:268,0
DA:275,0
DA:277,0
DA:279,0
DA:282,0
DA:285,0
LF:69
LH:0
BRDA:65,0,0,0
BRDA:65,1,0,0
BRDA:65,1,1,0
BRDA:90,2,0,0
BRDA:97,3,0,0
BRDA:99,4,0,0
BRDA:106,5,0,0
BRDA:129,6,0,0
BRDA:133,7,0,0
BRDA:153,8,0,0
BRDA:158,9,0,0
BRDA:179,10,0,0
BRDA:193,11,0,0
BRDA:193,11,1,0
BRDA:210,12,0,0
BRDA:210,12,1,0
BRDA:237,13,0,0
BRDA:252,14,0,0
BRF:18
BRH:0
end_of_record
TN:
SF:src\device\session-manager.ts
FN:18,(anonymous_0)
FN:32,(anonymous_1)
FN:48,(anonymous_2)
FN:81,(anonymous_3)
FN:88,(anonymous_4)
FN:101,(anonymous_5)
FN:121,(anonymous_6)
FN:148,(anonymous_7)
FN:167,(anonymous_8)
FNF:9
FNH:0
FNDA:0,(anonymous_0)
FNDA:0,(anonymous_1)
FNDA:0,(anonymous_2)
FNDA:0,(anonymous_3)
FNDA:0,(anonymous_4)
FNDA:0,(anonymous_5)
FNDA:0,(anonymous_6)
FNDA:0,(anonymous_7)
FNDA:0,(anonymous_8)
DA:1,1
DA:2,1
DA:12,1
DA:13,0
DA:14,0
DA:15,0
DA:19,0
DA:20,0
DA:23,0
DA:33,0
DA:38,0
DA:50,0
DA:51,0
DA:52,0
DA:53,0
DA:56,0
DA:57,0
DA:61,0
DA:63,0
DA:67,0
DA:68,0
DA:69,0
DA:70,0
DA:71,0
DA:73,0
DA:82,0
DA:84,0
DA:85,0
DA:86,0
DA:88,0
DA:91,0
DA:92,0
DA:95,0
DA:102,0
DA:103,0
DA:106,0
DA:108,0
DA:111,0
DA:114,0
DA:122,0
DA:123,0
DA:131,0
DA:132,0
DA:133,0
DA:136,0
DA:137,0
DA:138,0
DA:141,0
DA:149,0
DA:150,0
DA:153,0
DA:154,0
DA:155,0
DA:159,0
DA:160,0
DA:168,0
DA:169,0
LF:57
LH:3
BRDA:35,0,0,0
BRDA:35,0,1,0
BRDA:50,1,0,0
BRDA:52,2,0,0
BRDA:61,3,0,0
BRDA:85,4,0,0
BRDA:91,5,0,0
BRDA:102,6,0,0
BRDA:102,7,0,0
BRDA:102,7,1,0
BRDA:131,8,0,0
BRDA:137,9,0,0
BRDA:137,10,0,0
BRDA:137,10,1,0
BRDA:149,11,0,0
BRF:15
BRH:0
end_of_record
TN:
SF:src\monitoring\network-monitor.ts
FN:55,(anonymous_0)
FN:63,(anonymous_1)
FN:70,(anonymous_2)
FN:81,(anonymous_3)
FN:102,(anonymous_4)
FN:110,(anonymous_5)
FN:117,(anonymous_6)
FN:124,(anonymous_7)
FN:139,(anonymous_8)
FN:140,(anonymous_9)
FN:146,(anonymous_10)
FN:153,(anonymous_11)
FN:160,(anonymous_12)
FN:200,(anonymous_13)
FN:214,(anonymous_14)
FN:225,(anonymous_15)
FN:232,(anonymous_16)
FN:249,(anonymous_17)
FNF:18
FNH:0
FNDA:0,(anonymous_0)
FNDA:0,(anonymous_1)
FNDA:0,(anonymous_2)
FNDA:0,(anonymous_3)
FNDA:0,(anonymous_4)
FNDA:0,(anonymous_5)
FNDA:0,(anonymous_6)
FNDA:0,(anonymous_7)
FNDA:0,(anonymous_8)
FNDA:0,(anonymous_9)
FNDA:0,(anonymous_10)
FNDA:0,(anonymous_11)
FNDA:0,(anonymous_12)
FNDA:0,(anonymous_13)
FNDA:0,(anonymous_14)
FNDA:0,(anonymous_15)
FNDA:0,(anonymous_16)
FNDA:0,(anonymous_17)
DA:39,0
DA:41,0
DA:44,0
DA:47,0
DA:56,0
DA:57,0
DA:64,0
DA:71,0
DA:82,0
DA:83,0
DA:87,0
DA:90,0
DA:92,0
DA:103,0
DA:106,0
DA:107,0
DA:109,0
DA:110,0
DA:111,0
DA:115,0
DA:117,0
DA:118,0
DA:122,0
DA:124,0
DA:125,0
DA:130,0
DA:140,0
DA:147,0
DA:154,0
DA:166,0
DA:174,0
DA:175,0
DA:177,0
DA:178,0
DA:182,0
DA:183,0
DA:184,0
DA:185,0
DA:191,0
DA:201,0
DA:202,0
DA:215,0
DA:218,0
DA:225,0
DA:232,0
DA:249,0
DA:273,0
LF:47
LH:0
BRDA:82,0,0,0
BRDA:90,1,0,0
BRDA:106,2,0,0
BRDA:107,3,0,0
BRDA:115,4,0,0
BRDA:122,5,0,0
BRDA:140,6,0,0
BRDA:140,6,1,0
BRDA:175,7,0,0
BRDA:175,7,1,0
BRDA:177,8,0,0
BRDA:178,9,0,0
BRDA:178,9,1,0
BRDA:185,10,0,0
BRDA:185,10,1,0
BRDA:227,11,0,0
BRDA:227,11,1,0
BRDA:232,12,0,0
BRDA:232,12,1,0
BRDA:239,13,0,0
BRDA:239,13,1,0
BRDA:240,14,0,0
BRDA:240,14,1,0
BRDA:241,15,0,0
BRDA:241,15,1,0
BRDA:246,16,0,0
BRDA:246,16,1,0
BRDA:247,17,0,0
BRDA:247,17,1,0
BRDA:249,18,0,0
BRDA:249,18,1,0
BRDA:255,19,0,0
BRDA:255,19,1,0
BRDA:256,20,0,0
BRDA:256,20,1,0
BRDA:257,21,0,0
BRDA:257,21,1,0
BRDA:261,22,0,0
BRDA:261,22,1,0
BRDA:266,23,0,0
BRDA:266,23,1,0
BRF:41
BRH:0
end_of_record
TN:
SF:src\monitoring\performance-monitor.ts
FN:48,(anonymous_0)
FN:55,(anonymous_1)
FN:72,(anonymous_2)
FN:90,(anonymous_3)
FN:107,(anonymous_4)
FN:122,(anonymous_5)
FN:197,(anonymous_6)
FN:220,(anonymous_7)
FN:244,(anonymous_8)
FN:251,(anonymous_9)
FN:257,(anonymous_10)
FN:275,(anonymous_11)
FN:281,(anonymous_12)
FN:282,(anonymous_13)
FNF:14
FNH:0
FNDA:0,(anonymous_0)
FNDA:0,(anonymous_1)
FNDA:0,(anonymous_2)
FNDA:0,(anonymous_3)
FNDA:0,(anonymous_4)
FNDA:0,(anonymous_5)
FNDA:0,(anonymous_6)
FNDA:0,(anonymous_7)
FNDA:0,(anonymous_8)
FNDA:0,(anonymous_9)
FNDA:0,(anonymous_10)
FNDA:0,(anonymous_11)
FNDA:0,(anonymous_12)
FNDA:0,(anonymous_13)
DA:8,0
DA:38,0
DA:39,0
DA:40,0
DA:41,0
DA:42,0
DA:43,0
DA:49,0
DA:56,0
DA:78,0
DA:79,0
DA:82,0
DA:83,0
DA:84,0
DA:85,0
DA:87,0
DA:90,0
DA:91,0
DA:92,0
DA:93,0
DA:95,0
DA:112,0
DA:113,0
DA:115,0
DA:126,0
DA:127,0
DA:128,0
DA:131,0
DA:132,0
DA:143,0
DA:144,0
DA:145,0
DA:148,0
DA:152,0
DA:153,0
DA:164,0
DA:165,0
DA:166,0
DA:169,0
DA:170,0
DA:171,0
DA:172,0
DA:173,0
DA:176,0
DA:180,0
DA:183,0
DA:201,0
DA:205,0
DA:207,0
DA:221,0
DA:222,0
DA:225,0
DA:226,0
DA:227,0
DA:230,0
DA:231,0
DA:233,0
DA:234,0
DA:235,0
DA:236,0
DA:238,0
DA:245,0
DA:252,0
DA:253,0
DA:256,0
DA:257,0
DA:265,0
DA:276,0
DA:277,0
DA:280,0
DA:281,0
DA:282,0
LF:72
LH:0
BRDA:76,0,0,0
BRDA:78,1,0,0
BRDA:112,2,0,0
BRDA:112,2,1,0
BRDA:144,3,0,0
BRDA:166,4,0,0
BRDA:171,5,0,0
BRDA:221,6,0,0
BRDA:225,7,0,0
BRDA:252,8,0,0
BRDA:276,9,0,0
BRF:11
BRH:0
end_of_record
TN:
SF:src\monitoring\trace-recorder.ts
FN:251,(anonymous_9)
FN:269,(anonymous_10)
FN:283,(anonymous_11)
FN:305,(anonymous_12)
FN:318,(anonymous_13)
FN:348,(anonymous_14)
FN:369,(anonymous_15)
FN:392,(anonymous_16)
FN:417,(anonymous_17)
FN:441,(anonymous_18)
FN:464,(anonymous_19)
FN:485,(anonymous_20)
FN:494,(anonymous_21)
FN:505,(anonymous_22)
FN:524,(anonymous_23)
FN:544,(anonymous_24)
FN:562,(anonymous_25)
FN:574,(anonymous_26)
FN:584,(anonymous_27)
FN:585,(anonymous_28)
FN:595,(anonymous_29)
FN:597,(anonymous_30)
FNF:22
FNH:1
FNDA:1,(anonymous_9)
FNDA:0,(anonymous_10)
FNDA:0,(anonymous_11)
FNDA:0,(anonymous_12)
FNDA:0,(anonymous_13)
FNDA:0,(anonymous_14)
FNDA:0,(anonymous_15)
FNDA:0,(anonymous_16)
FNDA:0,(anonymous_17)
FNDA:0,(anonymous_18)
FNDA:0,(anonymous_19)
FNDA:0,(anonymous_20)
FNDA:0,(anonymous_21)
FNDA:0,(anonymous_22)
FNDA:0,(anonymous_23)
FNDA:0,(anonymous_24)
FNDA:0,(anonymous_25)
FNDA:0,(anonymous_26)
FNDA:0,(anonymous_27)
FNDA:0,(anonymous_28)
FNDA:0,(anonymous_29)
FNDA:0,(anonymous_30)
DA:34,1
DA:35,1
DA:233,1
DA:235,1
DA:236,1
DA:237,1
DA:238,1
DA:244,1
DA:253,1
DA:270,0
DA:271,0
DA:272,0
DA:273,0
DA:274,0
DA:276,0
DA:284,0
DA:285,0
DA:288,0
DA:289,0
DA:291,0
DA:292,0
DA:295,0
DA:296,0
DA:306,0
DA:325,0
DA:327,0
DA:334,0
DA:349,0
DA:350,0
DA:352,0
DA:357,0
DA:370,0
DA:371,0
DA:373,0
DA:378,0
DA:393,0
DA:394,0
DA:396,0
DA:402,0
DA:418,0
DA:419,0
DA:421,0
DA:428,0
DA:442,0
DA:444,0
DA:445,0
DA:447,0
DA:466,0
DA:467,0
DA:470,0
DA:471,0
DA:472,0
DA:473,0
DA:476,0
DA:477,0
DA:486,0
DA:495,0
DA:505,0
DA:506,0
DA:509,0
DA:525,0
DA:527,0
DA:545,0
DA:548,0
DA:549,0
DA:552,0
DA:554,0
DA:555,0
DA:563,0
DA:564,0
DA:565,0
DA:566,0
DA:575,0
DA:585,0
DA:596,0
DA:597,0
DA:616,1
LF:77
LH:10
BRDA:251,0,0,1
BRDA:254,1,0,1
BRDA:254,1,1,1
BRDA:255,2,0,1
BRDA:255,2,1,1
BRDA:256,3,0,1
BRDA:256,3,1,1
BRDA:257,4,0,1
BRDA:257,4,1,1
BRDA:258,5,0,1
BRDA:258,5,1,1
BRDA:259,6,0,1
BRDA:259,6,1,1
BRDA:260,7,0,1
BRDA:260,7,1,1
BRDA:261,8,0,1
BRDA:261,8,1,1
BRDA:284,9,0,0
BRDA:295,10,0,0
BRDA:295,11,0,0
BRDA:295,11,1,0
BRDA:325,12,0,0
BRDA:349,13,0,0
BRDA:350,14,0,0
BRDA:370,15,0,0
BRDA:371,16,0,0
BRDA:393,17,0,0
BRDA:394,18,0,0
BRDA:418,19,0,0
BRDA:419,20,0,0
BRDA:442,21,0,0
BRDA:444,22,0,0
BRDA:444,22,1,0
BRDA:445,23,0,0
BRDA:445,23,1,0
BRDA:470,24,0,0
BRDA:506,25,0,0
BRDA:506,25,1,0
BRDA:525,26,0,0
BRDA:525,26,1,0
BRDA:597,27,0,0
BRDA:597,27,1,0
BRF:42
BRH:17
end_of_record
TN:
SF:src\monitoring\video-recorder.ts
FN:47,(anonymous_1)
FN:54,(anonymous_2)
FN:70,(anonymous_3)
FN:104,(anonymous_4)
FN:132,(anonymous_5)
FN:143,(anonymous_6)
FN:159,(anonymous_7)
FN:167,(anonymous_8)
FN:175,(anonymous_9)
FN:190,(anonymous_10)
FN:231,(anonymous_11)
FN:235,(anonymous_12)
FN:267,(anonymous_13)
FNF:13
FNH:0
FNDA:0,(anonymous_1)
FNDA:0,(anonymous_2)
FNDA:0,(anonymous_3)
FNDA:0,(anonymous_4)
FNDA:0,(anonymous_5)
FNDA:0,(anonymous_6)
FNDA:0,(anonymous_7)
FNDA:0,(anonymous_8)
FNDA:0,(anonymous_9)
FNDA:0,(anonymous_10)
FNDA:0,(anonymous_11)
FNDA:0,(anonymous_12)
FNDA:0,(anonymous_13)
DA:8,0
DA:9,0
DA:10,0
DA:11,0
DA:13,0
DA:37,0
DA:38,0
DA:39,0
DA:40,0
DA:41,0
DA:42,0
DA:48,0
DA:55,0
DA:75,0
DA:76,0
DA:80,0
DA:81,0
DA:82,0
DA:86,0
DA:87,0
DA:88,0
DA:89,0
DA:91,0
DA:92,0
DA:94,0
DA:97,0
DA:98,0
DA:109,0
DA:112,0
DA:113,0
DA:115,0
DA:118,0
DA:119,0
DA:122,0
DA:123,0
DA:127,0
DA:129,0
DA:132,0
DA:134,0
DA:135,0
DA:148,0
DA:151,0
DA:154,0
DA:156,0
DA:159,0
DA:161,0
DA:162,0
DA:167,0
DA:176,0
DA:177,0
DA:180,0
DA:181,0
DA:184,0
DA:187,0
DA:190,0
DA:191,0
DA:192,0
DA:194,0
DA:196,0
DA:201,0
DA:202,0
DA:206,0
DA:207,0
DA:211,0
DA:212,0
DA:215,0
DA:216,0
DA:217,0
DA:218,0
DA:219,0
DA:220,0
DA:222,0
DA:232,0
DA:235,0
DA:238,0
DA:239,0
DA:247,0
DA:250,0
DA:258,0
DA:260,0
DA:268,0
DA:269,0
DA:272,0
DA:273,0
DA:277,0
DA:278,0
DA:279,0
DA:291,0
DA:292,0
DA:296,0
DA:297,0
DA:298,0
DA:299,0
DA:300,0
DA:302,0
LF:95
LH:0
BRDA:73,0,0,0
BRDA:75,1,0,0
BRDA:81,2,0,0
BRDA:91,3,0,0
BRDA:91,3,1,0
BRDA:112,4,0,0
BRDA:112,4,1,0
BRDA:118,5,0,0
BRDA:122,6,0,0
BRDA:134,7,0,0
BRDA:134,8,0,0
BRDA:134,8,1,0
BRDA:161,9,0,0
BRDA:161,10,0,0
BRDA:161,10,1,0
BRDA:176,11,0,0
BRDA:180,12,0,0
BRDA:191,13,0,0
BRDA:191,13,1,0
BRDA:201,14,0,0
BRDA:206,15,0,0
BRDA:268,16,0,0
BRDA:272,17,0,0
BRDA:277,18,0,0
BRDA:291,19,0,0
BRDA:291,20,0,0
BRDA:291,20,1,0
BRF:27
BRH:0
end_of_record
TN:
SF:src\operations\auto-retry.ts
FN:164,(anonymous_0)
FN:251,(anonymous_1)
FN:287,(anonymous_2)
FN:310,(anonymous_3)
FN:337,(anonymous_4)
FN:352,(anonymous_5)
FN:353,(anonymous_6)
FNF:7
FNH:0
FNDA:0,(anonymous_0)
FNDA:0,(anonymous_1)
FNDA:0,(anonymous_2)
FNDA:0,(anonymous_3)
FNDA:0,(anonymous_4)
FNDA:0,(anonymous_5)
FNDA:0,(anonymous_6)
DA:94,0
DA:127,0
DA:129,0
DA:168,0
DA:169,0
DA:170,0
DA:173,0
DA:174,0
DA:176,0
DA:179,0
DA:180,0
DA:181,0
DA:183,0
DA:186,0
DA:187,0
DA:188,0
DA:190,0
DA:191,0
DA:192,0
DA:194,0
DA:195,0
DA:198,0
DA:200,0
DA:201,0
DA:204,0
DA:205,0
DA:206,0
DA:207,0
DA:208,0
DA:209,0
DA:213,0
DA:214,0
DA:215,0
DA:216,0
DA:217,0
DA:218,0
DA:222,0
DA:225,0
DA:226,0
DA:229,0
DA:232,0
DA:233,0
DA:238,0
DA:255,0
DA:256,0
DA:258,0
DA:259,0
DA:260,0
DA:262,0
DA:270,0
DA:272,0
DA:288,0
DA:290,0
DA:291,0
DA:292,0
DA:293,0
DA:294,0
DA:297,0
DA:298,0
DA:299,0
DA:304,0
DA:311,0
DA:312,0
DA:314,0
DA:338,0
DA:346,0
DA:353,0
LF:67
LH:0
BRDA:190,0,0,0
BRDA:190,0,1,0
BRDA:204,1,0,0
BRDA:213,2,0,0
BRDA:225,3,0,0
BRDA:270,4,0,0
BRDA:270,4,1,0
BRDA:291,5,0,0
BRDA:291,5,1,0
BRDA:292,6,0,0
BRDA:297,7,0,0
BRDA:320,8,0,0
BRDA:320,8,1,0
BRDA:324,9,0,0
BRDA:324,9,1,0
BRDA:328,10,0,0
BRDA:328,10,1,0
BRF:17
BRH:0
end_of_record
TN:
SF:src\operations\batch-operations.ts
FN:83,(anonymous_0)
FN:166,(anonymous_1)
FN:167,(anonymous_2)
FN:168,(anonymous_3)
FN:194,(anonymous_4)
FN:249,(anonymous_5)
FN:292,(anonymous_6)
FN:293,(anonymous_7)
FNF:8
FNH:0
FNDA:0,(anonymous_0)
FNDA:0,(anonymous_1)
FNDA:0,(anonymous_2)
FNDA:0,(anonymous_3)
FNDA:0,(anonymous_4)
FNDA:0,(anonymous_5)
FNDA:0,(anonymous_6)
FNDA:0,(anonymous_7)
DA:67,0
DA:88,0
DA:89,0
DA:90,0
DA:93,0
DA:94,0
DA:97,0
DA:98,0
DA:99,0
DA:101,0
DA:102,0
DA:103,0
DA:106,0
DA:108,0
DA:109,0
DA:111,0
DA:118,0
DA:121,0
DA:122,0
DA:126,0
DA:127,0
DA:129,0
DA:131,0
DA:139,0
DA:140,0
DA:141,0
DA:142,0
DA:144,0
DA:149,0
DA:150,0
DA:153,0
DA:154,0
DA:159,0
DA:165,0
DA:166,0
DA:167,0
DA:168,0
DA:169,0
DA:171,0
DA:173,0
DA:195,0
DA:198,0
DA:199,0
DA:200,0
DA:202,0
DA:203,0
DA:207,0
DA:208,0
DA:209,0
DA:211,0
DA:212,0
DA:213,0
DA:215,0
DA:217,0
DA:221,0
DA:222,0
DA:223,0
DA:225,0
DA:227,0
DA:231,0
DA:232,0
DA:233,0
DA:235,0
DA:236,0
DA:240,0
DA:241,0
DA:245,0
DA:246,0
DA:248,0
DA:249,0
DA:250,0
DA:253,0
DA:254,0
DA:256,0
DA:259,0
DA:261,0
DA:264,0
DA:268,0
DA:269,0
DA:270,0
DA:272,0
DA:273,0
DA:277,0
DA:278,0
DA:279,0
DA:281,0
DA:282,0
DA:285,0
DA:293,0
LF:89
LH:0
BRDA:88,0,0,0
BRDA:88,1,0,0
BRDA:88,2,0,0
BRDA:88,3,0,0
BRDA:88,3,1,0
BRDA:102,4,0,0
BRDA:121,5,0,0
BRDA:121,6,0,0
BRDA:121,6,1,0
BRDA:127,7,0,0
BRDA:127,7,1,0
BRDA:139,8,0,0
BRDA:139,9,0,0
BRDA:139,9,1,0
BRDA:149,10,0,0
BRDA:195,11,0,0
BRDA:195,11,1,0
BRDA:195,11,2,0
BRDA:195,11,3,0
BRDA:195,11,4,0
BRDA:195,11,5,0
BRDA:195,11,6,0
BRDA:195,11,7,0
BRDA:195,11,8,0
BRDA:199,12,0,0
BRDA:199,13,0,0
BRDA:199,13,1,0
BRDA:208,14,0,0
BRDA:211,15,0,0
BRDA:211,15,1,0
BRDA:213,16,0,0
BRDA:213,16,1,0
BRDA:213,17,0,0
BRDA:213,17,1,0
BRDA:222,18,0,0
BRDA:227,19,0,0
BRDA:227,19,1,0
BRDA:232,20,0,0
BRDA:232,21,0,0
BRDA:232,21,1,0
BRDA:248,22,0,0
BRDA:250,23,0,0
BRDA:250,23,1,0
BRDA:253,24,0,0
BRDA:259,25,0,0
BRDA:269,26,0,0
BRDA:278,27,0,0
BRF:47
BRH:0
end_of_record
TN:
SF:src\operations\enhanced-loading-detector.ts
FN:149,(anonymous_0)
FN:165,(anonymous_1)
FN:250,(anonymous_2)
FN:301,(anonymous_3)
FN:360,(anonymous_4)
FN:403,(anonymous_5)
FN:416,(anonymous_6)
FN:417,(anonymous_7)
FN:442,(anonymous_8)
FN:450,(anonymous_9)
FN:473,(anonymous_10)
FN:488,(anonymous_11)
FN:496,(anonymous_12)
FN:497,(anonymous_13)
FN:518,(anonymous_14)
FN:584,(anonymous_15)
FN:620,(anonymous_16)
FN:683,(anonymous_17)
FN:727,(anonymous_18)
FNF:19
FNH:0
FNDA:0,(anonymous_0)
FNDA:0,(anonymous_1)
FNDA:0,(anonymous_2)
FNDA:0,(anonymous_3)
FNDA:0,(anonymous_4)
FNDA:0,(anonymous_5)
FNDA:0,(anonymous_6)
FNDA:0,(anonymous_7)
FNDA:0,(anonymous_8)
FNDA:0,(anonymous_9)
FNDA:0,(anonymous_10)
FNDA:0,(anonymous_11)
FNDA:0,(anonymous_12)
FNDA:0,(anonymous_13)
FNDA:0,(anonymous_14)
FNDA:0,(anonymous_15)
FNDA:0,(anonymous_16)
FNDA:0,(anonymous_17)
FNDA:0,(anonymous_18)
DA:31,0
DA:111,0
DA:113,0
DA:134,0
DA:137,0
DA:147,0
DA:149,0
DA:172,0
DA:174,0
DA:175,0
DA:176,0
DA:178,0
DA:179,0
DA:182,0
DA:183,0
DA:185,0
DA:186,0
DA:189,0
DA:191,0
DA:192,0
DA:194,0
DA:196,0
DA:197,0
DA:198,0
DA:200,0
DA:203,0
DA:204,0
DA:205,0
DA:207,0
DA:211,0
DA:212,0
DA:216,0
DA:217,0
DA:218,0
DA:220,0
DA:221,0
DA:224,0
DA:230,0
DA:231,0
DA:232,0
DA:234,0
DA:235,0
DA:254,0
DA:255,0
DA:256,0
DA:258,0
DA:260,0
DA:261,0
DA:262,0
DA:263,0
DA:265,0
DA:267,0
DA:268,0
DA:269,0
DA:270,0
DA:272,0
DA:273,0
DA:275,0
DA:285,0
DA:286,0
DA:289,0
DA:292,0
DA:306,0
DA:307,0
DA:308,0
DA:309,0
DA:311,0
DA:313,0
DA:314,0
DA:315,0
DA:316,0
DA:318,0
DA:320,0
DA:321,0
DA:322,0
DA:324,0
DA:326,0
DA:328,0
DA:329,0
DA:331,0
DA:342,0
DA:343,0
DA:345,0
DA:346,0
DA:349,0
DA:352,0
DA:361,0
DA:363,0
DA:364,0
DA:366,0
DA:367,0
DA:371,0
DA:372,0
DA:373,0
DA:374,0
DA:379,0
DA:380,0
DA:381,0
DA:382,0
DA:387,0
DA:388,0
DA:389,0
DA:390,0
DA:391,0
DA:397,0
DA:404,0
DA:405,0
DA:407,0
DA:417,0
DA:423,0
DA:443,0
DA:444,0
DA:451,0
DA:474,0
DA:482,0
DA:489,0
DA:490,0
DA:497,0
DA:523,0
DA:524,0
DA:525,0
DA:527,0
DA:529,0
DA:530,0
DA:534,0
DA:536,0
DA:537,0
DA:539,0
DA:540,0
DA:541,0
DA:543,0
DA:544,0
DA:546,0
DA:556,0
DA:557,0
DA:559,0
DA:562,0
DA:566,0
DA:567,0
DA:569,0
DA:595,0
DA:625,0
DA:626,0
DA:628,0
DA:630,0
DA:631,0
DA:634,0
DA:635,0
DA:638,0
DA:641,0
DA:643,0
DA:645,0
DA:647,0
DA:648,0
DA:650,0
DA:660,0
DA:664,0
DA:665,0
DA:667,0
DA:688,0
DA:689,0
DA:693,0
DA:694,0
DA:696,0
DA:697,0
DA:701,0
DA:702,0
DA:704,0
DA:705,0
DA:706,0
DA:711,0
DA:731,0
DA:733,0
DA:736,0
DA:744,0
DA:748,0
DA:751,0
LF:177
LH:0
BRDA:167,0,0,0
BRDA:168,1,0,0
BRDA:169,2,0,0
BRDA:170,3,0,0
BRDA:171,4,0,0
BRDA:172,5,0,0
BRDA:172,5,1,0
BRDA:185,6,0,0
BRDA:194,7,0,0
BRDA:194,7,1,0
BRDA:194,7,2,0
BRDA:197,8,0,0
BRDA:204,9,0,0
BRDA:216,10,0,0
BRDA:216,11,0,0
BRDA:216,11,1,0
BRDA:265,12,0,0
BRDA:265,12,1,0
BRDA:267,13,0,0
BRDA:267,13,1,0
BRDA:270,14,0,0
BRDA:318,15,0,0
BRDA:318,15,1,0
BRDA:320,16,0,0
BRDA:320,16,1,0
BRDA:326,17,0,0
BRDA:342,18,0,0
BRDA:366,19,0,0
BRDA:366,20,0,0
BRDA:366,20,1,0
BRDA:366,20,2,0
BRDA:371,21,0,0
BRDA:371,22,0,0
BRDA:371,22,1,0
BRDA:372,23,0,0
BRDA:379,24,0,0
BRDA:379,25,0,0
BRDA:379,25,1,0
BRDA:380,26,0,0
BRDA:387,27,0,0
BRDA:387,28,0,0
BRDA:387,28,1,0
BRDA:389,29,0,0
BRDA:389,30,0,0
BRDA:389,30,1,0
BRDA:404,31,0,0
BRDA:419,32,0,0
BRDA:419,32,1,0
BRDA:420,33,0,0
BRDA:420,33,1,0
BRDA:458,34,0,0
BRDA:458,34,1,0
BRDA:462,35,0,0
BRDA:462,35,1,0
BRDA:519,36,0,0
BRDA:520,37,0,0
BRDA:521,38,0,0
BRDA:536,39,0,0
BRDA:536,39,1,0
BRDA:537,40,0,0
BRDA:537,40,1,0
BRDA:541,41,0,0
BRDA:556,42,0,0
BRDA:621,43,0,0
BRDA:622,44,0,0
BRDA:623,45,0,0
BRDA:645,46,0,0
BRDA:688,47,0,0
BRDA:696,48,0,0
BRDA:705,49,0,0
BRDA:728,50,0,0
BRDA:729,51,0,0
BRDA:733,52,0,0
BRDA:733,52,1,0
BRDA:733,52,2,0
BRDA:733,52,3,0
BRF:76
BRH:0
end_of_record
TN:
SF:src\operations\loading-detector.ts
FN:59,(anonymous_1)
FN:151,(anonymous_2)
FN:204,(anonymous_3)
FN:205,(anonymous_4)
FN:219,(anonymous_5)
FN:238,(anonymous_6)
FNF:6
FNH:0
FNDA:0,(anonymous_1)
FNDA:0,(anonymous_2)
FNDA:0,(anonymous_3)
FNDA:0,(anonymous_4)
FNDA:0,(anonymous_5)
FNDA:0,(anonymous_6)
DA:20,0
DA:47,0
DA:68,0
DA:70,0
DA:72,0
DA:73,0
DA:74,0
DA:75,0
DA:77,0
DA:79,0
DA:80,0
DA:82,0
DA:84,0
DA:86,0
DA:88,0
DA:90,0
DA:92,0
DA:93,0
DA:96,0
DA:98,0
DA:100,0
DA:101,0
DA:103,0
DA:110,0
DA:115,0
DA:116,0
DA:118,0
DA:123,0
DA:126,0
DA:130,0
DA:131,0
DA:133,0
DA:152,0
DA:154,0
DA:160,0
DA:162,0
DA:163,0
DA:167,0
DA:168,0
DA:170,0
DA:171,0
DA:175,0
DA:176,0
DA:179,0
DA:181,0
DA:182,0
DA:183,0
DA:189,0
DA:190,0
DA:192,0
DA:195,0
DA:197,0
DA:205,0
DA:225,0
DA:227,0
DA:228,0
DA:229,0
DA:231,0
DA:232,0
DA:235,0
DA:238,0
DA:239,0
DA:243,0
DA:245,0
DA:246,0
DA:247,0
DA:249,0
DA:258,0
DA:262,0
DA:263,0
DA:265,0
LF:71
LH:0
BRDA:64,0,0,0
BRDA:65,1,0,0
BRDA:66,2,0,0
BRDA:67,3,0,0
BRDA:68,4,0,0
BRDA:68,4,1,0
BRDA:82,5,0,0
BRDA:88,6,0,0
BRDA:88,6,1,0
BRDA:90,7,0,0
BRDA:90,7,1,0
BRDA:98,8,0,0
BRDA:98,8,1,0
BRDA:115,9,0,0
BRDA:160,10,0,0
BRDA:160,11,0,0
BRDA:160,11,1,0
BRDA:170,12,0,0
BRDA:222,13,0,0
BRDA:223,14,0,0
BRDA:225,15,0,0
BRDA:225,15,1,0
BRDA:239,16,0,0
BRDA:239,16,1,0
BRDA:243,17,0,0
BRDA:243,17,1,0
BRDA:245,18,0,0
BRDA:252,19,0,0
BRDA:252,19,1,0
BRF:29
BRH:0
end_of_record
TN:
SF:src\operations\robot-retry-helper.ts
FN:46,(anonymous_0)
FN:111,(anonymous_1)
FN:165,(anonymous_2)
FN:194,(anonymous_3)
FN:195,(anonymous_4)
FNF:5
FNH:0
FNDA:0,(anonymous_0)
FNDA:0,(anonymous_1)
FNDA:0,(anonymous_2)
FNDA:0,(anonymous_3)
FNDA:0,(anonymous_4)
DA:29,0
DA:52,0
DA:54,0
DA:56,0
DA:57,0
DA:59,0
DA:60,0
DA:63,0
DA:64,0
DA:68,0
DA:71,0
DA:73,0
DA:74,0
DA:75,0
DA:77,0
DA:80,0
DA:81,0
DA:86,0
DA:87,0
DA:90,0
DA:91,0
DA:95,0
DA:99,0
DA:116,0
DA:118,0
DA:120,0
DA:121,0
DA:122,0
DA:123,0
DA:126,0
DA:127,0
DA:131,0
DA:134,0
DA:135,0
DA:136,0
DA:137,0
DA:139,0
DA:140,0
DA:141,0
DA:146,0
DA:147,0
DA:148,0
DA:153,0
DA:170,0
DA:172,0
DA:174,0
DA:175,0
DA:176,0
DA:177,0
DA:178,0
DA:181,0
DA:182,0
DA:183,0
DA:188,0
DA:195,0
LF:55
LH:0
BRDA:52,0,0,0
BRDA:52,1,0,0
BRDA:52,2,0,0
BRDA:52,2,1,0
BRDA:63,3,0,0
BRDA:73,4,0,0
BRDA:73,4,1,0
BRDA:80,5,0,0
BRDA:86,6,0,0
BRDA:86,6,1,0
BRDA:90,7,0,0
BRDA:116,8,0,0
BRDA:116,9,0,0
BRDA:116,10,0,0
BRDA:116,10,1,0
BRDA:126,11,0,0
BRDA:135,12,0,0
BRDA:135,12,1,0
BRDA:140,13,0,0
BRDA:147,14,0,0
BRDA:170,15,0,0
BRDA:170,16,0,0
BRDA:170,17,0,0
BRDA:170,17,1,0
BRDA:182,18,0,0
BRF:25
BRH:0
end_of_record
TN:
SF:src\platforms\android.ts
FN:35,(anonymous_10)
FN:93,(anonymous_11)
FN:102,(anonymous_12)
FN:115,(anonymous_13)
FN:133,(anonymous_14)
FN:140,(anonymous_15)
FN:144,(anonymous_16)
FN:151,(anonymous_17)
FN:155,(anonymous_18)
FN:156,(anonymous_19)
FN:157,(anonymous_20)
FN:164,(anonymous_21)
FN:188,(anonymous_22)
FN:193,(anonymous_23)
FN:194,(anonymous_24)
FN:195,(anonymous_25)
FN:196,(anonymous_26)
FN:197,(anonymous_27)
FN:203,(anonymous_28)
FN:207,(anonymous_29)
FN:208,(anonymous_30)
FN:209,(anonymous_31)
FN:212,(anonymous_32)
FN:220,(anonymous_33)
FN:227,(anonymous_34)
FN:235,(anonymous_35)
FN:239,(anonymous_36)
FN:240,(anonymous_37)
FN:241,(anonymous_38)
FN:244,(anonymous_39)
FN:308,(anonymous_40)
FN:350,(anonymous_41)
FN:354,(anonymous_42)
FN:358,(anonymous_43)
FN:362,(anonymous_44)
FN:364,(anonymous_45)
FN:366,(anonymous_46)
FN:383,(anonymous_47)
FN:394,(anonymous_48)
FN:438,(anonymous_49)
FN:468,(anonymous_50)
FN:492,(anonymous_51)
FN:503,(anonymous_52)
FN:534,(anonymous_53)
FN:560,(anonymous_54)
FN:564,(anonymous_55)
FN:570,(anonymous_56)
FN:576,(anonymous_57)
FN:580,(anonymous_58)
FN:586,(anonymous_59)
FN:597,(anonymous_60)
FN:611,(anonymous_61)
FN:646,(anonymous_62)
FN:658,(anonymous_63)
FN:692,(anonymous_64)
FN:727,(anonymous_65)
FN:741,(anonymous_66)
FN:750,(anonymous_67)
FN:751,(anonymous_68)
FN:766,(anonymous_69)
FN:796,(anonymous_70)
FN:797,(anonymous_71)
FN:819,(anonymous_72)
FN:842,(anonymous_73)
FN:960,(anonymous_74)
FN:981,(anonymous_75)
FN:982,(anonymous_76)
FN:1001,(anonymous_77)
FN:1018,(anonymous_78)
FN:1038,(anonymous_79)
FN:1059,(anonymous_80)
FN:1077,(anonymous_81)
FN:1092,(anonymous_82)
FN:1108,(anonymous_83)
FN:1132,(anonymous_84)
FN:1155,(anonymous_85)
FN:1168,(anonymous_86)
FN:1181,(anonymous_87)
FN:1197,(anonymous_88)
FN:1208,(anonymous_89)
FN:1228,(anonymous_90)
FN:1242,(anonymous_91)
FN:1266,(anonymous_92)
FN:1295,(anonymous_93)
FN:1305,(anonymous_94)
FN:1320,(anonymous_95)
FN:1330,(anonymous_96)
FN:1335,(anonymous_97)
FN:1336,(anonymous_98)
FN:1337,(anonymous_99)
FN:1338,(anonymous_100)
FN:1340,(anonymous_101)
FNF:92
FNH:6
FNDA:1,(anonymous_10)
FNDA:1,(anonymous_11)
FNDA:0,(anonymous_12)
FNDA:0,(anonymous_13)
FNDA:0,(anonymous_14)
FNDA:0,(anonymous_15)
FNDA:0,(anonymous_16)
FNDA:0,(anonymous_17)
FNDA:0,(anonymous_18)
FNDA:0,(anonymous_19)
FNDA:0,(anonymous_20)
FNDA:0,(anonymous_21)
FNDA:0,(anonymous_22)
FNDA:0,(anonymous_23)
FNDA:0,(anonymous_24)
FNDA:0,(anonymous_25)
FNDA:0,(anonymous_26)
FNDA:0,(anonymous_27)
FNDA:0,(anonymous_28)
FNDA:0,(anonymous_29)
FNDA:0,(anonymous_30)
FNDA:0,(anonymous_31)
FNDA:0,(anonymous_32)
FNDA:0,(anonymous_33)
FNDA:0,(anonymous_34)
FNDA:0,(anonymous_35)
FNDA:0,(anonymous_36)
FNDA:0,(anonymous_37)
FNDA:0,(anonymous_38)
FNDA:0,(anonymous_39)
FNDA:0,(anonymous_40)
FNDA:0,(anonymous_41)
FNDA:0,(anonymous_42)
FNDA:0,(anonymous_43)
FNDA:0,(anonymous_44)
FNDA:0,(anonymous_45)
FNDA:0,(anonymous_46)
FNDA:0,(anonymous_47)
FNDA:0,(anonymous_48)
FNDA:0,(anonymous_49)
FNDA:0,(anonymous_50)
FNDA:0,(anonymous_51)
FNDA:0,(anonymous_52)
FNDA:0,(anonymous_53)
FNDA:0,(anonymous_54)
FNDA:0,(anonymous_55)
FNDA:0,(anonymous_56)
FNDA:0,(anonymous_57)
FNDA:0,(anonymous_58)
FNDA:0,(anonymous_59)
FNDA:0,(anonymous_60)
FNDA:0,(anonymous_61)
FNDA:0,(anonymous_62)
FNDA:0,(anonymous_63)
FNDA:0,(anonymous_64)
FNDA:0,(anonymous_65)
FNDA:0,(anonymous_66)
FNDA:0,(anonymous_67)
FNDA:0,(anonymous_68)
FNDA:0,(anonymous_69)
FNDA:0,(anonymous_70)
FNDA:0,(anonymous_71)
FNDA:0,(anonymous_72)
FNDA:0,(anonymous_73)
FNDA:0,(anonymous_74)
FNDA:0,(anonymous_75)
FNDA:0,(anonymous_76)
FNDA:0,(anonymous_77)
FNDA:0,(anonymous_78)
FNDA:0,(anonymous_79)
FNDA:0,(anonymous_80)
FNDA:0,(anonymous_81)
FNDA:0,(anonymous_82)
FNDA:0,(anonymous_83)
FNDA:0,(anonymous_84)
FNDA:0,(anonymous_85)
FNDA:0,(anonymous_86)
FNDA:0,(anonymous_87)
FNDA:0,(anonymous_88)
FNDA:0,(anonymous_89)
FNDA:0,(anonymous_90)
FNDA:0,(anonymous_91)
FNDA:0,(anonymous_92)
FNDA:0,(anonymous_93)
FNDA:0,(anonymous_94)
FNDA:0,(anonymous_95)
FNDA:1,(anonymous_96)
FNDA:3,(anonymous_97)
FNDA:3,(anonymous_98)
FNDA:1,(anonymous_99)
FNDA:0,(anonymous_100)
FNDA:0,(anonymous_101)
DA:1,1
DA:2,1
DA:3,1
DA:5,1
DA:7,1
DA:8,1
DA:9,1
DA:10,1
DA:11,1
DA:35,1
DA:36,1
DA:37,1
DA:40,0
DA:41,0
DA:42,0
DA:45,0
DA:48,1
DA:77,1
DA:84,1
DA:86,1
DA:87,1
DA:91,1
DA:93,1
DA:103,0
DA:107,0
DA:116,0
DA:117,0
DA:120,0
DA:121,0
DA:126,0
DA:134,0
DA:141,0
DA:145,0
DA:152,0
DA:155,0
DA:156,0
DA:157,0
DA:166,0
DA:167,0
DA:171,0
DA:176,0
DA:177,0
DA:180,0
DA:181,0
DA:184,0
DA:185,0
DA:190,0
DA:193,0
DA:194,0
DA:195,0
DA:196,0
DA:197,0
DA:204,0
DA:207,0
DA:208,0
DA:209,0
DA:214,0
DA:217,0
DA:218,0
DA:220,0
DA:221,0
DA:225,0
DA:226,0
DA:227,0
DA:229,0
DA:232,0
DA:236,0
DA:239,0
DA:240,0
DA:241,0
DA:245,0
DA:248,0
DA:250,0
DA:251,0
DA:252,0
DA:256,0
DA:258,0
DA:259,0
DA:260,0
DA:261,0
DA:263,0
DA:264,0
DA:265,0
DA:266,0
DA:268,0
DA:269,0
DA:270,0
DA:271,0
DA:273,0
DA:274,0
DA:275,0
DA:276,0
DA:278,0
DA:281,0
DA:284,0
DA:286,0
DA:289,0
DA:290,0
DA:291,0
DA:293,0
DA:294,0
DA:298,0
DA:300,0
DA:301,0
DA:302,0
DA:303,0
DA:304,0
DA:309,0
DA:314,0
DA:315,0
DA:316,0
DA:317,0
DA:319,0
DA:321,0
DA:322,0
DA:323,0
DA:324,0
DA:326,0
DA:327,0
DA:328,0
DA:329,0
DA:331,0
DA:332,0
DA:333,0
DA:334,0
DA:336,0
DA:337,0
DA:338,0
DA:339,0
DA:341,0
DA:344,0
DA:347,0
DA:351,0
DA:354,0
DA:359,0
DA:362,0
DA:364,0
DA:366,0
DA:368,0
DA:369,0
DA:370,0
DA:371,0
DA:372,0
DA:373,0
DA:376,0
DA:380,0
DA:384,0
DA:386,0
DA:390,0
DA:391,0
DA:395,0
DA:397,0
DA:398,0
DA:399,0
DA:400,0
DA:403,0
DA:407,0
DA:408,0
DA:415,0
DA:417,0
DA:420,0
DA:421,0
DA:422,0
DA:425,0
DA:426,0
DA:430,0
DA:440,0
DA:441,0
DA:442,0
DA:444,0
DA:449,0
DA:450,0
DA:451,0
DA:454,0
DA:459,0
DA:469,0
DA:472,0
DA:475,0
DA:478,0
DA:499,0
DA:500,0
DA:503,0
DA:504,0
DA:507,0
DA:509,0
DA:510,0
DA:511,0
DA:512,0
DA:516,0
DA:517,0
DA:522,0
DA:536,0
DA:537,0
DA:541,0
DA:542,0
DA:545,0
DA:546,0
DA:548,0
DA:553,0
DA:561,0
DA:566,0
DA:567,0
DA:572,0
DA:573,0
DA:577,0
DA:583,0
DA:587,0
DA:588,0
DA:599,0
DA:603,0
DA:604,0
DA:608,0
DA:612,0
DA:615,0
DA:619,0
DA:620,0
DA:623,0
DA:626,0
DA:627,0
DA:628,0
DA:630,0
DA:633,0
DA:634,0
DA:637,0
DA:639,0
DA:643,0
DA:647,0
DA:648,0
DA:651,0
DA:652,0
DA:655,0
DA:659,0
DA:662,0
DA:664,0
DA:665,0
DA:668,0
DA:670,0
DA:673,0
DA:674,0
DA:675,0
DA:677,0
DA:678,0
DA:682,0
DA:684,0
DA:685,0
DA:686,0
DA:687,0
DA:688,0
DA:693,0
DA:696,0
DA:698,0
DA:700,0
DA:703,0
DA:705,0
DA:708,0
DA:709,0
DA:710,0
DA:712,0
DA:713,0
DA:717,0
DA:719,0
DA:720,0
DA:721,0
DA:722,0
DA:723,0
DA:728,0
DA:731,0
DA:732,0
DA:735,0
DA:738,0
DA:742,0
DA:743,0
DA:751,0
DA:752,0
DA:767,0
DA:770,0
DA:772,0
DA:774,0
DA:777,0
DA:783,0
DA:794,0
DA:796,0
DA:797,0
DA:800,0
DA:801,0
DA:804,0
DA:807,0
DA:820,0
DA:823,0
DA:824,0
DA:826,0
DA:843,0
DA:854,0
DA:865,0
DA:874,0
DA:877,0
DA:880,0
DA:881,0
DA:882,0
DA:884,0
DA:886,0
DA:891,0
DA:893,0
DA:894,0
DA:895,0
DA:896,0
DA:897,0
DA:898,0
DA:903,0
DA:904,0
DA:905,0
DA:907,0
DA:910,0
DA:912,0
DA:913,0
DA:914,0
DA:915,0
DA:916,0
DA:917,0
DA:919,0
DA:920,0
DA:926,0
DA:927,0
DA:928,0
DA:929,0
DA:930,0
DA:931,0
DA:936,0
DA:937,0
DA:938,0
DA:940,0
DA:943,0
DA:945,0
DA:961,0
DA:967,0
DA:979,0
DA:981,0
DA:982,0
DA:985,0
DA:986,0
DA:989,0
DA:991,0
DA:1002,0
DA:1004,0
DA:1005,0
DA:1008,0
DA:1009,0
DA:1019,0
DA:1022,0
DA:1025,0
DA:1027,0
DA:1028,0
DA:1030,0
DA:1039,0
DA:1040,0
DA:1043,0
DA:1060,0
DA:1063,0
DA:1064,0
DA:1066,0
DA:1078,0
DA:1080,0
DA:1081,0
DA:1083,0
DA:1093,0
DA:1094,0
DA:1095,0
DA:1096,0
DA:1098,0
DA:1100,0
DA:1109,0
DA:1110,0
DA:1112,0
DA:1115,0
DA:1134,0
DA:1137,0
DA:1138,0
DA:1140,0
DA:1142,0
DA:1144,0
DA:1145,0
DA:1147,0
DA:1153,0
DA:1155,0
DA:1156,0
DA:1157,0
DA:1161,0
DA:1162,0
DA:1165,0
DA:1166,0
DA:1168,0
DA:1169,0
DA:1170,0
DA:1173,0
DA:1174,0
DA:1178,0
DA:1179,0
DA:1180,0
DA:1181,0
DA:1182,0
DA:1183,0
DA:1186,0
DA:1187,0
DA:1191,0
DA:1195,0
DA:1196,0
DA:1197,0
DA:1198,0
DA:1199,0
DA:1202,0
DA:1203,0
DA:1207,0
DA:1208,0
DA:1209,0
DA:1210,0
DA:1214,0
DA:1215,0
DA:1220,0
DA:1221,0
DA:1229,0
DA:1231,0
DA:1234,0
DA:1242,0
DA:1243,0
DA:1247,0
DA:1268,0
DA:1269,0
DA:1273,0
DA:1296,0
DA:1297,0
DA:1302,0
DA:1306,0
DA:1308,0
DA:1309,0
DA:1318,1
DA:1321,0
DA:1322,0
DA:1323,0
DA:1324,0
DA:1327,0
DA:1331,1
DA:1332,1
DA:1335,3
DA:1336,3
DA:1337,1
DA:1338,0
DA:1340,1
DA:1345,0
DA:1346,0
LF:449
LH:26
BRDA:36,0,0,1
BRDA:40,1,0,0
BRDA:40,1,1,0
BRDA:41,2,0,0
BRDA:104,3,0,0
BRDA:104,3,1,0
BRDA:105,4,0,0
BRDA:105,4,1,0
BRDA:116,5,0,0
BRDA:141,6,0,0
BRDA:141,6,1,0
BRDA:166,7,0,0
BRDA:176,8,0,0
BRDA:218,9,0,0
BRDA:221,10,0,0
BRDA:221,10,1,0
BRDA:226,11,0,0
BRDA:256,12,0,0
BRDA:256,12,1,0
BRDA:256,12,2,0
BRDA:256,12,3,0
BRDA:256,12,4,0
BRDA:289,13,0,0
BRDA:301,14,0,0
BRDA:301,14,1,0
BRDA:303,15,0,0
BRDA:303,15,1,0
BRDA:316,16,0,0
BRDA:316,16,1,0
BRDA:317,17,0,0
BRDA:317,17,1,0
BRDA:319,18,0,0
BRDA:319,18,1,0
BRDA:319,18,2,0
BRDA:319,18,3,0
BRDA:319,18,4,0
BRDA:368,19,0,0
BRDA:370,20,0,0
BRDA:372,21,0,0
BRDA:384,22,0,0
BRDA:397,23,0,0
BRDA:398,24,0,0
BRDA:398,24,1,0
BRDA:407,25,0,0
BRDA:407,26,0,0
BRDA:407,26,1,0
BRDA:407,26,2,0
BRDA:409,27,0,0
BRDA:409,27,1,0
BRDA:411,28,0,0
BRDA:411,28,1,0
BRDA:411,28,2,0
BRDA:415,29,0,0
BRDA:421,30,0,0
BRDA:421,31,0,0
BRDA:421,31,1,0
BRDA:425,32,0,0
BRDA:425,33,0,0
BRDA:425,33,1,0
BRDA:440,34,0,0
BRDA:442,35,0,0
BRDA:492,36,0,0
BRDA:504,37,0,0
BRDA:504,37,1,0
BRDA:507,38,0,0
BRDA:516,39,0,0
BRDA:541,40,0,0
BRDA:541,40,1,0
BRDA:545,41,0,0
BRDA:545,41,1,0
BRDA:545,42,0,0
BRDA:545,42,1,0
BRDA:611,43,0,0
BRDA:612,44,0,0
BRDA:619,45,0,0
BRDA:623,46,0,0
BRDA:623,46,1,0
BRDA:628,47,0,0
BRDA:628,47,1,0
BRDA:647,48,0,0
BRDA:673,49,0,0
BRDA:685,50,0,0
BRDA:685,50,1,0
BRDA:687,51,0,0
BRDA:687,51,1,0
BRDA:708,52,0,0
BRDA:720,53,0,0
BRDA:720,53,1,0
BRDA:722,54,0,0
BRDA:722,54,1,0
BRDA:728,55,0,0
BRDA:728,55,1,0
BRDA:743,56,0,0
BRDA:743,56,1,0
BRDA:766,57,0,0
BRDA:772,58,0,0
BRDA:800,59,0,0
BRDA:842,60,0,0
BRDA:886,61,0,0
BRDA:886,61,1,0
BRDA:886,62,0,0
BRDA:886,62,1,0
BRDA:886,62,2,0
BRDA:886,62,3,0
BRDA:891,63,0,0
BRDA:891,64,0,0
BRDA:891,64,1,0
BRDA:894,65,0,0
BRDA:894,66,0,0
BRDA:894,66,1,0
BRDA:905,67,0,0
BRDA:910,68,0,0
BRDA:910,69,0,0
BRDA:910,69,1,0
BRDA:910,69,2,0
BRDA:910,69,3,0
BRDA:910,69,4,0
BRDA:913,70,0,0
BRDA:913,71,0,0
BRDA:913,71,1,0
BRDA:926,72,0,0
BRDA:926,73,0,0
BRDA:926,73,1,0
BRDA:928,74,0,0
BRDA:928,75,0,0
BRDA:928,75,1,0
BRDA:936,76,0,0
BRDA:937,77,0,0
BRDA:960,78,0,0
BRDA:985,79,0,0
BRDA:1095,80,0,0
BRDA:1095,81,0,0
BRDA:1095,81,1,0
BRDA:1112,82,0,0
BRDA:1112,82,1,0
BRDA:1137,83,0,0
BRDA:1137,83,1,0
BRDA:1138,84,0,0
BRDA:1138,84,1,0
BRDA:1142,85,0,0
BRDA:1144,86,0,0
BRDA:1144,87,0,0
BRDA:1144,87,1,0
BRDA:1153,88,0,0
BRDA:1165,89,0,0
BRDA:1166,90,0,0
BRDA:1179,91,0,0
BRDA:1180,92,0,0
BRDA:1195,93,0,0
BRDA:1196,94,0,0
BRDA:1207,95,0,0
BRDA:1308,96,0,0
BRDA:1308,96,1,0
BRDA:1323,97,0,0
BRDA:1323,98,0,0
BRDA:1323,98,1,0
BRF:156
BRH:1
end_of_record
TN:
SF:src\platforms\ios.ts
FN:56,(anonymous_0)
FN:72,(anonymous_1)
FN:75,(anonymous_2)
FN:76,(anonymous_3)
FN:78,(anonymous_4)
FN:83,(anonymous_5)
FN:89,(anonymous_6)
FN:93,(anonymous_7)
FN:97,(anonymous_8)
FN:111,(anonymous_9)
FN:136,(anonymous_10)
FN:140,(anonymous_11)
FN:146,(anonymous_12)
FN:156,(anonymous_13)
FN:168,(anonymous_14)
FN:176,(anonymous_15)
FN:184,(anonymous_16)
FN:190,(anonymous_17)
FN:199,(anonymous_18)
FN:206,(anonymous_19)
FN:213,(anonymous_20)
FN:218,(anonymous_21)
FN:233,(anonymous_22)
FN:241,(anonymous_23)
FN:249,(anonymous_24)
FN:262,(anonymous_25)
FN:289,(anonymous_26)
FN:293,(anonymous_27)
FN:307,(anonymous_28)
FN:318,(anonymous_29)
FN:327,(anonymous_30)
FN:328,(anonymous_31)
FN:341,(anonymous_32)
FN:370,(anonymous_33)
FN:378,(anonymous_34)
FN:402,(anonymous_35)
FN:422,(anonymous_36)
FN:457,(anonymous_37)
FN:481,(anonymous_38)
FN:499,(anonymous_39)
FN:526,(anonymous_40)
FN:548,(anonymous_41)
FN:569,(anonymous_42)
FN:587,(anonymous_43)
FN:604,(anonymous_44)
FN:625,(anonymous_45)
FN:638,(anonymous_46)
FN:647,(anonymous_47)
FN:657,(anonymous_48)
FN:667,(anonymous_49)
FN:673,(anonymous_50)
FN:681,(anonymous_51)
FNF:52
FNH:4
FNDA:1,(anonymous_0)
FNDA:1,(anonymous_1)
FNDA:0,(anonymous_2)
FNDA:0,(anonymous_3)
FNDA:0,(anonymous_4)
FNDA:0,(anonymous_5)
FNDA:0,(anonymous_6)
FNDA:0,(anonymous_7)
FNDA:0,(anonymous_8)
FNDA:0,(anonymous_9)
FNDA:0,(anonymous_10)
FNDA:0,(anonymous_11)
FNDA:0,(anonymous_12)
FNDA:0,(anonymous_13)
FNDA:0,(anonymous_14)
FNDA:0,(anonymous_15)
FNDA:0,(anonymous_16)
FNDA:0,(anonymous_17)
FNDA:0,(anonymous_18)
FNDA:0,(anonymous_19)
FNDA:0,(anonymous_20)
FNDA:0,(anonymous_21)
FNDA:0,(anonymous_22)
FNDA:0,(anonymous_23)
FNDA:0,(anonymous_24)
FNDA:0,(anonymous_25)
FNDA:0,(anonymous_26)
FNDA:0,(anonymous_27)
FNDA:0,(anonymous_28)
FNDA:0,(anonymous_29)
FNDA:0,(anonymous_30)
FNDA:0,(anonymous_31)
FNDA:0,(anonymous_32)
FNDA:0,(anonymous_33)
FNDA:0,(anonymous_34)
FNDA:0,(anonymous_35)
FNDA:0,(anonymous_36)
FNDA:0,(anonymous_37)
FNDA:0,(anonymous_38)
FNDA:0,(anonymous_39)
FNDA:0,(anonymous_40)
FNDA:0,(anonymous_41)
FNDA:0,(anonymous_42)
FNDA:0,(anonymous_43)
FNDA:0,(anonymous_44)
FNDA:0,(anonymous_45)
FNDA:0,(anonymous_46)
FNDA:0,(anonymous_47)
FNDA:1,(anonymous_48)
FNDA:0,(anonymous_49)
FNDA:1,(anonymous_50)
FNDA:0,(anonymous_51)
DA:1,1
DA:2,1
DA:4,1
DA:5,1
DA:6,1
DA:7,1
DA:9,1
DA:10,1
DA:26,1
DA:56,1
DA:57,1
DA:58,0
DA:62,1
DA:65,1
DA:67,1
DA:68,1
DA:69,1
DA:70,1
DA:72,1
DA:76,0
DA:77,0
DA:78,0
DA:79,0
DA:80,0
DA:83,0
DA:84,0
DA:90,0
DA:94,0
DA:98,0
DA:99,0
DA:100,0
DA:113,0
DA:114,0
DA:118,0
DA:120,0
DA:121,0
DA:124,0
DA:126,0
DA:127,0
DA:131,0
DA:132,0
DA:133,0
DA:137,0
DA:141,0
DA:142,0
DA:143,0
DA:147,0
DA:148,0
DA:149,0
DA:158,0
DA:159,0
DA:163,0
DA:164,0
DA:165,0
DA:169,0
DA:170,0
DA:173,0
DA:177,0
DA:178,0
DA:181,0
DA:185,0
DA:187,0
DA:188,0
DA:191,0
DA:192,0
DA:201,0
DA:202,0
DA:203,0
DA:208,0
DA:209,0
DA:210,0
DA:214,0
DA:215,0
DA:219,0
DA:222,0
DA:227,0
DA:230,0
DA:234,0
DA:235,0
DA:238,0
DA:242,0
DA:243,0
DA:246,0
DA:250,0
DA:251,0
DA:254,0
DA:264,0
DA:265,0
DA:266,0
DA:268,0
DA:273,0
DA:274,0
DA:277,0
DA:282,0
DA:290,0
DA:294,0
DA:295,0
DA:308,0
DA:309,0
DA:312,0
DA:315,0
DA:319,0
DA:320,0
DA:328,0
DA:329,0
DA:342,0
DA:343,0
DA:347,0
DA:348,0
DA:351,0
DA:371,0
DA:374,0
DA:375,0
DA:378,0
DA:379,0
DA:384,0
DA:386,0
DA:387,0
DA:388,0
DA:389,0
DA:394,0
DA:395,0
DA:396,0
DA:399,0
DA:402,0
DA:406,0
DA:424,0
DA:425,0
DA:429,0
DA:430,0
DA:433,0
DA:434,0
DA:436,0
DA:441,0
DA:464,0
DA:484,0
DA:506,0
DA:533,0
DA:549,0
DA:551,0
DA:556,0
DA:559,0
DA:560,0
DA:570,0
DA:572,0
DA:580,0
DA:588,0
DA:611,0
DA:626,0
DA:639,0
DA:648,0
DA:649,0
DA:650,0
DA:655,1
DA:658,1
DA:659,1
DA:660,0
DA:661,0
DA:663,1
DA:668,0
DA:669,0
DA:670,0
DA:674,1
DA:675,1
DA:676,1
DA:679,0
DA:680,0
DA:681,0
DA:686,0
LF:169
LH:25
BRDA:57,0,0,0
BRDA:98,1,0,0
BRDA:99,2,0,0
BRDA:113,3,0,0
BRDA:113,4,0,0
BRDA:113,4,1,0
BRDA:120,5,0,0
BRDA:126,6,0,0
BRDA:158,7,0,0
BRDA:218,8,0,0
BRDA:222,9,0,0
BRDA:264,10,0,0
BRDA:266,11,0,0
BRDA:370,12,0,0
BRDA:379,13,0,0
BRDA:379,13,1,0
BRDA:379,13,2,0
BRDA:379,14,0,0
BRDA:379,14,1,0
BRDA:380,15,0,0
BRDA:380,15,1,0
BRDA:381,16,0,0
BRDA:381,16,1,0
BRDA:384,17,0,0
BRDA:429,18,0,0
BRDA:429,18,1,0
BRDA:433,19,0,0
BRDA:433,19,1,0
BRDA:433,20,0,0
BRDA:433,20,1,0
BRDA:457,21,0,0
BRDA:499,22,0,0
BRDA:508,23,0,0
BRDA:508,23,1,0
BRDA:526,24,0,0
BRDA:648,25,0,0
BRDA:661,26,0,0
BRDA:661,26,1,0
BRDA:661,26,2,0
BRDA:674,27,0,1
BRF:40
BRH:1
end_of_record
TN:
SF:src\platforms\iphone-simulator.ts
FN:69,(anonymous_0)
FN:71,(anonymous_1)
FN:73,(anonymous_2)
FN:76,(anonymous_3)
FN:99,(anonymous_4)
FN:111,(anonymous_5)
FN:133,(anonymous_6)
FN:140,(anonymous_7)
FN:146,(anonymous_8)
FN:152,(anonymous_9)
FN:158,(anonymous_10)
FN:164,(anonymous_11)
FN:171,(anonymous_12)
FN:181,(anonymous_13)
FN:193,(anonymous_14)
FN:208,(anonymous_15)
FN:216,(anonymous_16)
FN:224,(anonymous_17)
FN:232,(anonymous_18)
FN:240,(anonymous_19)
FN:253,(anonymous_20)
FN:280,(anonymous_21)
FN:284,(anonymous_22)
FN:295,(anonymous_23)
FN:304,(anonymous_24)
FN:305,(anonymous_25)
FN:314,(anonymous_26)
FN:335,(anonymous_27)
FN:341,(anonymous_28)
FN:359,(anonymous_29)
FN:369,(anonymous_30)
FN:390,(anonymous_31)
FN:407,(anonymous_32)
FN:424,(anonymous_33)
FN:432,(anonymous_34)
FN:442,(anonymous_35)
FN:452,(anonymous_36)
FN:453,(anonymous_37)
FN:467,(anonymous_38)
FN:469,(anonymous_39)
FN:472,(anonymous_40)
FNF:41
FNH:0
FNDA:0,(anonymous_0)
FNDA:0,(anonymous_1)
FNDA:0,(anonymous_2)
FNDA:0,(anonymous_3)
FNDA:0,(anonymous_4)
FNDA:0,(anonymous_5)
FNDA:0,(anonymous_6)
FNDA:0,(anonymous_7)
FNDA:0,(anonymous_8)
FNDA:0,(anonymous_9)
FNDA:0,(anonymous_10)
FNDA:0,(anonymous_11)
FNDA:0,(anonymous_12)
FNDA:0,(anonymous_13)
FNDA:0,(anonymous_14)
FNDA:0,(anonymous_15)
FNDA:0,(anonymous_16)
FNDA:0,(anonymous_17)
FNDA:0,(anonymous_18)
FNDA:0,(anonymous_19)
FNDA:0,(anonymous_20)
FNDA:0,(anonymous_21)
FNDA:0,(anonymous_22)
FNDA:0,(anonymous_23)
FNDA:0,(anonymous_24)
FNDA:0,(anonymous_25)
FNDA:0,(anonymous_26)
FNDA:0,(anonymous_27)
FNDA:0,(anonymous_28)
FNDA:0,(anonymous_29)
FNDA:0,(anonymous_30)
FNDA:0,(anonymous_31)
FNDA:0,(anonymous_32)
FNDA:0,(anonymous_33)
FNDA:0,(anonymous_34)
FNDA:0,(anonymous_35)
FNDA:0,(anonymous_36)
FNDA:0,(anonymous_37)
FNDA:0,(anonymous_38)
FNDA:0,(anonymous_39)
FNDA:0,(anonymous_40)
DA:1,0
DA:3,0
DA:4,0
DA:5,0
DA:6,0
DA:7,0
DA:8,0
DA:39,0
DA:55,0
DA:62,0
DA:64,0
DA:65,0
DA:66,0
DA:67,0
DA:69,0
DA:72,0
DA:73,0
DA:77,0
DA:79,0
DA:82,0
DA:83,0
DA:84,0
DA:87,0
DA:90,0
DA:91,0
DA:93,0
DA:94,0
DA:95,0
DA:99,0
DA:102,0
DA:113,0
DA:114,0
DA:118,0
DA:120,0
DA:121,0
DA:122,0
DA:123,0
DA:128,0
DA:129,0
DA:130,0
DA:134,0
DA:141,0
DA:142,0
DA:147,0
DA:148,0
DA:154,0
DA:155,0
DA:160,0
DA:161,0
DA:165,0
DA:166,0
DA:170,0
DA:171,0
DA:183,0
DA:184,0
DA:188,0
DA:189,0
DA:190,0
DA:194,0
DA:197,0
DA:202,0
DA:205,0
DA:209,0
DA:210,0
DA:213,0
DA:217,0
DA:218,0
DA:221,0
DA:225,0
DA:226,0
DA:229,0
DA:233,0
DA:234,0
DA:237,0
DA:241,0
DA:242,0
DA:245,0
DA:255,0
DA:256,0
DA:257,0
DA:259,0
DA:264,0
DA:265,0
DA:268,0
DA:273,0
DA:281,0
DA:285,0
DA:286,0
DA:289,0
DA:292,0
DA:296,0
DA:297,0
DA:305,0
DA:306,0
DA:315,0
DA:316,0
DA:319,0
DA:321,0
DA:322,0
DA:336,0
DA:338,0
DA:339,0
DA:341,0
DA:342,0
DA:347,0
DA:348,0
DA:349,0
DA:350,0
DA:351,0
DA:354,0
DA:355,0
DA:356,0
DA:358,0
DA:359,0
DA:362,0
DA:370,0
DA:371,0
DA:374,0
DA:375,0
DA:377,0
DA:378,0
DA:380,0
DA:384,0
DA:391,0
DA:392,0
DA:397,0
DA:399,0
DA:400,0
DA:408,0
DA:409,0
DA:417,0
DA:425,0
DA:433,0
DA:434,0
DA:435,0
DA:440,0
DA:444,0
DA:446,0
DA:449,0
DA:450,0
DA:451,0
DA:452,0
DA:453,0
DA:454,0
DA:462,0
DA:463,0
DA:468,0
DA:469,0
DA:473,0
LF:149
LH:0
BRDA:77,0,0,0
BRDA:93,1,0,0
BRDA:113,2,0,0
BRDA:113,3,0,0
BRDA:113,3,1,0
BRDA:120,4,0,0
BRDA:122,5,0,0
BRDA:183,6,0,0
BRDA:193,7,0,0
BRDA:197,8,0,0
BRDA:255,9,0,0
BRDA:257,10,0,0
BRDA:335,11,0,0
BRDA:342,12,0,0
BRDA:342,12,1,0
BRDA:342,12,2,0
BRDA:342,13,0,0
BRDA:342,13,1,0
BRDA:343,14,0,0
BRDA:343,14,1,0
BRDA:344,15,0,0
BRDA:344,15,1,0
BRDA:347,16,0,0
BRDA:374,17,0,0
BRDA:374,17,1,0
BRDA:377,18,0,0
BRDA:377,18,1,0
BRDA:377,19,0,0
BRDA:377,19,1,0
BRDA:433,20,0,0
BRDA:444,21,0,0
BRF:31
BRH:0
end_of_record
TN:
SF:src\platforms\webdriver-agent.ts
FN:32,(anonymous_0)
FN:47,(anonymous_1)
FN:59,(anonymous_2)
FN:75,(anonymous_3)
FN:79,(anonymous_4)
FN:91,(anonymous_5)
FN:103,(anonymous_6)
FN:135,(anonymous_7)
FN:161,(anonymous_8)
FN:187,(anonymous_9)
FN:191,(anonymous_10)
FN:225,(anonymous_11)
FN:232,(anonymous_12)
FN:237,(anonymous_13)
FN:248,(anonymous_14)
FN:255,(anonymous_15)
FN:324,(anonymous_16)
FN:384,(anonymous_17)
FN:396,(anonymous_18)
FNF:19
FNH:0
FNDA:0,(anonymous_0)
FNDA:0,(anonymous_1)
FNDA:0,(anonymous_2)
FNDA:0,(anonymous_3)
FNDA:0,(anonymous_4)
FNDA:0,(anonymous_5)
FNDA:0,(anonymous_6)
FNDA:0,(anonymous_7)
FNDA:0,(anonymous_8)
FNDA:0,(anonymous_9)
FNDA:0,(anonymous_10)
FNDA:0,(anonymous_11)
FNDA:0,(anonymous_12)
FNDA:0,(anonymous_13)
FNDA:0,(anonymous_14)
FNDA:0,(anonymous_15)
FNDA:0,(anonymous_16)
FNDA:0,(anonymous_17)
FNDA:0,(anonymous_18)
DA:1,1
DA:2,1
DA:3,1
DA:27,1
DA:32,0
DA:33,0
DA:37,0
DA:48,0
DA:53,0
DA:60,0
DA:61,0
DA:62,0
DA:63,0
DA:64,0
DA:67,0
DA:76,0
DA:80,0
DA:81,0
DA:82,0
DA:83,0
DA:84,0
DA:92,0
DA:93,0
DA:94,0
DA:104,0
DA:110,0
DA:111,0
DA:112,0
DA:116,0
DA:117,0
DA:120,0
DA:121,0
DA:122,0
DA:132,0
DA:136,0
DA:137,0
DA:138,0
DA:162,0
DA:163,0
DA:164,0
DA:188,0
DA:192,0
DA:194,0
DA:196,0
DA:197,0
DA:198,0
DA:199,0
DA:216,0
DA:217,0
DA:218,0
DA:222,0
DA:226,0
DA:227,0
DA:228,0
DA:229,0
DA:233,0
DA:234,0
DA:238,0
DA:239,0
DA:249,0
DA:250,0
DA:251,0
DA:252,0
DA:256,0
DA:257,0
DA:260,0
DA:261,0
DA:262,0
DA:263,0
DA:265,0
DA:267,0
DA:268,0
DA:269,0
DA:270,0
DA:272,0
DA:273,0
DA:274,0
DA:275,0
DA:277,0
DA:278,0
DA:279,0
DA:280,0
DA:282,0
DA:283,0
DA:284,0
DA:285,0
DA:287,0
DA:290,0
DA:291,0
DA:313,0
DA:314,0
DA:315,0
DA:319,0
DA:325,0
DA:327,0
DA:328,0
DA:329,0
DA:330,0
DA:333,0
DA:335,0
DA:336,0
DA:338,0
DA:339,0
DA:341,0
DA:342,0
DA:344,0
DA:345,0
DA:347,0
DA:350,0
DA:351,0
DA:373,0
DA:374,0
DA:375,0
DA:379,0
DA:385,0
DA:386,0
DA:387,0
DA:397,0
DA:398,0
DA:399,0
DA:400,0
DA:401,0
LF:122
LH:4
BRDA:50,0,0,0
BRDA:50,0,1,0
BRDA:64,1,0,0
BRDA:64,1,1,0
BRDA:87,2,0,0
BRDA:87,2,1,0
BRDA:110,3,0,0
BRDA:116,4,0,0
BRDA:188,5,0,0
BRDA:188,5,1,0
BRDA:196,6,0,0
BRDA:197,7,0,0
BRDA:197,8,0,0
BRDA:197,8,1,0
BRDA:198,9,0,0
BRDA:198,10,0,0
BRDA:198,10,1,0
BRDA:198,10,2,0
BRDA:216,11,0,0
BRDA:265,12,0,0
BRDA:265,12,1,0
BRDA:265,12,2,0
BRDA:265,12,3,0
BRDA:265,12,4,0
BRDA:313,13,0,0
BRDA:324,14,0,0
BRDA:333,15,0,0
BRDA:333,15,1,0
BRDA:333,15,2,0
BRDA:333,15,3,0
BRDA:333,15,4,0
BRDA:373,16,0,0
BRF:32
BRH:0
end_of_record
TN:
SF:src\platforms\common\wait-conditions.ts
FN:62,elementMatches
FN:97,findElement
FN:98,(anonymous_2)
FN:104,getNextPollInterval
FN:112,sleep
FN:113,(anonymous_5)
FN:120,waitForCondition
FNF:7
FNH:0
FNDA:0,elementMatches
FNDA:0,findElement
FNDA:0,(anonymous_2)
FNDA:0,getNextPollInterval
FNDA:0,sleep
FNDA:0,(anonymous_5)
FNDA:0,waitForCondition
DA:7,1
DA:53,1
DA:62,1
DA:64,0
DA:65,0
DA:66,0
DA:71,0
DA:72,0
DA:73,0
DA:78,0
DA:79,0
DA:80,0
DA:85,0
DA:86,0
DA:87,0
DA:91,0
DA:97,1
DA:98,0
DA:104,1
DA:105,0
DA:106,0
DA:112,1
DA:113,0
DA:120,1
DA:124,0
DA:125,0
DA:128,0
DA:129,0
DA:130,0
DA:131,0
DA:138,0
DA:139,0
DA:146,0
DA:149,0
DA:150,0
DA:151,0
DA:152,0
DA:154,0
DA:156,0
DA:157,0
DA:163,0
DA:166,0
DA:167,0
DA:172,0
DA:175,0
DA:177,0
DA:183,0
DA:190,0
DA:191,0
DA:195,0
LF:50
LH:7
BRDA:64,0,0,0
BRDA:65,1,0,0
BRDA:71,2,0,0
BRDA:72,3,0,0
BRDA:78,4,0,0
BRDA:79,5,0,0
BRDA:85,6,0,0
BRDA:86,7,0,0
BRDA:104,8,0,0
BRDA:124,9,0,0
BRDA:124,9,1,0
BRDA:128,10,0,0
BRDA:129,11,0,0
BRDA:129,11,1,0
BRDA:138,12,0,0
BRDA:146,13,0,0
BRDA:146,13,1,0
BRDA:154,14,0,0
BRDA:154,14,1,0
BRDA:154,14,2,0
BRDA:156,15,0,0
BRDA:166,16,0,0
BRDA:175,17,0,0
BRDA:175,18,0,0
BRDA:175,18,1,0
BRF:25
BRH:0
end_of_record
TN:
SF:src\reporting\bug-report-generator.ts
FN:66,(anonymous_1)
FN:78,(anonymous_2)
FN:87,(anonymous_3)
FN:169,(anonymous_4)
FN:198,(anonymous_5)
FN:232,(anonymous_6)
FN:255,(anonymous_7)
FN:292,(anonymous_8)
FN:299,(anonymous_9)
FN:316,(anonymous_10)
FNF:10
FNH:0
FNDA:0,(anonymous_1)
FNDA:0,(anonymous_2)
FNDA:0,(anonymous_3)
FNDA:0,(anonymous_4)
FNDA:0,(anonymous_5)
FNDA:0,(anonymous_6)
FNDA:0,(anonymous_7)
FNDA:0,(anonymous_8)
FNDA:0,(anonymous_9)
FNDA:0,(anonymous_10)
DA:16,0
DA:17,0
DA:63,0
DA:67,0
DA:70,0
DA:71,0
DA:79,0
DA:80,0
DA:81,0
DA:105,0
DA:108,0
DA:128,0
DA:129,0
DA:130,0
DA:132,0
DA:133,0
DA:134,0
DA:136,0
DA:141,0
DA:142,0
DA:143,0
DA:144,0
DA:146,0
DA:151,0
DA:152,0
DA:154,0
DA:155,0
DA:156,0
DA:159,0
DA:163,0
DA:170,0
DA:173,0
DA:179,0
DA:182,0
DA:183,0
DA:184,0
DA:185,0
DA:187,0
DA:190,0
DA:193,0
DA:194,0
DA:197,0
DA:198,0
DA:199,0
DA:201,0
DA:204,0
DA:205,0
DA:206,0
DA:207,0
DA:208,0
DA:210,0
DA:211,0
DA:213,0
DA:214,0
DA:216,0
DA:217,0
DA:218,0
DA:220,0
DA:223,0
DA:224,0
DA:225,0
DA:229,0
DA:230,0
DA:231,0
DA:232,0
DA:233,0
DA:235,0
DA:236,0
DA:238,0
DA:242,0
DA:243,0
DA:244,0
DA:245,0
DA:246,0
DA:247,0
DA:249,0
DA:253,0
DA:254,0
DA:255,0
DA:256,0
DA:257,0
DA:258,0
DA:261,0
DA:262,0
DA:264,0
DA:268,0
DA:269,0
DA:270,0
DA:271,0
DA:272,0
DA:274,0
DA:275,0
DA:277,0
DA:278,0
DA:280,0
DA:283,0
DA:284,0
DA:286,0
DA:293,0
DA:300,0
DA:301,0
DA:302,0
DA:304,0
DA:308,0
DA:310,0
DA:324,0
LF:106
LH:0
BRDA:66,0,0,0
BRDA:70,1,0,0
BRDA:128,2,0,0
BRDA:141,3,0,0
BRDA:151,4,0,0
BRDA:154,5,0,0
BRDA:154,6,0,0
BRDA:154,6,1,0
BRDA:184,7,0,0
BRDA:207,8,0,0
BRDA:210,9,0,0
BRDA:213,10,0,0
BRDA:217,11,0,0
BRDA:223,12,0,0
BRDA:229,13,0,0
BRDA:229,14,0,0
BRDA:229,14,1,0
BRDA:235,15,0,0
BRDA:242,16,0,0
BRDA:242,17,0,0
BRDA:242,17,1,0
BRDA:246,18,0,0
BRDA:253,19,0,0
BRDA:253,20,0,0
BRDA:253,20,1,0
BRDA:257,21,0,0
BRDA:261,22,0,0
BRDA:268,23,0,0
BRDA:271,24,0,0
BRDA:274,25,0,0
BRDA:277,26,0,0
BRDA:299,27,0,0
BRDA:300,28,0,0
BRDA:300,28,1,0
BRDA:304,29,0,0
BRDA:304,29,1,0
BRF:36
BRH:0
end_of_record
TN:
SF:src\reporting\ci-cd-reporter.ts
FN:43,(anonymous_1)
FN:56,(anonymous_2)
FN:117,(anonymous_3)
FN:132,(anonymous_4)
FN:160,(anonymous_5)
FN:180,(anonymous_6)
FN:199,(anonymous_7)
FN:236,(anonymous_8)
FN:255,(anonymous_9)
FN:276,(anonymous_10)
FN:277,(anonymous_11)
FN:278,(anonymous_12)
FN:279,(anonymous_13)
FN:280,(anonymous_14)
FN:281,(anonymous_15)
FN:298,(anonymous_16)
FN:310,(anonymous_17)
FNF:17
FNH:0
FNDA:0,(anonymous_1)
FNDA:0,(anonymous_2)
FNDA:0,(anonymous_3)
FNDA:0,(anonymous_4)
FNDA:0,(anonymous_5)
FNDA:0,(anonymous_6)
FNDA:0,(anonymous_7)
FNDA:0,(anonymous_8)
FNDA:0,(anonymous_9)
FNDA:0,(anonymous_10)
FNDA:0,(anonymous_11)
FNDA:0,(anonymous_12)
FNDA:0,(anonymous_13)
FNDA:0,(anonymous_14)
FNDA:0,(anonymous_15)
FNDA:0,(anonymous_16)
FNDA:0,(anonymous_17)
DA:13,0
DA:14,0
DA:40,0
DA:44,0
DA:47,0
DA:48,0
DA:57,0
DA:58,0
DA:60,0
DA:61,0
DA:62,0
DA:63,0
DA:64,0
DA:65,0
DA:66,0
DA:67,0
DA:69,0
DA:70,0
DA:71,0
DA:72,0
DA:74,0
DA:76,0
DA:77,0
DA:79,0
DA:81,0
DA:82,0
DA:83,0
DA:84,0
DA:85,0
DA:87,0
DA:88,0
DA:89,0
DA:90,0
DA:91,0
DA:92,0
DA:94,0
DA:95,0
DA:96,0
DA:99,0
DA:103,0
DA:106,0
DA:107,0
DA:108,0
DA:110,0
DA:118,0
DA:121,0
DA:122,0
DA:123,0
DA:125,0
DA:133,0
DA:136,0
DA:137,0
DA:138,0
DA:139,0
DA:140,0
DA:141,0
DA:142,0
DA:143,0
DA:146,0
DA:147,0
DA:149,0
DA:150,0
DA:151,0
DA:152,0
DA:153,0
DA:154,0
DA:156,0
DA:160,0
DA:161,0
DA:162,0
DA:163,0
DA:164,0
DA:165,0
DA:166,0
DA:167,0
DA:169,0
DA:170,0
DA:171,0
DA:172,0
DA:178,0
DA:179,0
DA:180,0
DA:181,0
DA:182,0
DA:184,0
DA:188,0
DA:189,0
DA:190,0
DA:192,0
DA:200,0
DA:201,0
DA:203,0
DA:204,0
DA:205,0
DA:207,0
DA:208,0
DA:209,0
DA:210,0
DA:212,0
DA:213,0
DA:214,0
DA:215,0
DA:216,0
DA:217,0
DA:219,0
DA:225,0
DA:226,0
DA:227,0
DA:229,0
DA:237,0
DA:239,0
DA:240,0
DA:242,0
DA:244,0
DA:245,0
DA:246,0
DA:247,0
DA:248,0
DA:249,0
DA:250,0
DA:251,0
DA:252,0
DA:255,0
DA:256,0
DA:257,0
DA:258,0
DA:259,0
DA:262,0
DA:266,0
DA:267,0
DA:268,0
DA:270,0
DA:277,0
DA:278,0
DA:279,0
DA:280,0
DA:281,0
DA:283,0
DA:299,0
DA:319,0
LF:140
LH:0
BRDA:43,0,0,0
BRDA:47,1,0,0
BRDA:71,2,0,0
BRDA:76,3,0,0
BRDA:76,3,1,0
BRDA:81,4,0,0
BRDA:81,4,1,0
BRDA:82,5,0,0
BRDA:82,5,1,0
BRDA:83,6,0,0
BRDA:83,6,1,0
BRDA:84,7,0,0
BRDA:88,8,0,0
BRDA:88,8,1,0
BRDA:89,9,0,0
BRDA:89,9,1,0
BRDA:90,10,0,0
BRDA:90,10,1,0
BRDA:91,11,0,0
BRDA:95,12,0,0
BRDA:149,13,0,0
BRDA:149,13,1,0
BRDA:151,14,0,0
BRDA:151,14,1,0
BRDA:153,15,0,0
BRDA:153,15,1,0
BRDA:160,16,0,0
BRDA:160,16,1,0
BRDA:161,17,0,0
BRDA:164,18,0,0
BRDA:164,18,1,0
BRDA:166,19,0,0
BRDA:169,20,0,0
BRDA:178,21,0,0
BRDA:207,22,0,0
BRDA:207,22,1,0
BRDA:209,23,0,0
BRDA:209,23,1,0
BRDA:213,24,0,0
BRDA:216,25,0,0
BRDA:240,26,0,0
BRDA:240,26,1,0
BRDA:240,27,0,0
BRDA:240,27,1,0
BRDA:255,28,0,0
BRDA:255,28,1,0
BRDA:256,29,0,0
BRDA:256,29,1,0
BRDA:259,30,0,0
BRDA:259,30,1,0
BRF:50
BRH:0
end_of_record
TN:
SF:src\security\credential-manager.ts
FN:50,(anonymous_0)
FN:57,(anonymous_1)
FN:73,(anonymous_2)
FN:97,(anonymous_3)
FN:113,(anonymous_4)
FN:127,(anonymous_5)
FN:146,(anonymous_6)
FN:159,(anonymous_7)
FN:175,(anonymous_8)
FN:198,(anonymous_9)
FN:219,(anonymous_10)
FN:242,(anonymous_11)
FN:251,(anonymous_12)
FN:275,(anonymous_13)
FN:308,(anonymous_14)
FN:310,(anonymous_15)
FN:317,getCredentialManager
FN:330,maskSensitiveData
FN:334,(anonymous_18)
FN:338,(anonymous_19)
FN:362,createSafeErrorMessage
FNF:21
FNH:0
FNDA:0,(anonymous_0)
FNDA:0,(anonymous_1)
FNDA:0,(anonymous_2)
FNDA:0,(anonymous_3)
FNDA:0,(anonymous_4)
FNDA:0,(anonymous_5)
FNDA:0,(anonymous_6)
FNDA:0,(anonymous_7)
FNDA:0,(anonymous_8)
FNDA:0,(anonymous_9)
FNDA:0,(anonymous_10)
FNDA:0,(anonymous_11)
FNDA:0,(anonymous_12)
FNDA:0,(anonymous_13)
FNDA:0,(anonymous_14)
FNDA:0,(anonymous_15)
FNDA:0,getCredentialManager
FNDA:0,maskSensitiveData
FNDA:0,(anonymous_18)
FNDA:0,(anonymous_19)
FNDA:0,createSafeErrorMessage
DA:46,0
DA:47,0
DA:48,0
DA:51,0
DA:58,0
DA:59,0
DA:61,0
DA:75,0
DA:76,0
DA:79,0
DA:80,0
DA:83,0
DA:84,0
DA:87,0
DA:88,0
DA:90,0
DA:91,0
DA:98,0
DA:100,0
DA:101,0
DA:104,0
DA:114,0
DA:128,0
DA:130,0
DA:131,0
DA:137,0
DA:147,0
DA:160,0
DA:161,0
DA:167,0
DA:177,0
DA:178,0
DA:179,0
DA:184,0
DA:186,0
DA:199,0
DA:200,0
DA:203,0
DA:204,0
DA:205,0
DA:207,0
DA:221,0
DA:222,0
DA:226,0
DA:229,0
DA:230,0
DA:236,0
DA:242,0
DA:252,0
DA:263,0
DA:276,0
DA:278,0
DA:281,0
DA:285,0
DA:289,0
DA:292,0
DA:295,0
DA:298,0
DA:309,0
DA:310,0
DA:317,0
DA:318,0
DA:330,0
DA:331,0
DA:334,0
DA:335,0
DA:338,0
DA:339,0
DA:343,0
DA:346,0
DA:349,0
DA:350,0
DA:351,0
DA:353,0
DA:362,0
DA:363,0
DA:364,0
DA:366,0
DA:374,0
LF:79
LH:0
BRDA:58,0,0,0
BRDA:101,1,0,0
BRDA:101,1,1,0
BRDA:130,2,0,0
BRDA:160,3,0,0
BRDA:178,4,0,0
BRDA:199,5,0,0
BRDA:199,6,0,0
BRDA:199,6,1,0
BRDA:221,7,0,0
BRDA:221,8,0,0
BRDA:221,8,1,0
BRDA:229,9,0,0
BRDA:263,10,0,0
BRDA:263,10,1,0
BRDA:276,11,0,0
BRDA:276,11,1,0
BRDA:276,11,2,0
BRDA:276,11,3,0
BRDA:276,11,4,0
BRDA:276,11,5,0
BRDA:276,11,6,0
BRDA:276,11,7,0
BRDA:276,11,8,0
BRF:24
BRH:0
end_of_record
TN:
SF:src\security\input-sanitizer.ts
FN:28,sanitizeDescription
FN:61,sanitizeFilePath
FN:117,sanitizeDeviceId
FN:152,sanitizePackageName
FN:192,sanitizeCommandArg
FN:231,sanitizeUrl
FN:279,sanitizeInteger
FN:312,sanitizeCoordinates
FN:334,sanitizeTimeout
FN:351,sanitizeText
FNF:10
FNH:0
FNDA:0,sanitizeDescription
FNDA:0,sanitizeFilePath
FNDA:0,sanitizeDeviceId
FNDA:0,sanitizePackageName
FNDA:0,sanitizeCommandArg
FNDA:0,sanitizeUrl
FNDA:0,sanitizeInteger
FNDA:0,sanitizeCoordinates
FNDA:0,sanitizeTimeout
FNDA:0,sanitizeText
DA:28,1
DA:29,0
DA:30,0
DA:34,0
DA:37,0
DA:40,0
DA:43,0
DA:44,0
DA:45,0
DA:48,0
DA:61,1
DA:62,0
DA:63,0
DA:67,0
DA:70,0
DA:73,0
DA:76,0
DA:83,0
DA:84,0
DA:85,0
DA:91,0
DA:92,0
DA:96,0
DA:97,0
DA:101,0
DA:102,0
DA:105,0
DA:117,1
DA:118,0
DA:119,0
DA:123,0
DA:124,0
DA:125,0
DA:129,0
DA:131,0
DA:132,0
DA:136,0
DA:137,0
DA:140,0
DA:152,1
DA:153,0
DA:154,0
DA:158,0
DA:159,0
DA:160,0
DA:164,0
DA:166,0
DA:167,0
DA:171,0
DA:172,0
DA:176,0
DA:177,0
DA:180,0
DA:192,1
DA:193,0
DA:194,0
DA:198,0
DA:201,0
DA:205,0
DA:210,0
DA:211,0
DA:215,0
DA:216,0
DA:219,0
DA:231,1
DA:232,0
DA:233,0
DA:237,0
DA:238,0
DA:239,0
DA:243,0
DA:244,0
DA:246,0
DA:250,0
DA:251,0
DA:252,0
DA:257,0
DA:261,0
DA:262,0
DA:265,0
DA:279,1
DA:281,0
DA:284,0
DA:285,0
DA:289,0
DA:290,0
DA:294,0
DA:295,0
DA:298,0
DA:312,1
DA:318,0
DA:319,0
DA:321,0
DA:334,1
DA:339,0
DA:351,1
DA:352,0
DA:353,0
DA:357,0
DA:360,0
DA:363,0
DA:364,0
DA:365,0
DA:368,0
LF:104
LH:10
BRDA:29,0,0,0
BRDA:43,1,0,0
BRDA:62,2,0,0
BRDA:84,3,0,0
BRDA:91,4,0,0
BRDA:96,5,0,0
BRDA:101,6,0,0
BRDA:118,7,0,0
BRDA:131,8,0,0
BRDA:136,9,0,0
BRDA:136,10,0,0
BRDA:136,10,1,0
BRDA:153,11,0,0
BRDA:166,12,0,0
BRDA:171,13,0,0
BRDA:176,14,0,0
BRDA:176,15,0,0
BRDA:176,15,1,0
BRDA:193,16,0,0
BRDA:215,17,0,0
BRDA:232,18,0,0
BRDA:251,19,0,0
BRDA:257,20,0,0
BRDA:257,20,1,0
BRDA:257,20,2,0
BRDA:261,21,0,0
BRDA:261,22,0,0
BRDA:261,22,1,0
BRDA:284,23,0,0
BRDA:284,24,0,0
BRDA:284,24,1,0
BRDA:289,25,0,0
BRDA:294,26,0,0
BRDA:294,27,0,0
BRDA:294,27,1,0
BRDA:315,28,0,0
BRDA:316,29,0,0
BRDA:336,30,0,0
BRDA:337,31,0,0
BRDA:351,32,0,0
BRDA:352,33,0,0
BRDA:363,34,0,0
BRF:42
BRH:0
end_of_record
TN:
SF:src\server\tools\ai-tools.ts
FN:24,(anonymous_0)
FN:36,(anonymous_1)
FN:85,(anonymous_2)
FN:143,(anonymous_3)
FN:170,(anonymous_4)
FN:202,(anonymous_5)
FN:244,(anonymous_6)
FN:272,(anonymous_7)
FN:301,(anonymous_8)
FN:344,(anonymous_9)
FN:368,(anonymous_10)
FN:413,(anonymous_11)
FNF:12
FNH:0
FNDA:0,(anonymous_0)
FNDA:0,(anonymous_1)
FNDA:0,(anonymous_2)
FNDA:0,(anonymous_3)
FNDA:0,(anonymous_4)
FNDA:0,(anonymous_5)
FNDA:0,(anonymous_6)
FNDA:0,(anonymous_7)
FNDA:0,(anonymous_8)
FNDA:0,(anonymous_9)
FNDA:0,(anonymous_10)
FNDA:0,(anonymous_11)
DA:14,0
DA:16,0
DA:17,0
DA:18,0
DA:19,0
DA:24,0
DA:25,0
DA:27,0
DA:37,0
DA:40,0
DA:42,0
DA:43,0
DA:47,0
DA:53,0
DA:54,0
DA:58,0
DA:72,0
DA:76,0
DA:86,0
DA:89,0
DA:90,0
DA:96,0
DA:98,0
DA:99,0
DA:103,0
DA:109,0
DA:110,0
DA:114,0
DA:115,0
DA:118,0
DA:121,0
DA:130,0
DA:132,0
DA:136,0
DA:144,0
DA:146,0
DA:149,0
DA:157,0
DA:161,0
DA:171,0
DA:173,0
DA:176,0
DA:184,0
DA:185,0
DA:187,0
DA:192,0
DA:203,0
DA:206,0
DA:208,0
DA:209,0
DA:212,0
DA:214,0
DA:215,0
DA:219,0
DA:222,0
DA:230,0
DA:234,0
DA:245,0
DA:248,0
DA:250,0
DA:251,0
DA:255,0
DA:262,0
DA:263,0
DA:267,0
DA:272,0
DA:273,0
DA:274,0
DA:276,0
DA:277,0
DA:278,0
DA:279,0
DA:280,0
DA:283,0
DA:291,0
DA:302,0
DA:305,0
DA:308,0
DA:312,0
DA:313,0
DA:314,0
DA:319,0
DA:320,0
DA:327,0
DA:336,0
DA:344,0
DA:345,0
DA:350,0
DA:351,0
DA:354,0
DA:358,0
DA:369,0
DA:372,0
DA:375,0
DA:379,0
DA:380,0
DA:381,0
DA:385,0
DA:386,0
DA:392,0
DA:395,0
DA:403,0
DA:404,0
DA:408,0
DA:413,0
DA:414,0
DA:419,0
DA:420,0
DA:422,0
LF:109
LH:0
BRDA:42,0,0,0
BRDA:50,1,0,0
BRDA:50,1,1,0
BRDA:53,2,0,0
BRDA:64,3,0,0
BRDA:64,3,1,0
BRDA:65,4,0,0
BRDA:65,4,1,0
BRDA:98,5,0,0
BRDA:106,6,0,0
BRDA:106,6,1,0
BRDA:109,7,0,0
BRDA:173,8,0,0
BRDA:173,8,1,0
BRDA:181,9,0,0
BRDA:181,9,1,0
BRDA:184,10,0,0
BRDA:184,10,1,0
BRDA:187,11,0,0
BRDA:187,11,1,0
BRDA:208,12,0,0
BRDA:214,13,0,0
BRDA:250,14,0,0
BRDA:258,15,0,0
BRDA:258,15,1,0
BRDA:259,16,0,0
BRDA:259,16,1,0
BRDA:262,17,0,0
[...]
DA:163,0
DA:167,0
DA:171,0
DA:175,0
DA:178,0
DA:188,0
DA:189,0
DA:191,0
DA:192,0
DA:195,0
DA:203,0
DA:208,0
DA:213,0
DA:218,0
DA:226,0
DA:227,0
DA:228,0
DA:229,0
DA:230,0
DA:231,0
DA:233,0
DA:249,0
DA:250,0
DA:254,0
DA:256,0
DA:257,0
DA:259,0
DA:260,0
DA:262,0
DA:263,0
DA:266,0
DA:267,0
DA:268,0
DA:270,0
DA:272,0
DA:288,0
DA:289,0
DA:290,0
DA:291,0
DA:293,0
DA:294,0
DA:295,0
DA:298,0
DA:301,0
DA:302,0
DA:303,0
DA:304,0
DA:305,0
DA:309,0
DA:310,0
DA:314,0
DA:323,0
DA:324,0
DA:326,0
DA:327,0
DA:330,0
DA:331,0
DA:333,0
DA:340,0
DA:341,0
DA:342,0
DA:349,0
DA:350,0
DA:351,0
DA:360,0
DA:366,0
DA:367,0
DA:368,0
DA:369,0
DA:371,0
DA:372,0
DA:375,0
DA:376,0
DA:377,0
DA:380,0
DA:389,0
DA:390,0
DA:391,0
DA:393,0
DA:400,0
DA:407,0
DA:414,0
DA:421,0
LF:114
LH:0
BRDA:53,0,0,0
BRDA:87,1,0,0
BRDA:87,1,1,0
BRDA:95,2,0,0
BRDA:95,2,1,0
BRDA:103,3,0,0
BRDA:103,3,1,0
BRDA:136,4,0,0
BRDA:139,5,0,0
BRDA:156,6,0,0
BRDA:156,6,1,0
BRDA:156,6,2,0
BRDA:156,6,3,0
BRDA:156,6,4,0
BRDA:156,6,5,0
BRDA:188,7,0,0
BRDA:191,8,0,0
BRDA:231,9,0,0
BRDA:231,9,1,0
BRDA:249,10,0,0
BRDA:254,11,0,0
BRDA:254,11,1,0
BRDA:254,11,2,0
BRDA:287,12,0,0
BRDA:287,13,0,0
BRDA:294,14,0,0
BRDA:304,15,0,0
BRDA:323,16,0,0
BRDA:326,17,0,0
BRDA:339,18,0,0
BRDA:348,19,0,0
BRDA:359,20,0,0
BRF:32
BRH:0
end_of_record
TN:
SF:src\testing\test-flakiness-detector.ts
FN:77,(anonymous_1)
FN:85,(anonymous_2)
FN:94,(anonymous_3)
FN:118,(anonymous_4)
FN:128,(anonymous_5)
FN:146,(anonymous_6)
FN:167,(anonymous_7)
FN:240,(anonymous_8)
FN:258,(anonymous_9)
FN:272,(anonymous_10)
FN:283,(anonymous_11)
FN:286,(anonymous_12)
FN:310,(anonymous_13)
FN:316,(anonymous_14)
FN:322,(anonymous_15)
FN:323,(anonymous_16)
FN:324,(anonymous_17)
FN:333,(anonymous_18)
FN:359,(anonymous_19)
FN:384,(anonymous_20)
FN:397,(anonymous_21)
FN:428,(anonymous_22)
FN:436,(anonymous_23)
FN:445,(anonymous_24)
FN:447,(anonymous_25)
FNF:25
FNH:0
FNDA:0,(anonymous_1)
FNDA:0,(anonymous_2)
FNDA:0,(anonymous_3)
FNDA:0,(anonymous_4)
FNDA:0,(anonymous_5)
FNDA:0,(anonymous_6)
FNDA:0,(anonymous_7)
FNDA:0,(anonymous_8)
FNDA:0,(anonymous_9)
FNDA:0,(anonymous_10)
FNDA:0,(anonymous_11)
FNDA:0,(anonymous_12)
FNDA:0,(anonymous_13)
FNDA:0,(anonymous_14)
FNDA:0,(anonymous_15)
FNDA:0,(anonymous_16)
FNDA:0,(anonymous_17)
FNDA:0,(anonymous_18)
FNDA:0,(anonymous_19)
FNDA:0,(anonymous_20)
FNDA:0,(anonymous_21)
FNDA:0,(anonymous_22)
FNDA:0,(anonymous_23)
FNDA:0,(anonymous_24)
FNDA:0,(anonymous_25)
DA:16,0
DA:17,0
DA:72,0
DA:75,0
DA:78,0
DA:79,0
DA:86,0
DA:87,0
DA:88,0
DA:89,0
DA:92,0
DA:93,0
DA:94,0
DA:95,0
DA:99,0
DA:105,0
DA:109,0
DA:119,0
DA:121,0
DA:122,0
DA:123,0
DA:127,0
DA:128,0
DA:129,0
DA:132,0
DA:137,0
DA:139,0
DA:147,0
DA:150,0
DA:153,0
DA:154,0
DA:157,0
DA:158,0
DA:161,0
DA:168,0
DA:169,0
DA:170,0
DA:174,0
DA:175,0
DA:176,0
DA:177,0
DA:178,0
DA:179,0
DA:180,0
DA:183,0
DA:185,0
DA:186,0
DA:188,0
DA:189,0
DA:190,0
DA:192,0
DA:193,0
DA:194,0
DA:195,0
DA:197,0
DA:198,0
DA:200,0
DA:201,0
DA:203,0
DA:204,0
DA:207,0
DA:208,0
DA:209,0
DA:212,0
DA:213,0
DA:214,0
DA:216,0
DA:241,0
DA:242,0
DA:245,0
DA:248,0
DA:249,0
DA:250,0
DA:251,0
DA:254,0
DA:255,0
DA:258,0
DA:259,0
DA:261,0
DA:263,0
DA:264,0
DA:265,0
DA:267,0
DA:271,0
DA:272,0
DA:273,0
DA:274,0
DA:277,0
DA:284,0
DA:286,0
DA:287,0
DA:288,0
DA:289,0
DA:292,0
DA:293,0
DA:294,0
DA:296,0
DA:310,0
DA:317,0
DA:318,0
DA:322,0
DA:323,0
DA:324,0
DA:325,0
DA:327,0
DA:328,0
DA:332,0
DA:333,0
DA:335,0
DA:336,0
DA:340,0
DA:341,0
DA:342,0
DA:343,0
DA:344,0
DA:348,0
DA:349,0
DA:353,0
DA:360,0
DA:362,0
DA:365,0
DA:368,0
DA:371,0
DA:372,0
DA:374,0
DA:377,0
DA:391,0
DA:392,0
DA:393,0
DA:394,0
DA:395,0
DA:397,0
DA:398,0
DA:399,0
DA:400,0
DA:403,0
DA:404,0
DA:405,0
DA:407,0
DA:408,0
DA:411,0
DA:412,0
DA:416,0
DA:429,0
DA:430,0
DA:437,0
DA:438,0
DA:439,0
DA:446,0
DA:447,0
DA:448,0
DA:451,0
LF:152
LH:0
BRDA:77,0,0,0
BRDA:87,1,0,0
BRDA:93,2,0,0
BRDA:101,3,0,0
BRDA:101,3,1,0
BRDA:122,4,0,0
BRDA:147,5,0,0
BRDA:147,5,1,0
BRDA:153,6,0,0
BRDA:169,7,0,0
BRDA:169,8,0,0
BRDA:169,8,1,0
BRDA:186,9,0,0
BRDA:186,9,1,0
BRDA:186,9,2,0
BRDA:186,9,3,0
BRDA:194,10,0,0
BRDA:227,11,0,0
BRDA:227,11,1,0
BRDA:241,12,0,0
BRDA:250,13,0,0
BRDA:261,14,0,0
BRDA:261,14,1,0
BRDA:261,15,0,0
BRDA:261,15,1,0
BRDA:265,16,0,0
BRDA:273,17,0,0
BRDA:273,18,0,0
BRDA:273,18,1,0
BRDA:283,19,0,0
BRDA:288,20,0,0
BRDA:292,21,0,0
BRDA:317,22,0,0
BRDA:327,23,0,0
BRDA:335,24,0,0
BRDA:342,25,0,0
BRDA:348,26,0,0
BRDA:360,27,0,0
BRDA:360,27,1,0
BRDA:360,27,2,0
BRDA:360,27,3,0
BRDA:360,27,4,0
BRDA:371,28,0,0
BRDA:399,29,0,0
BRDA:407,30,0,0
BRDA:411,31,0,0
BRDA:411,32,0,0
BRDA:411,32,1,0
BRDA:419,33,0,0
BRDA:419,33,1,0
BRDA:420,34,0,0
BRDA:420,34,1,0
BRF:52
BRH:0
end_of_record
TN:
SF:src\testing\test-recorder.ts
FN:42,(anonymous_0)
FN:52,(anonymous_1)
FN:60,(anonymous_2)
FN:67,(anonymous_3)
FN:74,(anonymous_4)
FN:83,(anonymous_5)
FN:97,(anonymous_6)
FN:108,(anonymous_7)
FN:125,(anonymous_8)
FN:136,(anonymous_9)
FN:147,(anonymous_10)
FN:158,(anonymous_11)
FN:169,(anonymous_12)
FN:181,(anonymous_13)
FN:190,(anonymous_14)
FN:204,(anonymous_15)
FNF:16
FNH:0
FNDA:0,(anonymous_0)
FNDA:0,(anonymous_1)
FNDA:0,(anonymous_2)
FNDA:0,(anonymous_3)
FNDA:0,(anonymous_4)
FNDA:0,(anonymous_5)
FNDA:0,(anonymous_6)
FNDA:0,(anonymous_7)
FNDA:0,(anonymous_8)
FNDA:0,(anonymous_9)
FNDA:0,(anonymous_10)
FNDA:0,(anonymous_11)
FNDA:0,(anonymous_12)
FNDA:0,(anonymous_13)
FNDA:0,(anonymous_14)
FNDA:0,(anonymous_15)
DA:34,0
DA:35,0
DA:36,0
DA:37,0
DA:43,0
DA:44,0
DA:45,0
DA:53,0
DA:54,0
DA:61,0
DA:68,0
DA:75,0
DA:76,0
DA:84,0
DA:85,0
DA:88,0
DA:98,0
DA:115,0
DA:126,0
DA:137,0
DA:148,0
DA:159,0
DA:170,0
DA:182,0
DA:183,0
DA:186,0
DA:190,0
DA:191,0
DA:192,0
DA:195,0
DA:202,0
DA:203,0
DA:204,0
DA:205,0
DA:209,0
LF:35
LH:0
BRDA:84,0,0,0
BRDA:101,1,0,0
BRDA:101,1,1,0
BRDA:118,2,0,0
BRDA:118,2,1,0
BRDA:129,3,0,0
BRDA:129,3,1,0
BRDA:174,4,0,0
BRDA:174,4,1,0
BRDA:182,5,0,0
BRDA:182,6,0,0
BRDA:182,6,1,0
BRDA:186,7,0,0
BRDA:186,7,1,0
BRDA:188,8,0,0
BRDA:188,8,1,0
BRDA:191,9,0,0
BRDA:191,9,1,0
BRDA:196,10,0,0
BRDA:196,10,1,0
BRDA:202,11,0,0
BRF:21
BRH:0
end_of_record
TN:
SF:src\transport\connection-pool.ts
FN:59,(anonymous_0)
FN:84,(anonymous_1)
FN:86,(anonymous_2)
FN:119,(anonymous_3)
FN:120,(anonymous_4)
FN:134,(anonymous_5)
FN:141,(anonymous_6)
FN:152,(anonymous_7)
FN:175,(anonymous_8)
FN:176,(anonymous_9)
FN:177,(anonymous_10)
FN:179,(anonymous_11)
FN:190,(anonymous_12)
FN:200,(anonymous_13)
FN:201,(anonymous_14)
FN:211,(anonymous_15)
FN:215,(anonymous_16)
FN:241,(anonymous_17)
FN:247,(anonymous_18)
FN:267,(anonymous_19)
FN:288,createConnectionPool
FNF:21
FNH:0
FNDA:0,(anonymous_0)
FNDA:0,(anonymous_1)
FNDA:0,(anonymous_2)
FNDA:0,(anonymous_3)
FNDA:0,(anonymous_4)
FNDA:0,(anonymous_5)
FNDA:0,(anonymous_6)
FNDA:0,(anonymous_7)
FNDA:0,(anonymous_8)
FNDA:0,(anonymous_9)
FNDA:0,(anonymous_10)
FNDA:0,(anonymous_11)
FNDA:0,(anonymous_12)
FNDA:0,(anonymous_13)
FNDA:0,(anonymous_14)
FNDA:0,(anonymous_15)
FNDA:0,(anonymous_16)
FNDA:0,(anonymous_17)
FNDA:0,(anonymous_18)
FNDA:0,(anonymous_19)
FNDA:0,createConnectionPool
DA:23,0
DA:53,0
DA:54,0
DA:56,0
DA:63,0
DA:64,0
DA:72,0
DA:86,0
DA:87,0
DA:91,0
DA:92,0
DA:93,0
DA:94,0
DA:98,0
DA:99,0
DA:100,0
DA:101,0
DA:105,0
DA:106,0
DA:108,0
DA:109,0
DA:120,0
DA:122,0
DA:123,0
DA:124,0
DA:125,0
DA:127,0
DA:136,0
DA:137,0
DA:141,0
DA:142,0
DA:143,0
DA:146,0
DA:153,0
DA:154,0
DA:156,0
DA:157,0
DA:159,0
DA:162,0
DA:176,0
DA:177,0
DA:179,0
DA:180,0
DA:183,0
DA:184,0
DA:185,0
DA:190,0
DA:191,0
DA:192,0
DA:201,0
DA:202,0
DA:212,0
DA:213,0
DA:215,0
DA:217,0
DA:218,0
DA:222,0
DA:223,0
DA:224,0
DA:225,0
DA:226,0
DA:229,0
DA:232,0
DA:233,0
DA:234,0
DA:247,0
DA:248,0
DA:250,0
DA:251,0
DA:254,0
DA:269,0
DA:270,0
DA:271,0
DA:275,0
DA:276,0
DA:277,0
DA:280,0
DA:281,0
DA:288,0
DA:292,0
LF:80
LH:0
BRDA:61,0,0,0
BRDA:65,1,0,0
BRDA:65,1,1,0
BRDA:66,2,0,0
BRDA:66,2,1,0
BRDA:67,3,0,0
BRDA:67,3,1,0
BRDA:68,4,0,0
BRDA:68,4,1,0
BRDA:87,5,0,0
BRDA:87,5,1,0
BRDA:91,6,0,0
BRDA:91,7,0,0
BRDA:91,7,1,0
BRDA:98,8,0,0
BRDA:122,9,0,0
BRDA:122,9,1,0
BRDA:136,10,0,0
BRDA:142,11,0,0
BRDA:180,12,0,0
BRDA:180,12,1,0
BRDA:183,13,0,0
BRDA:217,14,0,0
BRDA:223,15,0,0
BRDA:233,16,0,0
BRDA:251,17,0,0
BRDA:251,17,1,0
BRDA:269,18,0,0
BRF:28
BRH:0
end_of_record
TN:
SF:src\transport\websocket-transport.ts
FN:82,(anonymous_1)
FN:97,(anonymous_2)
FN:108,(anonymous_3)
FN:113,(anonymous_4)
FN:121,(anonymous_5)
FN:126,(anonymous_6)
FN:135,(anonymous_7)
FN:159,(anonymous_8)
FN:173,(anonymous_9)
FN:175,(anonymous_10)
FN:201,(anonymous_11)
FN:232,(anonymous_12)
FN:251,(anonymous_13)
FN:262,(anonymous_14)
FN:276,(anonymous_15)
FN:283,(anonymous_16)
FN:305,(anonymous_17)
FN:321,createWebSocketTransport
FNF:18
FNH:17
FNDA:24,(anonymous_1)
FNDA:27,(anonymous_2)
FNDA:26,(anonymous_3)
FNDA:23,(anonymous_4)
FNDA:78,(anonymous_5)
FNDA:1,(anonymous_6)
FNDA:24,(anonymous_7)
FNDA:82,(anonymous_8)
FNDA:82,(anonymous_9)
FNDA:4,(anonymous_10)
FNDA:78,(anonymous_11)
FNDA:43,(anonymous_12)
FNDA:2,(anonymous_13)
FNDA:2,(anonymous_14)
FNDA:8,(anonymous_15)
FNDA:6,(anonymous_16)
FNDA:19,(anonymous_17)
FNDA:0,createWebSocketTransport
DA:23,1
DA:73,1
DA:74,24
DA:75,24
DA:76,24
DA:78,24
DA:79,24
DA:80,24
DA:83,24
DA:98,27
DA:99,0
DA:102,27
DA:103,1
DA:106,26
DA:108,26
DA:109,26
DA:110,26
DA:113,24
DA:114,23
DA:115,23
DA:116,23
DA:117,23
DA:121,24
DA:122,78
DA:126,24
DA:127,1
DA:128,1
DA:129,1
DA:130,1
DA:135,24
DA:136,24
DA:137,24
DA:138,24
DA:142,2
DA:143,2
DA:161,82
DA:162,1
DA:163,1
DA:165,0
DA:170,82
DA:171,82
DA:173,82
DA:175,82
DA:176,4
DA:177,4
DA:181,82
DA:189,82
DA:190,82
DA:192,82
DA:202,78
DA:203,78
DA:204,77
DA:206,77
DA:208,77
DA:209,77
DA:212,77
DA:213,1
DA:214,1
DA:216,76
DA:217,76
DA:220,0
DA:223,1
DA:234,43
DA:235,1
DA:236,1
DA:238,43
DA:241,43
DA:242,2
DA:252,2
DA:253,0
DA:254,0
DA:257,2
DA:258,2
DA:260,2
DA:262,2
DA:264,2
DA:265,2
DA:266,2
DA:268,0
DA:269,0
DA:277,8
DA:284,6
DA:286,2
DA:288,0
DA:290,2
DA:292,0
DA:294,0
DA:296,0
DA:306,19
DA:307,19
DA:309,19
DA:310,19
DA:311,19
DA:314,19
DA:321,1
DA:322,0
LF:96
LH:84
BRDA:85,0,0,24
BRDA:85,0,1,18
BRDA:86,1,0,24
BRDA:86,1,1,17
BRDA:87,2,0,24
BRDA:87,2,1,20
BRDA:88,3,0,24
BRDA:88,3,1,22
BRDA:98,4,0,0
BRDA:102,5,0,1
BRDA:102,6,0,27
BRDA:102,6,1,3
BRDA:129,7,0,1
BRDA:159,8,0,12
BRDA:161,9,0,1
BRDA:161,10,0,82
BRDA:161,10,1,82
BRDA:162,11,0,1
BRDA:162,11,1,0
BRDA:162,12,0,1
BRDA:162,12,1,1
BRDA:171,13,0,82
BRDA:171,13,1,80
BRDA:206,14,0,77
BRDA:206,14,1,0
BRDA:212,15,0,1
BRDA:212,15,1,76
BRDA:241,16,0,2
BRDA:241,17,0,43
BRDA:241,17,1,39
BRDA:252,18,0,0
BRDA:277,19,0,8
BRDA:277,19,1,5
BRDA:284,20,0,4
BRDA:286,21,0,0
BRDA:286,21,1,2
BRDA:286,21,2,0
BRDA:286,21,3,0
BRDA:286,21,4,0
BRDA:309,22,0,19
BRF:40
BRH:32
end_of_record
TN:
SF:src\utils\image-performance.ts
FN:30,configureSharpPerformance
FN:63,disableSharpCache
FN:75,getSharpCacheStats
FN:84,resetSharpCache
FNF:4
FNH:0
FNDA:0,configureSharpPerformance
FNDA:0,disableSharpCache
FNDA:0,getSharpCacheStats
FNDA:0,resetSharpCache
DA:12,0
DA:30,0
DA:31,0
DA:35,0
DA:45,0
DA:46,0
DA:49,0
DA:50,0
DA:63,0
DA:64,0
DA:65,0
DA:75,0
DA:76,0
DA:84,0
DA:86,0
DA:91,0
LF:16
LH:0
BRF:0
BRH:0
end_of_record
TN:
SF:src\utils\image-utils.ts
FN:15,(anonymous_1)
FN:17,(anonymous_2)
FN:22,(anonymous_3)
FN:28,(anonymous_4)
FN:33,(anonymous_5)
FN:50,(anonymous_6)
FN:66,(anonymous_7)
FN:104,(anonymous_8)
FN:118,(anonymous_9)
FN:120,(anonymous_10)
FN:124,(anonymous_11)
FN:128,(anonymous_12)
FN:133,(anonymous_13)
FN:137,(anonymous_14)
FN:150,(anonymous_15)
FN:155,(anonymous_16)
FN:162,(anonymous_17)
FNF:17
FNH:0
FNDA:0,(anonymous_1)
FNDA:0,(anonymous_2)
FNDA:0,(anonymous_3)
FNDA:0,(anonymous_4)
FNDA:0,(anonymous_5)
FNDA:0,(anonymous_6)
FNDA:0,(anonymous_7)
FNDA:0,(anonymous_8)
FNDA:0,(anonymous_9)
FNDA:0,(anonymous_10)
FNDA:0,(anonymous_11)
FNDA:0,(anonymous_12)
FNDA:0,(anonymous_13)
FNDA:0,(anonymous_14)
FNDA:0,(anonymous_15)
FNDA:0,(anonymous_16)
FNDA:0,(anonymous_17)
DA:1,0
DA:2,0
DA:3,0
DA:4,0
DA:5,0
DA:7,0
DA:9,0
DA:11,0
DA:12,0
DA:13,0
DA:15,0
DA:18,0
DA:19,0
DA:23,0
DA:24,0
DA:25,0
DA:29,0
DA:30,0
DA:34,0
DA:35,0
DA:36,0
DA:38,0
DA:42,0
DA:43,0
DA:45,0
DA:46,0
DA:51,0
DA:52,0
DA:55,0
DA:56,0
DA:59,0
DA:60,0
DA:63,0
DA:67,0
DA:68,0
DA:69,0
DA:71,0
DA:72,0
DA:74,0
DA:75,0
DA:76,0
DA:79,0
DA:80,0
DA:81,0
DA:83,0
DA:84,0
DA:88,0
DA:89,0
DA:92,0
DA:93,0
DA:94,0
DA:96,0
DA:97,0
DA:105,0
DA:106,0
DA:108,0
DA:113,0
DA:117,0
DA:118,0
DA:121,0
DA:125,0
DA:129,0
DA:133,0
DA:134,0
DA:137,0
DA:138,0
DA:139,0
DA:142,0
DA:143,0
DA:144,0
DA:146,0
DA:150,0
DA:151,0
DA:152,0
DA:155,0
DA:158,0
DA:162,0
DA:163,0
LF:78
LH:0
BRDA:34,0,0,0
BRDA:51,1,0,0
BRDA:55,2,0,0
BRDA:59,3,0,0
BRDA:69,4,0,0
BRDA:69,4,1,0
BRDA:74,5,0,0
BRDA:74,5,1,0
BRDA:75,6,0,0
BRDA:88,7,0,0
BRDA:138,8,0,0
BRDA:163,9,0,0
BRDA:163,9,1,0
BRF:13
BRH:0
end_of_record
TN:
SF:src\utils\png.ts
FN:7,(anonymous_0)
FN:10,(anonymous_1)
FNF:2
FNH:2
FNDA:2,(anonymous_0)
FNDA:3,(anonymous_1)
DA:6,1
DA:7,2
DA:11,3
DA:12,3
DA:13,1
DA:16,2
DA:17,2
DA:18,2
LF:8
LH:8
BRDA:12,0,0,1
BRF:1
BRH:1
end_of_record
TN:
SF:src\visual\ocr-engine.ts
FN:61,(anonymous_10)
FN:73,(anonymous_11)
FN:95,(anonymous_12)
FN:113,(anonymous_13)
FN:141,(anonymous_14)
FN:142,(anonymous_15)
FN:173,(anonymous_16)
FN:203,(anonymous_17)
FN:223,(anonymous_18)
FN:234,(anonymous_19)
FN:237,(anonymous_20)
FN:272,(anonymous_21)
FN:299,(anonymous_22)
FN:300,(anonymous_23)
FN:323,(anonymous_24)
FN:330,(anonymous_25)
FN:338,(anonymous_26)
FN:372,getOCREngine
FNF:18
FNH:4
FNDA:1,(anonymous_10)
FNDA:9,(anonymous_11)
FNDA:0,(anonymous_12)
FNDA:0,(anonymous_13)
FNDA:0,(anonymous_14)
FNDA:0,(anonymous_15)
FNDA:0,(anonymous_16)
FNDA:0,(anonymous_17)
FNDA:0,(anonymous_18)
FNDA:0,(anonymous_19)
FNDA:0,(anonymous_20)
FNDA:0,(anonymous_21)
FNDA:0,(anonymous_22)
FNDA:0,(anonymous_23)
FNDA:0,(anonymous_24)
FNDA:0,(anonymous_25)
FNDA:1,(anonymous_26)
FNDA:3,getOCREngine
DA:15,1
DA:16,1
DA:50,1
DA:51,1
DA:52,1
DA:53,1
DA:54,1
DA:62,1
DA:63,0
DA:66,1
DA:71,1
DA:75,9
DA:76,0
DA:77,0
DA:82,1
DA:96,0
DA:98,0
DA:121,0
DA:122,0
DA:125,0
DA:126,0
DA:128,0
DA:131,0
DA:136,0
DA:140,0
DA:141,0
DA:142,0
DA:153,0
DA:154,0
DA:156,0
DA:177,0
DA:178,0
DA:180,0
DA:183,0
DA:184,0
DA:187,0
DA:188,0
DA:189,0
DA:195,0
DA:200,0
DA:203,0
DA:224,0
DA:225,0
DA:228,0
DA:229,0
DA:232,0
DA:233,0
DA:234,0
DA:235,0
DA:238,0
DA:239,0
DA:240,0
DA:244,0
DA:245,0
DA:246,0
DA:248,0
DA:252,0
DA:253,0
DA:255,0
DA:280,0
DA:281,0
DA:284,0
DA:285,0
DA:287,0
DA:290,0
DA:295,0
DA:298,0
DA:299,0
DA:300,0
DA:310,0
DA:311,0
DA:313,0
DA:324,0
DA:331,0
DA:339,1
DA:341,0
DA:342,0
DA:343,0
DA:344,0
DA:345,0
DA:346,0
DA:347,1
DA:349,1
DA:350,1
DA:351,1
DA:352,1
DA:361,1
DA:372,1
DA:373,3
DA:374,1
DA:376,3
LF:91
LH:23
BRDA:62,0,0,0
BRDA:75,1,0,0
BRDA:76,2,0,0
BRDA:76,2,1,0
BRDA:121,3,0,0
BRDA:126,4,0,0
BRDA:126,5,0,0
BRDA:126,6,0,0
BRDA:126,6,1,0
BRDA:131,7,0,0
BRDA:131,7,1,0
BRDA:188,8,0,0
BRDA:188,9,0,0
BRDA:188,9,1,0
BRDA:223,10,0,0
BRDA:224,11,0,0
BRDA:238,12,0,0
BRDA:239,13,0,0
BRDA:239,13,1,0
BRDA:280,14,0,0
BRDA:285,15,0,0
BRDA:285,16,0,0
BRDA:285,17,0,0
BRDA:285,17,1,0
BRDA:290,18,0,0
BRDA:290,18,1,0
BRDA:339,19,0,0
BRDA:339,19,1,1
BRDA:339,20,0,1
BRDA:339,20,1,0
BRDA:347,21,0,1
BRDA:373,22,0,1
BRF:32
BRH:4
end_of_record
TN:
SF:src\visual\screenshot-annotator.ts
FN:121,(anonymous_1)
FN:133,(anonymous_2)
FN:140,(anonymous_3)
FN:147,(anonymous_4)
FN:171,(anonymous_5)
FN:192,(anonymous_6)
FN:213,(anonymous_7)
FN:235,(anonymous_8)
FN:257,(anonymous_9)
FN:280,(anonymous_10)
FN:301,(anonymous_11)
FN:323,(anonymous_12)
FN:354,(anonymous_13)
FN:368,(anonymous_14)
FN:387,(anonymous_15)
FN:411,(anonymous_16)
FN:420,(anonymous_17)
FN:443,(anonymous_18)
FN:468,(anonymous_19)
FN:475,(anonymous_20)
FN:485,(anonymous_21)
FN:492,(anonymous_22)
FN:504,(anonymous_23)
FN:517,(anonymous_24)
FN:524,(anonymous_25)
FNF:25
FNH:0
FNDA:0,(anonymous_1)
FNDA:0,(anonymous_2)
FNDA:0,(anonymous_3)
FNDA:0,(anonymous_4)
FNDA:0,(anonymous_5)
FNDA:0,(anonymous_6)
FNDA:0,(anonymous_7)
FNDA:0,(anonymous_8)
FNDA:0,(anonymous_9)
FNDA:0,(anonymous_10)
FNDA:0,(anonymous_11)
FNDA:0,(anonymous_12)
FNDA:0,(anonymous_13)
FNDA:0,(anonymous_14)
FNDA:0,(anonymous_15)
FNDA:0,(anonymous_16)
FNDA:0,(anonymous_17)
FNDA:0,(anonymous_18)
FNDA:0,(anonymous_19)
FNDA:0,(anonymous_20)
FNDA:0,(anonymous_21)
FNDA:0,(anonymous_22)
FNDA:0,(anonymous_23)
FNDA:0,(anonymous_24)
FNDA:0,(anonymous_25)
DA:15,0
DA:16,0
DA:17,0
DA:28,0
DA:116,0
DA:117,0
DA:118,0
DA:122,0
DA:125,0
DA:126,0
DA:134,0
DA:141,0
DA:155,0
DA:178,0
DA:199,0
DA:221,0
DA:243,0
DA:265,0
DA:287,0
DA:308,0
DA:311,0
DA:312,0
DA:324,0
DA:325,0
DA:329,0
DA:330,0
DA:331,0
DA:334,0
DA:337,0
DA:348,0
DA:355,0
DA:357,0
DA:358,0
DA:361,0
DA:362,0
DA:369,0
DA:371,0
DA:373,0
DA:375,0
DA:377,0
DA:379,0
DA:381,0
DA:383,0
DA:388,0
DA:389,0
DA:391,0
DA:396,0
DA:397,0
DA:408,0
DA:412,0
DA:413,0
DA:415,0
DA:421,0
DA:422,0
DA:425,0
DA:426,0
DA:428,0
DA:429,0
DA:431,0
DA:437,0
DA:440,0
DA:444,0
DA:447,0
DA:448,0
DA:449,0
DA:452,0
DA:454,0
DA:456,0
DA:458,0
DA:460,0
DA:469,0
DA:471,0
DA:476,0
DA:478,0
DA:486,0
DA:493,0
DA:505,0
DA:506,0
DA:507,0
DA:509,0
DA:511,0
DA:518,0
DA:525,0
LF:83
LH:0
BRDA:121,0,0,0
BRDA:125,1,0,0
BRDA:152,2,0,0
BRDA:153,3,0,0
BRDA:162,4,0,0
BRDA:162,4,1,0
BRDA:163,5,0,0
BRDA:163,5,1,0
BRDA:175,6,0,0
BRDA:176,7,0,0
BRDA:184,8,0,0
BRDA:184,8,1,0
BRDA:185,9,0,0
BRDA:185,9,1,0
BRDA:196,10,0,0
BRDA:197,11,0,0
BRDA:205,12,0,0
BRDA:205,12,1,0
BRDA:218,13,0,0
BRDA:219,14,0,0
BRDA:240,15,0,0
BRDA:241,16,0,0
BRDA:262,17,0,0
BRDA:263,18,0,0
BRDA:284,19,0,0
BRDA:304,20,0,0
BRDA:311,21,0,0
BRDA:324,22,0,0
BRDA:369,23,0,0
BRDA:369,23,1,0
BRDA:369,23,2,0
BRDA:369,23,3,0
BRDA:369,23,4,0
BRDA:369,23,5,0
BRDA:369,23,6,0
BRDA:389,24,0,0
BRDA:389,24,1,0
BRDA:392,25,0,0
BRDA:392,25,1,0
BRDA:396,26,0,0
BRDA:413,27,0,0
BRDA:413,27,1,0
BRDA:416,28,0,0
BRDA:416,28,1,0
BRDA:425,29,0,0
BRDA:428,30,0,0
BRDA:428,30,1,0
BRDA:431,31,0,0
BRDA:431,31,1,0
BRDA:432,32,0,0
BRDA:432,32,1,0
BRDA:437,33,0,0
BRDA:437,33,1,0
BRDA:462,34,0,0
BRDA:462,34,1,0
BRDA:472,35,0,0
BRDA:472,35,1,0
BRDA:479,36,0,0
BRDA:479,36,1,0
BRF:59
BRH:0
end_of_record
TN:
SF:src\visual\visual-testing.ts
FN:45,(anonymous_1)
FN:62,(anonymous_2)
FN:137,(anonymous_3)
FN:160,(anonymous_4)
FN:185,(anonymous_5)
FN:196,(anonymous_6)
FN:203,(anonymous_7)
FN:204,(anonymous_8)
FN:212,(anonymous_9)
FN:229,(anonymous_10)
FNF:10
FNH:0
FNDA:0,(anonymous_1)
FNDA:0,(anonymous_2)
FNDA:0,(anonymous_3)
FNDA:0,(anonymous_4)
FNDA:0,(anonymous_5)
FNDA:0,(anonymous_6)
FNDA:0,(anonymous_7)
FNDA:0,(anonymous_8)
FNDA:0,(anonymous_9)
FNDA:0,(anonymous_10)
DA:8,0
DA:9,0
DA:10,0
DA:11,0
DA:12,0
DA:42,0
DA:46,0
DA:49,0
DA:50,0
DA:67,0
DA:69,0
DA:70,0
DA:73,0
DA:74,0
DA:75,0
DA:76,0
DA:79,0
DA:87,0
DA:91,0
DA:98,0
DA:112,0
DA:113,0
DA:116,0
DA:118,0
DA:127,0
DA:138,0
DA:140,0
DA:141,0
DA:144,0
DA:146,0
DA:147,0
DA:150,0
DA:161,0
DA:163,0
DA:164,0
DA:167,0
DA:168,0
DA:172,0
DA:175,0
DA:186,0
DA:187,0
DA:188,0
DA:197,0
DA:198,0
DA:201,0
DA:202,0
DA:203,0
DA:204,0
DA:213,0
DA:214,0
DA:216,0
DA:217,0
DA:218,0
DA:230,0
DA:231,0
DA:233,0
DA:234,0
DA:236,0
LF:58
LH:0
BRDA:45,0,0,0
BRDA:49,1,0,0
BRDA:65,2,0,0
BRDA:73,3,0,0
BRDA:73,4,0,0
BRDA:73,4,1,0
BRDA:140,5,0,0
BRDA:140,5,1,0
BRDA:163,6,0,0
BRDA:163,6,1,0
BRDA:167,7,0,0
BRDA:186,8,0,0
BRDA:186,8,1,0
BRDA:197,9,0,0
BRDA:213,10,0,0
BRDA:213,10,1,0
BRDA:216,11,0,0
BRDA:230,12,0,0
BRDA:230,12,1,0
BRF:19
BRH:0
end_of_record
TN:
SF:src\visual\visual-touch-indicators.ts
FN:26,(anonymous_0)
FN:67,(anonymous_1)
FN:90,(anonymous_2)
FN:120,(anonymous_3)
FN:140,(anonymous_4)
FN:157,(anonymous_5)
FN:170,(anonymous_6)
FNF:7
FNH:0
FNDA:0,(anonymous_0)
FNDA:0,(anonymous_1)
FNDA:0,(anonymous_2)
FNDA:0,(anonymous_3)
FNDA:0,(anonymous_4)
FNDA:0,(anonymous_5)
FNDA:0,(anonymous_6)
DA:15,0
DA:22,0
DA:33,0
DA:35,0
DA:36,0
DA:43,0
DA:44,0
DA:50,0
DA:51,0
DA:52,0
DA:54,0
DA:55,0
DA:58,0
DA:60,0
DA:68,0
DA:70,0
DA:76,0
DA:81,0
DA:83,0
DA:91,0
DA:93,0
DA:99,0
DA:104,0
DA:110,0
DA:121,0
DA:123,0
DA:129,0
DA:132,0
DA:141,0
DA:142,0
DA:148,0
DA:150,0
DA:158,0
DA:160,0
DA:161,0
DA:163,0
DA:171,0
DA:172,0
DA:177,0
LF:39
LH:0
BRDA:28,0,0,0
BRDA:35,1,0,0
BRDA:43,2,0,0
BRDA:51,3,0,0
BRDA:54,4,0,0
BRDA:160,5,0,0
BRDA:160,5,1,0
BRDA:171,6,0,0
BRDA:171,6,1,0
BRF:9
BRH:0
end_of_record
